  ▲ Next.js 14.2.28
  - Local:        http://localhost:3000
  - Environments: .env
  - Experiments (use with caution):
    · outputFileTracingRoot

 ✓ Starting...
 ✓ Ready in 1907ms
 ○ Compiling / ...
 ✓ Compiled / in 3.2s (791 modules)
 GET / 200 in 3697ms
 ✓ Compiled in 480ms (280 modules)
 GET / 200 in 48ms
 ○ Compiling /login ...
 ✓ Compiled /api/auth/[...nextauth] in 921ms (895 modules)
 GET /api/auth/session 200 in 695ms
 GET /login?_rsc=1ebxd 200 in 32ms
 GET /api/auth/session 200 in 39ms
 GET / 200 in 76ms
 GET / 200 in 35ms
 GET / 200 in 36ms
 GET /api/auth/session 200 in 44ms
 GET /login?_rsc=1ebxd 200 in 28ms
 GET /api/auth/session 200 in 29ms
 GET / 200 in 48ms
 GET / 200 in 39ms
 GET / 200 in 41ms
 GET / 200 in 32ms
 GET / 200 in 33ms
 GET / 200 in 37ms
 GET / 200 in 36ms
 GET / 200 in 33ms
 GET / 200 in 41ms
 GET /api/auth/session 200 in 49ms
 GET /api/auth/session 200 in 38ms
 GET /login?_rsc=1ebxd 200 in 43ms
 GET / 200 in 37ms
 GET / 200 in 35ms
 GET / 200 in 33ms
 GET / 200 in 39ms
 GET / 200 in 36ms
 GET / 200 in 36ms
[?25h
