  ▲ Next.js 14.2.28
  - Local:        http://localhost:3000
  - Environments: .env
  - Experiments (use with caution):
    · outputFileTracingRoot

 ✓ Starting...
 ✓ Ready in 1478ms
 ○ Compiling / ...
 ✓ Compiled / in 1838ms (784 modules)
 GET / 200 in 2280ms
 ✓ Compiled in 425ms (280 modules)
 GET / 200 in 50ms
 ○ Compiling /api/auth/[...nextauth] ...
 ✓ Compiled /api/auth/[...nextauth] in 1132ms (926 modules)
 GET /dashboard?_rsc=3y0gy 200 in 27ms
 GET /api/auth/session 200 in 1612ms
 GET /api/auth/session 200 in 37ms
 ✓ Compiled /api/employees in 241ms (613 modules)
 ✓ Compiled (615 modules)
 GET /api/employees 200 in 609ms
 GET /api/leave-requests 200 in 620ms
 GET /api/leave-requests 200 in 28ms
 GET /api/employees 200 in 32ms
 ✓ Compiled in 151ms (615 modules)
 GET / 200 in 83ms
 GET / 200 in 39ms
 GET / 200 in 39ms
 GET / 200 in 37ms
 GET /api/auth/session 200 in 56ms
 GET /dashboard?_rsc=3y0gy 200 in 25ms
 GET /api/auth/session 200 in 28ms
 GET /api/leave-requests 200 in 144ms
 GET /api/employees 200 in 154ms
 GET /api/leave-requests 200 in 30ms
 GET /api/employees 200 in 33ms
 GET / 200 in 37ms
 GET / 200 in 31ms
 GET / 200 in 33ms
 GET / 200 in 30ms
 GET / 200 in 36ms
 GET / 200 in 34ms
 GET / 200 in 36ms
 GET / 200 in 32ms
 GET / 200 in 36ms
[?25h
