➤ YN0000: · Yarn 4.9.2
➤ YN0000: ┌ Resolution step
➤ YN0085: │ + @types/mime-types@npm:3.0.1, @types/nodemailer@npm:7.0.0, googleapis@npm:156.0.0, mime-types@npm:3.0.1, nodemailer@npm:7.0.5, and 98 more.
➤ YN0000: └ Completed in 0s 751ms
➤ YN0000: ┌ Post-resolution validation
➤ YN0060: │ @typescript-eslint/parser is listed by your project with version 7.0.0 (p6cb6c), which doesn't satisfy what @typescript-eslint/eslint-plugin requests (^6.0.0-alpha).
➤ YN0060: │ eslint is listed by your project with version 9.24.0 (pe6e00), which doesn't satisfy what @typescript-eslint/eslint-plugin and other dependencies request (^8.57.0).
➤ YN0060: │ nodemailer is listed by your project with version 7.0.5 (p4594f), which doesn't satisfy what next-auth requests (^6.6.5).
➤ YN0002: │ app@workspace:. doesn't provide prettier (pd88b5), requested by eslint-plugin-prettier.
➤ YN0086: │ Some peer dependencies are incorrectly met by your project; run yarn explain peer-requirements <hash> for details, where <hash> is the six-letter p-prefixed code.
➤ YN0086: │ Some peer dependencies are incorrectly met by dependencies; run yarn explain peer-requirements for details.
➤ YN0000: └ Completed
➤ YN0000: ┌ Fetch step
➤ YN0013: │ 103 packages were added to the project (+ 197.58 MiB).
➤ YN0000: └ Completed in 3s 367ms
➤ YN0000: ┌ Link step
➤ YN0000: └ Completed in 1s 554ms
➤ YN0000: · Done with warnings in 5s 855ms
Environment variables loaded from .env
Prisma schema loaded from prisma/schema.prisma

✔ Generated Prisma Client (v6.7.0) to ./node_modules/.prisma/client in 122ms

Start by importing your Prisma Client (See: https://pris.ly/d/importing-client)

Tip: Want to turn off tips and other hints? https://pris.ly/tip-4-nohints

Starting server...
  ▲ Next.js 14.2.28
  - Local:        http://localhost:3000
  - Environments: .env
  - Experiments (use with caution):
    · outputFileTracingRoot

 ✓ Starting...
 ✓ Ready in 1199ms
 ○ Compiling / ...
 ✓ Compiled / in 2.9s (791 modules)
 GET / 200 in 3414ms
 ✓ Compiled in 463ms (280 modules)
 GET / 200 in 56ms
 ○ Compiling /api/auth/[...nextauth] ...
 ✓ Compiled /api/auth/[...nextauth] in 1017ms (932 modules)
 GET /api/auth/session 200 in 1476ms
 GET /dashboard?_rsc=3y0gy 200 in 36ms
 GET /api/auth/session 200 in 36ms
 ✓ Compiled /api/leave-requests in 191ms (616 modules)
 ✓ Compiled (621 modules)
 GET /api/leave-requests 200 in 579ms
 GET /api/employees 200 in 587ms
 GET /api/leave-requests 200 in 36ms
 GET /api/employees 200 in 38ms
 GET / 200 in 75ms
 ○ Compiling /admin/employees ...
 ✓ Compiled /admin/employees in 892ms (1094 modules)
 GET /admin/employees?_rsc=czupt 200 in 33ms
 GET /api/employees 200 in 94ms
 GET /api/employees 200 in 29ms
 ○ Compiling /admin/employees/[id]/edit ...
 ✓ Compiled /admin/employees/[id]/edit in 799ms (1155 modules)
 GET /admin/employees/93968a9e-f3b1-4645-bf96-527588fa7086/edit?_rsc=1tedk 200 in 39ms
 ✓ Compiled /api/areas in 196ms (722 modules)
 GET /api/areas 200 in 350ms
 GET /api/areas 200 in 28ms
 ✓ Compiled /api/employees/[id] in 185ms (724 modules)
 GET /api/employees/93968a9e-f3b1-4645-bf96-527588fa7086 200 in 659ms
 GET /api/employees/93968a9e-f3b1-4645-bf96-527588fa7086 200 in 44ms
 PUT /api/employees/93968a9e-f3b1-4645-bf96-527588fa7086 500 in 39ms
 GET /api/employees 200 in 117ms
 GET /api/employees 200 in 29ms
 GET / 200 in 48ms
 GET / 200 in 36ms
 ✓ Compiled in 547ms (951 modules)
 ✓ Compiled in 278ms (447 modules)
 ✓ Compiled in 415ms (447 modules)
 ✓ Compiled in 249ms (447 modules)
[?25h
