  ▲ Next.js 14.2.28
  - Local:        http://localhost:3000
  - Environments: .env
  - Experiments (use with caution):
    · outputFileTracingRoot

 ✓ Starting...
 ✓ Ready in 1779ms
 ○ Compiling / ...
 ✓ Compiled / in 2.6s (791 modules)
 GET / 200 in 3013ms
 GET / 200 in 2852ms
 ✓ Compiled in 451ms (280 modules)
 GET / 200 in 50ms
 ✓ Compiled /dashboard in 187ms (510 modules)
 ✓ Compiled in 645ms (339 modules)
 GET /api/auth/session 200 in 1335ms
 GET /dashboard?_rsc=3y0gy 200 in 27ms
 GET /api/auth/session 200 in 36ms
 ✓ Compiled /api/leave-requests in 186ms (613 modules)
 ✓ Compiled (660 modules)
 GET /api/leave-requests 200 in 629ms
 GET /api/employees 200 in 643ms
 GET /api/leave-requests 200 in 28ms
 GET /api/employees 200 in 26ms
 GET /api/auth/providers 200 in 44ms
 GET / 200 in 63ms
 GET / 200 in 29ms
 GET / 200 in 28ms
 GET /api/auth/session 200 in 37ms
 ○ Compiling /login ...
 ✓ Compiled /login in 669ms (1061 modules)
 GET /api/auth/session 200 in 725ms
 GET / 200 in 720ms
 GET /login?_rsc=1ebxd 200 in 24ms
 GET /api/auth/session 200 in 53ms
 GET /dashboard?_rsc=3y0gy 200 in 25ms
 GET /api/auth/session 200 in 32ms
 GET /api/employees 200 in 147ms
 GET /api/leave-requests 200 in 153ms
 GET /api/employees 200 in 30ms
 GET /api/leave-requests 200 in 37ms
 GET /api/auth/csrf 200 in 39ms
 ✓ Compiled /api/signup in 187ms (700 modules)
 POST /api/signup 201 in 598ms
 GET / 200 in 40ms
 GET /api/auth/csrf 200 in 40ms
 POST /api/auth/callback/credentials 302 in 369ms
 GET /dashboard 200 in 39ms
 GET / 200 in 29ms
 GET /dashboard 200 in 35ms
 GET /api/auth/session 200 in 44ms
 GET /dashboard?_rsc=3y0gy 200 in 42ms
 GET /api/auth/session 200 in 36ms
 GET /api/auth/session 200 in 21ms
 GET /api/leave-requests 200 in 127ms
 GET /api/employees 200 in 135ms
 GET /api/leave-requests 200 in 35ms
 GET /api/auth/session 200 in 36ms
 GET /api/employees 200 in 31ms
 GET /api/leave-requests 200 in 26ms
 GET /api/auth/session 200 in 26ms
 GET /api/employees 200 in 24ms
 GET /api/leave-requests 200 in 24ms
 GET /api/employees 200 in 24ms
 ○ Compiling /admin/requests ...
 ✓ Compiled /admin/requests in 1306ms (1227 modules)
 GET /admin/areas 200 in 1539ms
 GET /admin/employees 200 in 1537ms
 GET /requests 200 in 1541ms
 GET /admin/requests 200 in 1516ms
 GET /admin/employees/new 200 in 1539ms
 GET /admin/requests/cmeevtizy000zm2veoi5vn3pq 200 in 1893ms
 GET /admin/requests/cmeevtj030015m2ve1h1137pv 200 in 1889ms
 GET /api/auth/session 200 in 69ms
 GET /api/employees 200 in 148ms
 GET /api/auth/session 200 in 50ms
 GET /api/leave-requests 200 in 161ms
 GET /api/employees 200 in 37ms
 GET /api/auth/session 200 in 34ms
 GET /api/leave-requests 200 in 37ms
 GET /api/auth/session 200 in 29ms
 GET /api/leave-requests 200 in 27ms
 ✓ Compiled /api/areas in 243ms (792 modules)
 GET /api/auth/session 200 in 528ms
 GET /api/auth/session 200 in 28ms
 GET /api/leave-requests?requestId=cmeevtizy000zm2veoi5vn3pq 200 in 596ms
 GET /api/areas 200 in 645ms
 GET /api/leave-requests 200 in 622ms
 GET /api/leave-requests?requestId=cmeevtj030015m2ve1h1137pv 200 in 634ms
 GET /api/auth/session 200 in 36ms
 GET /api/leave-requests?requestId=cmeevtizy000zm2veoi5vn3pq 200 in 52ms
 GET /api/areas 200 in 53ms
 GET /api/leave-requests?requestId=cmeevtj030015m2ve1h1137pv 200 in 51ms
 GET /api/auth/session 200 in 32ms
 GET /api/auth/session 200 in 38ms
 GET /api/auth/session 200 in 26ms
 GET /api/auth/session 200 in 22ms
 GET /api/auth/session 200 in 24ms
 GET /api/auth/session 200 in 25ms
 GET /api/auth/session 200 in 38ms
 GET /api/areas 200 in 45ms
 GET /api/auth/session 200 in 20ms
 GET /api/auth/session 200 in 19ms
 GET /api/auth/session 200 in 21ms
 GET /api/auth/session 200 in 20ms
 GET /api/auth/session 200 in 34ms
 GET /api/auth/session 200 in 22ms
 ○ Compiling /requests/new ...
 ✓ Compiled /requests/new in 584ms (1272 modules)
 GET /requests/new 200 in 657ms
 GET /api/auth/session 200 in 50ms
 ✓ Compiled /api/employees/me in 242ms (817 modules)
 GET /api/employees/me 200 in 679ms
 GET /api/employees/me 200 in 27ms
 GET /api/auth/session 200 in 783ms
 GET / 200 in 55ms
[?25h
