  ▲ Next.js 14.2.28
  - Local:        http://localhost:3000
  - Environments: .env
  - Experiments (use with caution):
    · outputFileTracingRoot

 ✓ Starting...
 ✓ Ready in 2s
 ○ Compiling / ...
 ✓ Compiled / in 2.9s (792 modules)
 GET / 200 in 3329ms
 ✓ Compiled in 465ms (280 modules)
 ✓ Compiled /api/auth/[...nextauth] in 232ms (511 modules)
 GET /api/auth/providers 200 in 680ms
 GET / 200 in 73ms
 ○ Compiling /login ...
 ✓ Compiled /login in 682ms (872 modules)
 GET /api/auth/session 200 in 783ms
 GET /api/auth/session 200 in 24ms
 GET /login?_rsc=1ebxd 200 in 28ms
 GET /api/auth/csrf 200 in 37ms
 ✓ Compiled /api/signup in 193ms (591 modules)
 POST /api/signup 201 in 670ms
 GET / 200 in 68ms
 GET /api/auth/csrf 200 in 43ms
 POST /api/auth/callback/credentials 302 in 413ms
 ○ Compiling /dashboard ...
 ✓ Compiled /dashboard in 616ms (991 modules)
 GET /dashboard 200 in 739ms
 GET / 200 in 40ms
 GET /dashboard 200 in 49ms
 GET /api/auth/session 200 in 60ms
 ✓ Compiled /api/leave-requests in 200ms (642 modules)
 ✓ Compiled (644 modules)
 GET /api/auth/session 200 in 390ms
 GET /dashboard?_rsc=3y0gy 200 in 431ms
 GET /api/auth/session 200 in 31ms
 GET /api/leave-requests 200 in 567ms
 GET /api/employees 200 in 593ms
 GET /api/auth/session 200 in 36ms
 GET /api/leave-requests 200 in 33ms
 GET /api/auth/session 200 in 35ms
 GET /api/employees 200 in 43ms
 GET /api/leave-requests 200 in 31ms
 GET /api/employees 200 in 30ms
 GET /api/employees 200 in 32ms
 GET /api/leave-requests 200 in 32ms
 ○ Compiling /admin/employees/new ...
 ✓ Compiled /admin/employees/new in 1099ms (1049 modules)
 GET /admin/employees 200 in 1303ms
 GET /admin/requests 200 in 1304ms
 GET /admin/areas 200 in 1292ms
 GET /requests 200 in 1313ms
 GET /admin/employees/new 200 in 1291ms
 GET /admin/requests/cmeesmnj00015xt0824b32fh7 200 in 1781ms
 GET /admin/requests/cmeesmniv000zxt08kv6d2drf 200 in 1781ms
 GET /api/auth/session 200 in 89ms
 GET /api/leave-requests 200 in 190ms
 GET /api/employees 200 in 217ms
 GET /api/auth/session 200 in 65ms
 GET /api/leave-requests 200 in 73ms
 GET /api/employees 200 in 65ms
 GET /api/auth/session 200 in 63ms
 GET /api/leave-requests 200 in 49ms
 GET /api/auth/session 200 in 62ms
 GET /api/leave-requests 200 in 40ms
 GET /api/auth/session 200 in 62ms
 GET /api/leave-requests?requestId=cmeesmniv000zxt08kv6d2drf 200 in 70ms
 GET /api/leave-requests?requestId=cmeesmnj00015xt0824b32fh7 200 in 85ms
 GET /api/auth/session 200 in 52ms
 GET /api/leave-requests?requestId=cmeesmniv000zxt08kv6d2drf 200 in 69ms
 GET /api/leave-requests?requestId=cmeesmnj00015xt0824b32fh7 200 in 51ms
 GET /api/auth/session 200 in 45ms
 GET /api/auth/session 200 in 24ms
 GET /api/auth/session 200 in 23ms
 GET /api/auth/session 200 in 26ms
 GET /api/auth/session 200 in 34ms
 GET /api/auth/session 200 in 38ms
 GET /api/auth/session 200 in 23ms
 GET /api/auth/session 200 in 31ms
 GET /api/auth/session 200 in 24ms
 GET /api/auth/session 200 in 22ms
 GET /api/auth/session 200 in 34ms
 GET /api/auth/session 200 in 33ms
 GET /api/auth/session 200 in 23ms
 GET /api/auth/session 200 in 24ms
 GET /api/auth/session 200 in 24ms
 GET /api/auth/session 200 in 43ms
 GET /api/auth/session 200 in 42ms
 GET /api/auth/session 200 in 29ms
 ○ Compiling /requests/new ...
 ✓ Compiled /requests/new in 1052ms (1194 modules)
 GET /requests/new 200 in 1142ms
 GET /api/auth/session 200 in 61ms
 ✓ Compiled /api/employees/me in 304ms (755 modules)
 GET /api/auth/session 200 in 535ms
 GET /api/employees/me 200 in 718ms
 GET /api/employees/me 200 in 24ms
[?25h
