  ▲ Next.js 14.2.28
  - Local:        http://localhost:3000
  - Environments: .env
  - Experiments (use with caution):
    · outputFileTracingRoot

 ✓ Starting...
 ✓ Ready in 1548ms
 ○ Compiling / ...
 ✓ Compiled / in 2.4s (784 modules)
 GET / 200 in 2787ms
 ✓ Compiled in 416ms (280 modules)
 GET / 200 in 48ms
 ○ Compiling /api/auth/[...nextauth] ...
 ✓ Compiled /api/auth/[...nextauth] in 778ms (926 modules)
 GET /api/auth/session 200 in 1214ms
 GET /dashboard?_rsc=3y0gy 200 in 31ms
 GET /api/auth/session 200 in 33ms
 ✓ Compiled /api/leave-requests in 181ms (613 modules)
 ✓ Compiled (615 modules)
 GET /api/employees/me 200 in 586ms
 GET /api/leave-requests 200 in 583ms
 GET /api/employees/me 200 in 30ms
 GET /api/leave-requests 200 in 36ms
 ✓ Compiled in 259ms (351 modules)
 ✓ Compiled in 248ms (351 modules)
 GET / 200 in 79ms
 ✓ Compiled in 214ms (351 modules)
[?25h
