  ▲ Next.js 14.2.28
  - Local:        http://localhost:3000
  - Environments: .env
  - Experiments (use with caution):
    · outputFileTracingRoot

 ✓ Starting...
 ✓ Ready in 1548ms
 ✓ Compiled /api/auth/[...nextauth] in 501ms (269 modules)
 GET /api/auth/session 200 in 957ms
 ○ Compiling / ...
 ✓ Compiled / in 1374ms (790 modules)
 GET / 200 in 1744ms
 ✓ Compiled in 358ms (280 modules)
 GET / 200 in 43ms
 ○ Compiling /dashboard ...
 ✓ Compiled /dashboard in 652ms (926 modules)
 GET /api/auth/session 200 in 795ms
 GET /dashboard?_rsc=3y0gy 200 in 33ms
 GET /api/auth/session 200 in 46ms
 ✓ Compiled /api/employees in 204ms (658 modules)
 ✓ Compiled (660 modules)
 GET /api/employees 200 in 655ms
 GET /api/leave-requests 200 in 665ms
 GET /api/leave-requests 200 in 30ms
 GET /api/employees 200 in 32ms
 ○ Compiling /admin/employees ...
 ✓ Compiled /admin/employees in 747ms (1130 modules)
 GET /admin/employees?_rsc=czupt 200 in 49ms
 GET /api/employees 200 in 127ms
 GET /api/employees 200 in 35ms
 ○ Compiling /admin/employees/[id]/edit ...
 ✓ Compiled /admin/employees/[id]/edit in 670ms (1191 modules)
 GET /admin/employees/cmeevtizs000vm2vei2vx5p9m/edit?_rsc=vit7c 200 in 41ms
 ✓ Compiled /api/areas in 185ms (761 modules)
 GET /api/areas 200 in 320ms
 ✓ Compiled /api/employees/[id] in 180ms (763 modules)
 GET /api/areas 200 in 455ms
 GET /api/employees/cmeevtizs000vm2vei2vx5p9m 200 in 750ms
 GET /api/employees/cmeevtizs000vm2vei2vx5p9m 200 in 47ms
 GET / 200 in 69ms
 GET /api/employees 200 in 121ms
 GET /api/employees 200 in 26ms
 GET /api/auth/session 200 in 44ms
 GET /admin/employees?_rsc=cvg4n 200 in 41ms
 GET /admin/employees/cmeevtiyu0007m2ve77maa89o/edit?_rsc=1hkyz 200 in 27ms
 GET /api/areas 200 in 42ms
 GET /api/areas 200 in 45ms
 GET /api/employees/cmeevtiyu0007m2ve77maa89o 200 in 61ms
 GET /api/employees/cmeevtiyu0007m2ve77maa89o 200 in 37ms
 GET / 200 in 35ms
 GET / 200 in 37ms
 GET / 200 in 37ms
 PUT /api/employees/cmeevtiyu0007m2ve77maa89o 200 in 52ms
 GET /admin/employees?_rsc=cvg4n 200 in 26ms
 GET /api/employees 200 in 47ms
 GET /api/employees 200 in 31ms
 GET /admin/employees/cmeevtizs000vm2vei2vx5p9m/edit?_rsc=i3ua5 200 in 35ms
 GET /api/areas 200 in 26ms
 GET /api/employees/cmeevtizs000vm2vei2vx5p9m 200 in 46ms
 GET /api/areas 200 in 46ms
 GET /api/employees/cmeevtizs000vm2vei2vx5p9m 200 in 42ms
 GET / 200 in 36ms
 GET / 200 in 37ms
 PUT /api/employees/cmeevtizs000vm2vei2vx5p9m 200 in 43ms
 GET /admin/employees?_rsc=cvg4n 200 in 27ms
 GET /api/employees 200 in 27ms
 GET /api/employees 200 in 28ms
 GET / 200 in 36ms
 ○ Compiling /admin/employees/new ...
 ✓ Compiled /admin/employees/new in 602ms (1133 modules)
 GET /admin/employees/new?_rsc=661gr 200 in 48ms
 ✓ Compiled /api/areas in 162ms (699 modules)
 GET /api/areas 200 in 297ms
 GET /api/areas 200 in 30ms
 GET / 200 in 66ms
 GET / 200 in 35ms
 GET / 200 in 38ms
 POST /api/employees 201 in 405ms
 GET /api/employees 200 in 31ms
 GET /api/employees 200 in 27ms
 GET / 200 in 38ms
 DELETE /api/employees/cmeevtizo000sm2ve79x65q61 200 in 123ms
 DELETE /api/employees/cmeevtizk000pm2ve537ufd5c 200 in 44ms
 DELETE /api/employees/cmeevtiz3000dm2vejw59w1h1 400 in 37ms
 DELETE /api/employees/cmeevtiz8000gm2vejltpaiid 400 in 36ms
 GET / 200 in 30ms
 DELETE /api/employees/cmeevtiyz000am2vey0kfwe8z 400 in 37ms
 DELETE /api/employees/cmeevtiz8000gm2vejltpaiid 400 in 36ms
 DELETE /api/employees/cmeevtizc000jm2vejhouv0w1 400 in 36ms
 ✓ Compiled /requests in 466ms (1042 modules)
 GET /requests?_rsc=133ax 200 in 45ms
 ✓ Compiled /api/leave-requests in 115ms (649 modules)
 GET /api/leave-requests 200 in 259ms
 GET /api/leave-requests 200 in 28ms
 GET / 200 in 64ms
 ✓ Compiled /admin/employees in 156ms (716 modules)
 GET /admin/employees?_rsc=cvg4n 200 in 209ms
 ✓ Compiled /api/employees in 140ms (718 modules)
 GET /api/employees 200 in 272ms
 GET /api/employees 200 in 32ms
 DELETE /api/employees/cmeevtizg000mm2veo9ajwbh3 400 in 117ms
 ✓ Compiled /admin/employees/[id]/edit in 442ms (751 modules)
 GET /admin/employees/cmeevtizg000mm2veo9ajwbh3/edit?_rsc=2na8f 200 in 41ms
 ✓ Compiled /api/areas in 173ms (753 modules)
 GET /api/areas 200 in 301ms
 GET /api/areas 200 in 59ms
 GET /api/employees/cmeevtizg000mm2veo9ajwbh3 200 in 137ms
 GET /api/employees/cmeevtizg000mm2veo9ajwbh3 200 in 44ms
 GET / 200 in 67ms
 GET /api/employees 200 in 117ms
 GET /api/employees 200 in 29ms
 GET / 200 in 42ms
 GET / 200 in 35ms
 ✓ Compiled /admin/employees/new in 388ms (679 modules)
 GET /admin/employees/new?_rsc=1y3zn 200 in 474ms
 ✓ Compiled /api/areas in 128ms (681 modules)
 GET /api/areas 200 in 257ms
 GET /api/areas 200 in 29ms
 GET / 200 in 62ms
 GET / 200 in 38ms
 GET / 200 in 48ms
[?25h
