  ▲ Next.js 14.2.28
  - Local:        http://localhost:3000
  - Environments: .env
  - Experiments (use with caution):
    · outputFileTracingRoot

 ✓ Starting...
Attention: Next.js now collects completely anonymous telemetry regarding usage.
This information is used to shape Next.js' roadmap and prioritize features.
You can learn more, including how to opt-out if you'd not like to participate in this anonymous program, by visiting the following URL:
https://nextjs.org/telemetry

 ✓ Ready in 1303ms
 ○ Compiling / ...
 ✓ Compiled / in 2.9s (792 modules)
 GET / 200 in 3334ms
 ✓ Compiled in 465ms (280 modules)
 ✓ Compiled in 347ms (773 modules)
 ✓ Compiled /api/auth/[...nextauth] in 163ms (511 modules)
 GET /api/auth/providers 200 in 616ms
 GET / 200 in 78ms
 ○ Compiling /login ...
 ✓ Compiled /login in 732ms (872 modules)
 GET /api/auth/session 200 in 826ms
 GET /api/auth/session 200 in 22ms
 GET /login?_rsc=1ebxd 200 in 25ms
 GET /api/auth/csrf 200 in 40ms
 ✓ Compiled /api/signup in 344ms (591 modules)
 POST /api/signup 201 in 873ms
 GET / 200 in 73ms
 GET /api/auth/csrf 200 in 44ms
 POST /api/auth/callback/credentials 302 in 414ms
 ○ Compiling /dashboard ...
 ✓ Compiled /dashboard in 556ms (991 modules)
 GET /dashboard 200 in 686ms
 GET /dashboard 200 in 28ms
 GET / 200 in 40ms
 ✓ Compiled /api/employees in 172ms (642 modules)
 ✓ Compiled (644 modules)
 GET /api/auth/session 200 in 425ms
 GET /dashboard?_rsc=3y0gy 200 in 375ms
 GET /api/auth/session 200 in 23ms
 GET /api/leave-requests 200 in 547ms
 GET /api/employees 200 in 525ms
 GET /api/auth/session 200 in 29ms
 GET /api/employees 200 in 38ms
 GET /api/auth/session 200 in 38ms
 GET /api/leave-requests 200 in 48ms
 GET /api/employees 200 in 26ms
 GET /api/auth/session 200 in 26ms
 GET /api/leave-requests 200 in 34ms
 GET /api/employees 200 in 24ms
 GET /api/auth/session 200 in 29ms
 GET /api/leave-requests 200 in 29ms
 ○ Compiling /requests ...
 ✓ Compiled /requests in 878ms (1022 modules)
 GET /admin/requests 404 in 994ms
 GET /admin/areas 404 in 982ms
 GET /admin/requests/cmeesmniv000zxt08kv6d2drf 404 in 983ms
 GET /admin/employees/new 404 in 981ms
 GET /admin/requests/cmeesmnj00015xt0824b32fh7 404 in 981ms
 GET /admin/employees 200 in 1055ms
 GET /requests 200 in 1052ms
 GET /api/auth/session 200 in 62ms
 GET /api/auth/session 200 in 32ms
 GET /api/auth/session 200 in 39ms
 GET /api/auth/session 200 in 19ms
 GET /api/leave-requests 200 in 133ms
 GET /api/employees 200 in 121ms
 GET /api/auth/session 200 in 21ms
 GET /api/leave-requests 200 in 27ms
 GET /api/employees 200 in 28ms
 GET /api/auth/session 200 in 34ms
 GET /api/auth/session 200 in 33ms
 GET /api/auth/session 200 in 20ms
 GET /api/auth/session 200 in 21ms
 GET /api/auth/session 200 in 21ms
 GET /api/auth/session 200 in 22ms
 GET /api/auth/session 200 in 36ms
 GET /api/auth/session 200 in 20ms
 GET /api/auth/session 200 in 20ms
 GET /api/auth/session 200 in 21ms
 GET /api/auth/session 200 in 21ms
 GET /api/auth/session 200 in 25ms
 GET /api/auth/session 200 in 34ms
 GET /api/auth/session 200 in 21ms
 GET /api/auth/session 200 in 20ms
 GET /api/auth/session 200 in 23ms
 GET /api/auth/session 200 in 20ms
 GET /api/auth/session 200 in 20ms
 GET /api/auth/session 200 in 36ms
 ○ Compiling /requests/new ...
 ✓ Compiled /requests/new in 1040ms (1171 modules)
 GET /requests/new 200 in 1152ms
 GET /api/auth/session 200 in 48ms
 ✓ Compiled /api/employees/me in 224ms (738 modules)
 GET /api/auth/session 200 in 454ms
 GET /api/employees/me 200 in 587ms
 GET /api/employees/me 200 in 29ms
 ✓ Compiled in 850ms (445 modules)
[?25h
