  ▲ Next.js 14.2.28
  - Local:        http://localhost:3000
  - Environments: .env
  - Experiments (use with caution):
    · outputFileTracingRoot

 ✓ Starting...
 ✓ Ready in 1469ms
 ○ Compiling / ...
 ✓ Compiled / in 1789ms (784 modules)
 GET / 200 in 2305ms
 ✓ Compiled in 480ms (280 modules)
 GET / 200 in 46ms
 ○ Compiling /api/auth/[...nextauth] ...
 ✓ Compiled /api/auth/[...nextauth] in 1077ms (932 modules)
 GET /api/auth/session 200 in 1452ms
 GET /dashboard?_rsc=3y0gy 200 in 43ms
 GET /api/auth/session 200 in 39ms
 ✓ Compiled /api/employees in 235ms (619 modules)
 ✓ Compiled (623 modules)
 GET /api/leave-requests 200 in 616ms
 GET /api/employees 200 in 612ms
 GET /api/leave-requests 200 in 31ms
 GET /api/employees 200 in 36ms
 GET / 200 in 70ms
 ○ Compiling /admin/employees ...
 ✓ Compiled /admin/employees in 862ms (1096 modules)
 GET /admin/employees?_rsc=czupt 200 in 31ms
 GET /api/employees 200 in 110ms
 GET /api/employees 200 in 32ms
 ○ Compiling /admin/employees/[id]/edit ...
 ✓ Compiled /admin/employees/[id]/edit in 637ms (1157 modules)
 GET /admin/employees/93968a9e-f3b1-4645-bf96-527588fa7086/edit?_rsc=1tedk 200 in 42ms
 ✓ Compiled /api/areas in 214ms (724 modules)
 GET /api/areas 200 in 357ms
 GET /api/areas 200 in 46ms
 ✓ Compiled /api/employees/[id] in 200ms (726 modules)
 GET /api/employees/93968a9e-f3b1-4645-bf96-527588fa7086 200 in 680ms
 GET /api/employees/93968a9e-f3b1-4645-bf96-527588fa7086 200 in 43ms
 GET / 200 in 71ms
Profile image saved: /uploads/employee-93968a9e-f3b1-4645-bf96-527588fa7086-1755474185136.png
 PUT /api/employees/93968a9e-f3b1-4645-bf96-527588fa7086 500 in 1146ms
 GET / 200 in 45ms
 GET / 200 in 36ms
 GET /api/auth/session 200 in 53ms
 GET /dashboard?_rsc=3y0gy 200 in 31ms
 GET /api/auth/session 200 in 33ms
 GET /api/leave-requests 200 in 131ms
 GET /api/employees 200 in 126ms
 GET /api/leave-requests 200 in 35ms
 GET /api/employees 200 in 37ms
 GET /admin/employees?_rsc=czupt 200 in 30ms
 GET /api/employees 200 in 31ms
 GET /api/employees 200 in 28ms
 GET /admin/employees/93968a9e-f3b1-4645-bf96-527588fa7086/edit?_rsc=1tedk 200 in 28ms
 GET /api/areas 200 in 111ms
 GET /api/employees/93968a9e-f3b1-4645-bf96-527588fa7086 200 in 42ms
 GET /api/areas 200 in 41ms
 GET /api/employees/93968a9e-f3b1-4645-bf96-527588fa7086 200 in 38ms
 PUT /api/employees/93968a9e-f3b1-4645-bf96-527588fa7086 200 in 49ms
 GET /api/employees 200 in 34ms
 GET /api/employees 200 in 27ms
 GET / 200 in 33ms
 GET /api/auth/session 200 in 39ms
 GET / 200 in 36ms
 GET / 200 in 32ms
 GET / 200 in 35ms
 GET / 200 in 33ms
 GET /api/auth/session 200 in 38ms
 GET /dashboard?_rsc=3y0gy 200 in 28ms
 GET /api/auth/session 200 in 24ms
 GET /api/employees 200 in 32ms
 GET /api/leave-requests 200 in 54ms
 GET /api/employees 200 in 29ms
 GET /api/leave-requests 200 in 26ms
[?25h
