➤ YN0000: · Yarn 4.9.2
➤ YN0000: ┌ Resolution step
➤ YN0000: └ Completed
➤ YN0000: ┌ Post-resolution validation
➤ YN0060: │ @typescript-eslint/parser is listed by your project with version 7.0.0 (p6cb6c), which doesn't satisfy what @typescript-eslint/eslint-plugin requests (^6.0.0-alpha).
➤ YN0060: │ eslint is listed by your project with version 9.24.0 (pe6e00), which doesn't satisfy what @typescript-eslint/eslint-plugin and other dependencies request (^8.57.0).
➤ YN0060: │ nodemailer is listed by your project with version 7.0.5 (p4594f), which doesn't satisfy what next-auth requests (^6.6.5).
➤ YN0002: │ app@workspace:. doesn't provide prettier (pd88b5), requested by eslint-plugin-prettier.
➤ YN0086: │ Some peer dependencies are incorrectly met by your project; run yarn explain peer-requirements <hash> for details, where <hash> is the six-letter p-prefixed code.
➤ YN0086: │ Some peer dependencies are incorrectly met by dependencies; run yarn explain peer-requirements for details.
➤ YN0000: └ Completed
➤ YN0000: ┌ Fetch step
➤ YN0000: └ Completed in 1s 420ms
➤ YN0000: ┌ Link step
➤ YN0000: └ Completed in 0s 521ms
➤ YN0000: · Done with warnings in 2s 157ms
Environment variables loaded from .env
Prisma schema loaded from prisma/schema.prisma

✔ Generated Prisma Client (v6.7.0) to ./node_modules/.prisma/client in 126ms

Start by importing your Prisma Client (See: https://pris.ly/d/importing-client)

Tip: Need your database queries to be 1000x faster? Accelerate offers you that and more: https://pris.ly/tip-2-accelerate

Starting server...
  ▲ Next.js 14.2.28
  - Local:        http://localhost:3000
  - Environments: .env
  - Experiments (use with caution):
    · outputFileTracingRoot

 ✓ Starting...
 ✓ Ready in 1429ms
 ○ Compiling / ...
 ✓ Compiled / in 1464ms (784 modules)
 GET / 200 in 1915ms
 ✓ Compiled in 492ms (280 modules)
 GET / 200 in 93ms
 GET / 200 in 42ms
 ○ Compiling /_not-found ...
 ✓ Compiled /_not-found in 554ms (775 modules)
 GET /_next/static/chunks/app/login/page.js 404 in 605ms
 ✓ Compiled /login in 180ms (511 modules)
 ✓ Compiled in 335ms (321 modules)
 GET /api/auth/session 200 in 970ms
 GET /api/auth/session 200 in 972ms
 GET /login?_rsc=1ebxd 200 in 45ms
[?25h
