  ▲ Next.js 14.2.28
  - Local:        http://localhost:3000
  - Environments: .env
  - Experiments (use with caution):
    · outputFileTracingRoot

 ✓ Starting...
 ✓ Ready in 1709ms
 ○ Compiling / ...
 ✓ Compiled / in 2.9s (791 modules)
 GET / 200 in 3341ms
 ✓ Compiled in 449ms (280 modules)
 GET / 200 in 56ms
 ○ Compiling /api/auth/[...nextauth] ...
 ✓ Compiled /api/auth/[...nextauth] in 954ms (932 modules)
 GET /api/auth/session 200 in 1394ms
 GET /dashboard?_rsc=3y0gy 200 in 28ms
 GET /api/auth/session 200 in 37ms
 ✓ Compiled /api/leave-requests in 193ms (616 modules)
 ✓ Compiled (621 modules)
 GET /api/leave-requests 200 in 560ms
 GET /api/employees 200 in 562ms
 GET /api/employees 200 in 36ms
 GET /api/leave-requests 200 in 37ms
 GET / 200 in 81ms
 GET / 200 in 32ms
 GET / 200 in 36ms
 GET / 200 in 34ms
 GET /api/auth/session 200 in 54ms
 GET /api/auth/session 200 in 40ms
 GET /dashboard?_rsc=3y0gy 200 in 39ms
 GET /api/employees 200 in 39ms
 GET /api/leave-requests 200 in 37ms
 GET /api/employees 200 in 31ms
 GET /api/leave-requests 200 in 37ms
 GET / 200 in 32ms
 GET / 200 in 32ms
 GET / 200 in 31ms
 GET / 200 in 43ms
 GET / 200 in 33ms
 GET / 200 in 37ms
 GET / 200 in 38ms
 GET / 200 in 36ms
 GET /api/auth/session 200 in 34ms
 GET / 200 in 32ms
 ○ Compiling /admin/employees ...
 ✓ Compiled /admin/employees in 971ms (1047 modules)
 GET /admin/employees?_rsc=czupt 200 in 50ms
 ✓ Compiled /api/employees in 164ms (667 modules)
 GET /api/employees 200 in 344ms
 GET /api/employees 200 in 28ms
 GET / 200 in 65ms
 ○ Compiling /admin/employees/[id]/edit ...
 ✓ Compiled /admin/employees/[id]/edit in 656ms (1135 modules)
 GET /admin/employees/93968a9e-f3b1-4645-bf96-527588fa7086/edit?_rsc=1tedk 200 in 42ms
 ✓ Compiled /api/areas in 162ms (702 modules)
 GET /api/areas 200 in 294ms
 GET /api/areas 200 in 38ms
 ✓ Compiled /api/employees/[id] in 172ms (704 modules)
 GET /api/employees/93968a9e-f3b1-4645-bf96-527588fa7086 200 in 622ms
 GET /api/employees/93968a9e-f3b1-4645-bf96-527588fa7086 200 in 39ms
 PUT /api/employees/93968a9e-f3b1-4645-bf96-527588fa7086 500 in 42ms
 PUT /api/employees/93968a9e-f3b1-4645-bf96-527588fa7086 500 in 33ms
 GET / 200 in 51ms
 PUT /api/employees/93968a9e-f3b1-4645-bf96-527588fa7086 500 in 36ms
 GET /admin/employees?_rsc=cvg4n 200 in 35ms
 GET /api/employees 200 in 110ms
 GET /api/employees 200 in 28ms
 ✓ Compiled /admin/employees/new in 448ms (1147 modules)
 GET /admin/employees/new?_rsc=661gr 200 in 37ms
 GET /api/areas 200 in 116ms
 GET /api/areas 200 in 29ms
 GET /api/employees 200 in 112ms
 GET /api/employees 200 in 27ms
 DELETE /api/employees/cmeg3hlib000du5x9r4bdj99r 200 in 132ms
 GET / 200 in 46ms
 GET /admin/employees/cmeg3hli7000au5x9r294n9o6/edit?_rsc=e3vb2 200 in 27ms
 GET /api/areas 200 in 28ms
 GET /api/areas 200 in 27ms
 GET /api/employees/cmeg3hli7000au5x9r294n9o6 200 in 41ms
 GET /api/employees/cmeg3hli7000au5x9r294n9o6 200 in 43ms
 PUT /api/employees/cmeg3hli7000au5x9r294n9o6 500 in 38ms
 GET / 200 in 34ms
 GET / 200 in 38ms
 GET / 200 in 33ms
[?25h
