  ▲ Next.js 14.2.28
  - Local:        http://localhost:3000
  - Environments: .env
  - Experiments (use with caution):
    · outputFileTracingRoot

 ✓ Starting...
 ✓ Ready in 1552ms
 ○ Compiling / ...
 ✓ Compiled / in 1675ms (784 modules)
 GET / 200 in 2167ms
 ✓ Compiled in 608ms (280 modules)
 GET / 200 in 47ms
 ✓ Compiled /dashboard in 218ms (510 modules)
 ✓ Compiled in 790ms (339 modules)
 GET /api/auth/session 200 in 1512ms
 GET /dashboard?_rsc=3y0gy 200 in 27ms
 GET /api/auth/session 200 in 33ms
 ✓ Compiled /api/leave-requests in 218ms (613 modules)
 ✓ Compiled (660 modules)
 GET /api/leave-requests 200 in 695ms
 GET /api/employees 200 in 719ms
 GET /api/leave-requests 200 in 28ms
 GET /api/employees 200 in 26ms
 ✓ Compiled /admin/employees in 412ms (1016 modules)
 GET /admin/employees?_rsc=czupt 200 in 31ms
 GET /api/employees 200 in 105ms
 GET /api/employees 200 in 30ms
 ✓ Compiled in 143ms (670 modules)
 GET / 200 in 81ms
 GET / 200 in 35ms
 GET / 200 in 41ms
 GET / 200 in 31ms
 GET / 200 in 35ms
 GET /api/auth/session 200 in 55ms
 GET /dashboard?_rsc=3y0gy 200 in 29ms
 GET /api/auth/session 200 in 34ms
 GET /api/leave-requests 200 in 166ms
 GET /api/employees 200 in 174ms
 GET /api/leave-requests 200 in 30ms
 GET /api/employees 200 in 29ms
 GET / 200 in 32ms
 GET / 200 in 38ms
 GET / 200 in 34ms
 GET /api/auth/session 200 in 32ms
 GET / 200 in 32ms
 GET / 200 in 32ms
 GET /api/auth/session 200 in 30ms
 GET / 200 in 37ms
 GET / 200 in 33ms
 GET /api/auth/session 200 in 30ms
 GET / 200 in 32ms
 GET / 200 in 34ms
 GET / 200 in 35ms
 GET / 200 in 41ms
 GET / 200 in 32ms
 GET / 200 in 32ms
 GET / 200 in 35ms
 GET / 200 in 28ms
 GET / 200 in 32ms
 GET / 200 in 34ms
 GET / 200 in 28ms
 GET / 200 in 36ms
 GET /api/auth/session 200 in 41ms
 GET / 200 in 31ms
 GET /admin/employees?_rsc=czupt 200 in 48ms
 GET /api/employees 200 in 44ms
 GET /api/employees 200 in 28ms
 GET / 200 in 33ms
 GET /api/employees 200 in 40ms
 GET /api/leave-requests 200 in 49ms
 GET /api/leave-requests 200 in 33ms
 GET /api/employees 200 in 41ms
 GET /api/employees 200 in 32ms
 GET /api/employees 200 in 33ms
 GET / 200 in 34ms
 ○ Compiling /admin/employees/new ...
 ✓ Compiled /admin/employees/new in 642ms (1000 modules)
 GET /admin/employees/new?_rsc=661gr 200 in 49ms
 ✓ Compiled /dashboard in 222ms (669 modules)
 GET /api/leave-requests 200 in 147ms
 GET /api/employees 200 in 154ms
 GET /api/leave-requests 200 in 33ms
 GET /api/employees 200 in 32ms
 GET / 200 in 64ms
 GET / 200 in 33ms
 GET /admin/employees?_rsc=cvg4n 200 in 29ms
 GET /api/employees 200 in 27ms
 GET /api/employees 200 in 27ms
 GET / 200 in 40ms
 GET / 200 in 33ms
[?25h
