  ▲ Next.js 14.2.28
  - Local:        http://localhost:3000
  - Environments: .env
  - Experiments (use with caution):
    · outputFileTracingRoot

 ✓ Starting...
 ✓ Ready in 1566ms
 ○ Compiling / ...
 ✓ Compiled / in 2.5s (784 modules)
 GET / 200 in 2928ms
 ✓ Compiled in 407ms (280 modules)
 GET / 200 in 67ms
 ○ Compiling /api/auth/[...nextauth] ...
 ✓ Compiled /api/auth/[...nextauth] in 954ms (926 modules)
 GET /api/auth/session 200 in 1411ms
 GET /dashboard?_rsc=3y0gy 200 in 34ms
 GET /api/auth/session 200 in 32ms
 ✓ Compiled /api/employees in 184ms (613 modules)
 ✓ Compiled (615 modules)
 GET /api/leave-requests 200 in 545ms
 GET /api/employees 200 in 543ms
 GET /api/employees 200 in 32ms
 GET /api/leave-requests 200 in 36ms
 ✓ Compiled in 146ms (615 modules)
 GET / 200 in 82ms
 GET / 200 in 36ms
 GET / 200 in 36ms
 GET / 200 in 35ms
 GET /api/auth/session 200 in 51ms
 GET /dashboard?_rsc=3y0gy 200 in 183ms
 GET /api/auth/session 200 in 84ms
 GET /api/employees 200 in 173ms
 GET /api/leave-requests 200 in 173ms
 GET /api/employees 200 in 30ms
 GET /api/leave-requests 200 in 28ms
 ○ Compiling /admin/requests ...
 ✓ Compiled /admin/requests in 602ms (963 modules)
 GET /admin/requests?_rsc=1un7k 200 in 44ms
 GET /api/leave-requests 200 in 114ms
 GET /api/leave-requests 200 in 27ms
 GET /api/leave-requests 200 in 35ms
 GET /api/employees 200 in 111ms
 GET /api/leave-requests 200 in 23ms
 GET /api/employees 200 in 30ms
 GET / 200 in 61ms
 GET /admin/requests?_rsc=1itt7 200 in 28ms
 GET /api/leave-requests 200 in 28ms
 GET /api/leave-requests 200 in 27ms
 GET /api/employees 200 in 37ms
 GET /api/leave-requests 200 in 40ms
 GET /api/employees 200 in 28ms
 GET /api/leave-requests 200 in 28ms
 GET /api/leave-requests 200 in 31ms
 GET /api/leave-requests 200 in 28ms
 GET / 200 in 34ms
 GET /api/auth/csrf 200 in 42ms
 POST /api/auth/signout 200 in 34ms
 ○ Compiling /login ...
 ✓ Compiled /login in 768ms (1010 modules)
 GET /login 200 in 924ms
 GET /api/auth/session 200 in 49ms
 GET /api/auth/session 200 in 30ms
 GET / 200 in 41ms
 GET /api/auth/providers 200 in 28ms
 GET /api/auth/csrf 200 in 33ms
 POST /api/auth/callback/credentials 200 in 395ms
 GET /api/auth/session 200 in 33ms
 ✓ Compiled /dashboard in 137ms (659 modules)
 GET /dashboard?_rsc=3y0gy 200 in 32ms
 ✓ Compiled /api/employees/me in 140ms (661 modules)
 GET /api/employees/me 200 in 443ms
 GET /api/leave-requests 200 in 463ms
 GET /api/employees/me 200 in 32ms
 GET /api/leave-requests 200 in 32ms
 ○ Compiling /requests/new ...
 ✓ Compiled /requests/new in 937ms (1160 modules)
 GET /requests/new?_rsc=1eiff 200 in 32ms
 GET /api/employees/me 200 in 115ms
 GET /api/employees/me 200 in 28ms
 GET / 200 in 46ms
 GET / 200 in 40ms
 GET / 200 in 35ms
 GET / 200 in 34ms
 GET / 200 in 38ms
 ○ Compiling /requests ...
 ✓ Compiled /requests in 510ms (1009 modules)
 GET /requests?_rsc=18jz7 200 in 45ms
 ✓ Compiled /api/leave-requests in 111ms (602 modules)
 GET /api/leave-requests 200 in 282ms
 GET /api/leave-requests 200 in 28ms
 GET / 200 in 68ms
 ✓ Compiled /api/employees/me in 157ms (604 modules)
 GET /api/employees/me 200 in 287ms
 GET / 200 in 41ms
 GET /api/employees/me 200 in 25ms
[?25h
