➤ YN0000: · Yarn 4.9.2
➤ YN0000: ┌ Resolution step
➤ YN0085: │ + @types/mime-types@npm:3.0.1, @types/nodemailer@npm:7.0.0, mime-types@npm:3.0.1, nodemailer@npm:7.0.5, @aws-crypto/sha256-browser@npm:5.2.0, and 77 more.
➤ YN0000: └ Completed in 0s 749ms
➤ YN0000: ┌ Post-resolution validation
➤ YN0060: │ @typescript-eslint/parser is listed by your project with version 7.0.0 (p6cb6c), which doesn't satisfy what @typescript-eslint/eslint-plugin requests (^6.0.0-alpha).
➤ YN0060: │ eslint is listed by your project with version 9.24.0 (pe6e00), which doesn't satisfy what @typescript-eslint/eslint-plugin and other dependencies request (^8.57.0).
➤ YN0060: │ nodemailer is listed by your project with version 7.0.5 (p4594f), which doesn't satisfy what next-auth requests (^6.6.5).
➤ YN0002: │ app@workspace:. doesn't provide prettier (pd88b5), requested by eslint-plugin-prettier.
➤ YN0086: │ Some peer dependencies are incorrectly met by your project; run yarn explain peer-requirements <hash> for details, where <hash> is the six-letter p-prefixed code.
➤ YN0086: │ Some peer dependencies are incorrectly met by dependencies; run yarn explain peer-requirements for details.
➤ YN0000: └ Completed
➤ YN0000: ┌ Fetch step
➤ YN0013: │ 82 packages were added to the project (+ 8.48 MiB).
➤ YN0000: └ Completed in 1s 270ms
➤ YN0000: ┌ Link step
➤ YN0000: └ Completed in 0s 878ms
➤ YN0000: · Done with warnings in 3s 94ms
Environment variables loaded from .env
Prisma schema loaded from prisma/schema.prisma

✔ Generated Prisma Client (v6.7.0) to ./node_modules/.prisma/client in 128ms

Start by importing your Prisma Client (See: https://pris.ly/d/importing-client)

Help us improve the Prisma ORM for everyone. Share your feedback in a short 2-min survey: https://pris.ly/orm/survey/release-5-22

Starting server...
  ▲ Next.js 14.2.28
  - Local:        http://localhost:3000
  - Environments: .env
  - Experiments (use with caution):
    · outputFileTracingRoot

 ✓ Starting...
 ✓ Ready in 1462ms
 ○ Compiling / ...
 ✓ Compiled / in 3.2s (791 modules)
 GET / 200 in 3757ms
 ✓ Compiled in 474ms (280 modules)
 ○ Compiling /login ...
 ✓ Compiled /api/auth/[...nextauth] in 1383ms (895 modules)
 GET /api/auth/session 200 in 1276ms
 GET /login?_rsc=1ebxd 200 in 44ms
 GET /api/auth/session 200 in 46ms
 GET / 200 in 72ms
 GET / 200 in 60ms
 GET / 200 in 75ms
 GET / 200 in 77ms
 GET / 200 in 64ms
 GET /api/auth/session 200 in 50ms
 GET /login?_rsc=1ebxd 200 in 26ms
 GET /api/auth/session 200 in 35ms
 GET / 200 in 47ms
 GET / 200 in 49ms
 GET / 200 in 41ms
 GET / 200 in 46ms
 GET / 200 in 47ms
 ✓ Compiled in 35ms
   Reload env: .env
 ✓ Compiled in 230ms (319 modules)
 ✓ Compiled in 418ms (331 modules)
 ✓ Compiled in 278ms (331 modules)
[?25h
