*   Trying 127.0.0.1:3000...
  % Total    % Received % Xferd  Average Speed   Time    Time     Time  Current
                                 Dload  Upload   Total   Spent    Left  Speed
  0     0    0     0    0     0      0      0 --:--:-- --:--:-- --:--:--     0* Connected to localhost (127.0.0.1) port 3000 (#0)
> GET / HTTP/1.1
> Host: localhost:3000
> User-Agent: curl/7.81.0
> Accept: */*
> 
  0     0    0     0    0     0      0      0 --:--:--  0:00:01 --:--:--     0  0     0    0     0    0     0      0      0 --:--:--  0:00:02 --:--:--     0  0     0    0     0    0     0      0      0 --:--:--  0:00:03 --:--:--     0  0     0    0     0    0     0      0      0 --:--:--  0:00:04 --:--:--     0  0     0    0     0    0     0      0      0 --:--:--  0:00:05 --:--:--     0  0     0    0     0    0     0      0      0 --:--:--  0:00:06 --:--:--     0* Mark bundle as not supporting multiuse
< HTTP/1.1 500 Internal Server Error
< Vary: RSC, Next-Router-State-Tree, Next-Router-Prefetch, Accept-Encoding
< link: </_next/static/media/e4af272ccee01ff0-s.p.woff2>; rel=preload; as="font"; crossorigin=""; type="font/woff2"
< Cache-Control: no-store, must-revalidate
< X-Powered-By: Next.js
< ETag: "xbhdpnvk2a28i"
< Content-Type: text/html; charset=utf-8
< Content-Length: 2898
< Date: Sun, 17 Aug 2025 23:08:45 GMT
< Connection: keep-alive
< Keep-Alive: timeout=5
< 
{ [2898 bytes data]
100  2898  100  2898    0     0    422      0  0:00:06  0:00:06 --:--:--   621100  2898  100  2898    0     0    422      0  0:00:06  0:00:06 --:--:--   791
* Connection #0 to host localhost left intact
