  ▲ Next.js 14.2.28
  - Local:        http://localhost:3000
  - Environments: .env
  - Experiments (use with caution):
    · outputFileTracingRoot

 ✓ Starting...
 ✓ Ready in 1360ms
 ○ Compiling / ...
 ✓ Compiled / in 3.1s (791 modules)
 GET / 200 in 3341ms
 ✓ Compiled in 483ms (280 modules)
 ✓ Compiled /api/auth/[...nextauth] in 229ms (510 modules)
 GET /api/auth/providers 200 in 657ms
 GET / 200 in 72ms
 ○ Compiling /login ...
 ✓ Compiled /login in 874ms (895 modules)
 GET /api/auth/session 200 in 981ms
 GET /api/auth/session 200 in 37ms
 GET /login?_rsc=1ebxd 200 in 48ms
 GET /api/auth/csrf 200 in 42ms
 ✓ Compiled /api/signup in 217ms (602 modules)
 POST /api/signup 201 in 696ms
 GET / 200 in 73ms
 GET /api/auth/csrf 200 in 44ms
 POST /api/auth/callback/credentials 302 in 411ms
 ○ Compiling /dashboard ...
 ✓ Compiled /dashboard in 703ms (1018 modules)
 GET /dashboard 200 in 851ms
 GET / 200 in 46ms
 GET /dashboard 200 in 57ms
 GET /api/auth/session 200 in 63ms
 ✓ Compiled /api/employees in 335ms (701 modules)
 ✓ Compiled (703 modules)
 GET /api/auth/session 200 in 606ms
 GET /dashboard?_rsc=3y0gy 200 in 640ms
 GET /api/auth/session 200 in 31ms
 GET /api/employees 200 in 761ms
 GET /api/leave-requests 200 in 769ms
 GET /api/leave-requests 200 in 31ms
 GET /api/leave-requests 200 in 37ms
 GET /api/employees 200 in 34ms
 GET /api/auth/session 200 in 57ms
 GET /api/leave-requests 200 in 30ms
 GET /api/auth/session 200 in 28ms
 GET /api/employees 200 in 38ms
 GET /api/auth/session 200 in 32ms
 GET /api/employees 200 in 31ms
 ○ Compiling /admin/employees/new ...
 ✓ Compiled /admin/employees/new in 1484ms (1283 modules)
 GET /admin/requests 200 in 1712ms
 GET /admin/areas 200 in 1712ms
 GET /admin/employees 200 in 1724ms
 GET /requests 200 in 1711ms
 GET /admin/employees/new 200 in 1710ms
 GET /admin/requests/cmef5hoyb0015wqo2g3oab8mu 200 in 2144ms
 GET /api/auth/session 200 in 56ms
 GET /api/leave-requests 200 in 181ms
 ✓ Compiled /api/areas in 288ms (821 modules)
 GET /api/auth/session 200 in 639ms
 GET /api/employees 200 in 695ms
 GET /api/auth/session 200 in 28ms
 GET /api/leave-requests 200 in 584ms
 GET /api/areas 200 in 749ms
 GET /api/leave-requests?requestId=cmef5hoyb0015wqo2g3oab8mu 200 in 341ms
 GET /api/employees 200 in 41ms
 GET /api/auth/session 200 in 39ms
 GET /api/leave-requests 200 in 43ms
 GET /api/leave-requests?requestId=cmef5hoyb0015wqo2g3oab8mu 200 in 39ms
 GET /api/areas 200 in 45ms
 GET /api/auth/session 200 in 25ms
 GET /api/leave-requests 200 in 34ms
 GET /api/areas 200 in 28ms
 GET /api/auth/session 200 in 24ms
 GET /api/areas 200 in 29ms
 GET /api/auth/session 200 in 51ms
 GET /api/auth/session 200 in 25ms
 GET /api/auth/session 200 in 22ms
 GET /api/auth/session 200 in 25ms
 GET /api/auth/session 200 in 24ms
 GET /api/auth/session 200 in 36ms
 GET /api/auth/session 200 in 29ms
 GET /api/auth/session 200 in 25ms
 GET /api/auth/session 200 in 25ms
 GET /api/auth/session 200 in 35ms
 GET /api/auth/session 200 in 23ms
 GET /api/auth/session 200 in 23ms
 GET /api/auth/session 200 in 28ms
 GET /api/areas 200 in 32ms
 GET /api/auth/session 200 in 24ms
 GET /api/auth/session 200 in 40ms
 ○ Compiling /admin/employees/[id]/edit ...
 ✓ Compiled /admin/employees/[id]/edit in 1019ms (1305 modules)
 GET /requests/new 200 in 1172ms
 GET /admin/employees/cmef5hox5000gwqo2zsowjypk/edit 200 in 1532ms
 GET /admin/employees/cmef5hox0000dwqo2ubygf6z6/edit 200 in 1532ms
 GET /admin/employees/cmef5howo0007wqo2hzhrvyly/edit 200 in 1529ms
 GET /admin/employees/cmef5hoxg000mwqo2qdfftegz/edit 200 in 1530ms
 GET /admin/employees/cmef5hoxv000vwqo20wqzy3z0/edit 200 in 1534ms
 GET /admin/employees/cmef5hoxb000jwqo29btjta01/edit 200 in 1509ms
 ✓ Compiled /api/employees/me in 350ms (836 modules)
 GET /api/auth/session 200 in 789ms
 GET /api/auth/session 200 in 59ms
 GET /api/employees/me 200 in 952ms
 GET /api/auth/session 200 in 71ms
 GET /api/employees/me 200 in 54ms
 GET /api/areas 200 in 153ms
 GET /api/auth/session 200 in 32ms
 GET /api/areas 200 in 51ms
 ✓ Compiled /api/employees/[id] in 316ms (838 modules)
 GET /api/auth/session 200 in 665ms
 GET /api/auth/session 200 in 24ms
 GET /api/areas 200 in 676ms
 GET /api/auth/session 200 in 39ms
 GET /api/areas 200 in 51ms
 GET /api/auth/session 200 in 31ms
 GET /api/areas 200 in 34ms
 GET /api/areas 200 in 42ms
 GET /api/auth/session 200 in 51ms
 GET /api/areas 200 in 31ms
 GET /api/auth/session 200 in 29ms
 GET /api/employees/cmef5hox5000gwqo2zsowjypk 200 in 175ms
 GET /api/employees/cmef5hox0000dwqo2ubygf6z6 200 in 1140ms
 GET /api/employees/cmef5howo0007wqo2hzhrvyly 200 in 343ms
 GET /api/areas 200 in 36ms
 GET /api/employees/cmef5hoxb000jwqo29btjta01 200 in 66ms
 GET /api/auth/session 200 in 64ms
 GET /api/employees/cmef5hox5000gwqo2zsowjypk 200 in 59ms
 GET /api/areas 200 in 74ms
 GET /api/employees/cmef5howo0007wqo2hzhrvyly 200 in 75ms
 GET /api/employees/cmef5hox0000dwqo2ubygf6z6 200 in 75ms
 GET /api/employees/cmef5hoxb000jwqo29btjta01 200 in 66ms
 GET /api/auth/session 200 in 30ms
 GET /api/areas 200 in 34ms
 GET /api/employees/cmef5hoxg000mwqo2qdfftegz 200 in 35ms
 GET /api/auth/session 200 in 22ms
 GET /api/areas 200 in 30ms
 GET /api/employees/cmef5hoxg000mwqo2qdfftegz 200 in 41ms
 GET /api/auth/session 200 in 42ms
 GET /api/areas 200 in 33ms
 GET /api/employees/cmef5hoxv000vwqo20wqzy3z0 200 in 37ms
 GET /api/auth/session 200 in 23ms
 GET /api/auth/session 200 in 25ms
 GET /api/employees/cmef5hoxv000vwqo20wqzy3z0 200 in 39ms
 GET /api/auth/session 200 in 22ms
 GET /api/auth/session 200 in 23ms
 GET /api/auth/session 200 in 46ms
 GET /api/auth/session 200 in 27ms
 GET /api/auth/session 200 in 23ms
 GET /api/auth/session 200 in 24ms
 GET /api/auth/session 200 in 25ms
 GET /api/auth/session 200 in 33ms
 GET /api/auth/session 200 in 24ms
 GET /api/auth/session 200 in 25ms
[?25h
