  ▲ Next.js 14.2.28
  - Local:        http://localhost:3000
  - Environments: .env
  - Experiments (use with caution):
    · outputFileTracingRoot

 ✓ Starting...
 ✓ Ready in 2s
 ○ Compiling / ...
 ✓ Compiled / in 3s (791 modules)
 GET / 200 in 3218ms
 ✓ Compiled in 425ms (280 modules)
 GET / 200 in 49ms
 ○ Compiling /api/auth/[...nextauth] ...
 ✓ Compiled /api/auth/[...nextauth] in 930ms (895 modules)
 GET /login?_rsc=1ebxd 200 in 29ms
 GET /api/auth/session 200 in 1350ms
 GET /api/auth/session 200 in 33ms
 GET /api/auth/session 200 in 24ms
 GET /api/auth/session 200 in 22ms
 GET /api/auth/session 200 in 22ms
 GET /api/auth/session 200 in 22ms
 GET /api/auth/session 200 in 23ms
 GET /api/auth/session 200 in 35ms
 GET /api/auth/session 200 in 21ms
 GET /api/auth/session 200 in 25ms
 GET /login 200 in 59ms
 GET /api/auth/session 200 in 38ms
 GET /api/auth/session 200 in 31ms
 GET /api/auth/session 200 in 25ms
 GET /api/auth/session 200 in 22ms
 GET /api/auth/session 200 in 21ms
 GET /api/auth/session 200 in 28ms
 GET /api/auth/session 200 in 31ms
 GET /api/auth/session 200 in 21ms
 GET /api/auth/session 200 in 30ms
 GET /api/auth/session 200 in 21ms
 GET /api/auth/session 200 in 20ms
 GET /api/auth/session 200 in 19ms
 GET /api/auth/session 200 in 20ms
 GET /api/auth/session 200 in 20ms
 GET /api/auth/session 200 in 21ms
 GET /api/auth/session 200 in 31ms
 GET /api/auth/session 200 in 21ms
 GET /api/auth/session 200 in 21ms
 GET /api/auth/session 200 in 19ms
 GET /api/auth/session 200 in 18ms
[?25h
