  ▲ Next.js 14.2.28
  - Local:        http://localhost:3000
  - Environments: .env
  - Experiments (use with caution):
    · outputFileTracingRoot

 ✓ Starting...
 ✓ Ready in 1804ms
 ○ Compiling / ...
 ✓ Compiled / in 3.2s (791 modules)
 GET / 200 in 3752ms
 ✓ Compiled in 520ms (280 modules)
 GET / 200 in 54ms
 ○ Compiling /api/auth/[...nextauth] ...
 ✓ Compiled /api/auth/[...nextauth] in 970ms (895 modules)
 GET /login?_rsc=1ebxd 200 in 34ms
 GET /api/auth/session 200 in 1474ms
 GET /api/auth/session 200 in 36ms
 GET / 200 in 74ms
 GET / 200 in 44ms
 GET /api/auth/session 200 in 45ms
 GET /api/auth/session 200 in 30ms
 GET /login?_rsc=1ebxd 200 in 68ms
 GET / 200 in 43ms
 GET / 200 in 50ms
 GET / 200 in 38ms
 GET / 200 in 40ms
 GET / 200 in 39ms
 GET / 200 in 38ms
 GET / 200 in 35ms
 GET / 200 in 40ms
 GET / 200 in 37ms
 GET / 200 in 36ms
 GET / 200 in 47ms
 GET / 200 in 41ms
 GET / 200 in 37ms
 GET / 200 in 37ms
 GET / 200 in 46ms
 GET / 200 in 37ms
 GET / 200 in 36ms
 GET / 200 in 32ms
 GET / 200 in 32ms
 GET / 200 in 35ms
 GET /api/auth/session 200 in 50ms
 GET /api/auth/session 200 in 29ms
 GET /login?_rsc=1ebxd 200 in 34ms
 GET / 200 in 38ms
 GET / 200 in 44ms
 GET / 200 in 44ms
 GET / 200 in 35ms
 GET / 200 in 36ms
 GET / 200 in 36ms
 GET /api/auth/session 200 in 45ms
 GET /login?_rsc=1ebxd 200 in 29ms
 GET /api/auth/session 200 in 28ms
 GET / 200 in 39ms
 GET / 200 in 37ms
 GET / 200 in 45ms
 GET / 200 in 40ms
 GET / 200 in 36ms
 GET / 200 in 36ms
 GET / 200 in 44ms
 GET / 200 in 38ms
 GET / 200 in 36ms
 GET / 200 in 36ms
 GET / 200 in 35ms
 GET / 200 in 37ms
 GET /api/auth/session 200 in 44ms
 GET /login?_rsc=1ebxd 200 in 27ms
 GET /api/auth/session 200 in 28ms
 GET / 200 in 34ms
 GET / 200 in 35ms
 GET / 200 in 34ms
 GET / 200 in 44ms
 GET / 200 in 36ms
 GET / 200 in 33ms
 GET / 200 in 37ms
 GET / 200 in 33ms
 GET /api/auth/session 200 in 48ms
 GET /login?_rsc=1ebxd 200 in 29ms
 GET /api/auth/session 200 in 28ms
 GET / 200 in 33ms
 GET / 200 in 34ms
 GET / 200 in 34ms
 GET / 200 in 31ms
 GET /api/auth/session 200 in 39ms
 GET /api/auth/session 200 in 25ms
 GET /login?_rsc=1ebxd 200 in 35ms
 GET /api/auth/providers 200 in 31ms
 GET /api/auth/csrf 200 in 26ms
 POST /api/auth/callback/credentials 401 in 135ms
 GET / 200 in 32ms
 GET /api/auth/providers 200 in 32ms
 GET /api/auth/csrf 200 in 21ms
 POST /api/auth/callback/credentials 401 in 41ms
 GET / 200 in 35ms
 GET /api/auth/providers 200 in 36ms
 GET /api/auth/csrf 200 in 25ms
 POST /api/auth/callback/credentials 401 in 39ms
 GET / 200 in 32ms
 GET / 200 in 42ms
 GET /api/auth/providers 200 in 39ms
 GET /api/auth/csrf 200 in 26ms
 POST /api/auth/callback/credentials 401 in 41ms
 GET / 200 in 34ms
 GET / 200 in 34ms
 GET /api/auth/session 200 in 52ms
 GET /api/auth/session 200 in 24ms
 GET /login?_rsc=1ebxd 200 in 29ms
 GET /api/auth/providers 200 in 45ms
 GET /api/auth/csrf 200 in 37ms
 POST /api/auth/callback/credentials 200 in 347ms
 GET /api/auth/session 200 in 40ms
 ○ Compiling /dashboard ...
 ✓ Compiled /dashboard in 823ms (988 modules)
 GET /dashboard?_rsc=3y0gy 200 in 51ms
 ✓ Compiled /api/employees in 338ms (696 modules)
 ✓ Compiled (698 modules)
 GET /api/employees 200 in 923ms
 GET /api/leave-requests 200 in 928ms
 GET /api/employees 200 in 39ms
 GET /api/leave-requests 200 in 45ms
 GET / 200 in 77ms
 ○ Compiling /admin/employees ...
 ✓ Compiled /admin/employees in 888ms (1174 modules)
 GET /admin/employees?_rsc=czupt 200 in 38ms
 GET /api/employees 200 in 120ms
 GET /api/employees 200 in 31ms
 ✓ Compiled /api/employees/[id] in 194ms (758 modules)
 DELETE /api/employees/cmef49zrd000jwqpx8v5270uc 409 in 698ms
 GET / 200 in 48ms
 DELETE /api/employees/cmef49zrd000jwqpx8v5270uc 409 in 45ms
 DELETE /api/employees/cmef49zrd000jwqpx8v5270uc 409 in 41ms
 GET / 200 in 38ms
 GET / 200 in 33ms
 GET / 200 in 36ms
 GET / 200 in 33ms
 ✓ Compiled in 583ms (934 modules)
 ✓ Compiled in 250ms (430 modules)
 ✓ Compiled in 279ms (430 modules)
 ✓ Compiled in 270ms (430 modules)
[?25h
