  ▲ Next.js 14.2.28
  - Local:        http://localhost:3000
  - Environments: .env
  - Experiments (use with caution):
    · outputFileTracingRoot

 ✓ Starting...
 ✓ Ready in 1396ms
 ○ Compiling / ...
 ✓ Compiled / in 1693ms (784 modules)
 GET / 200 in 1952ms
 GET / 200 in 1544ms
 ✓ Compiled in 457ms (280 modules)
 GET / 200 in 43ms
 ○ Compiling /api/auth/[...nextauth] ...
 ✓ Compiled /api/auth/[...nextauth] in 896ms (926 modules)
 GET /api/auth/session 200 in 1308ms
 GET /dashboard?_rsc=3y0gy 200 in 24ms
 GET /api/auth/session 200 in 37ms
 ○ Compiling /api/employees ...
 ✓ Compiled /api/employees in 1158ms (613 modules)
 ✓ Compiled (615 modules)
 GET /api/employees 200 in 1507ms
 GET /api/leave-requests 200 in 1520ms
 GET /api/employees 200 in 30ms
 GET /api/leave-requests 200 in 36ms
 GET /api/auth/providers 200 in 50ms
 GET / 200 in 63ms
 GET / 200 in 30ms
 GET / 200 in 27ms
 ○ Compiling /login ...
 ✓ Compiled /login in 742ms (1016 modules)
 GET /api/auth/session 200 in 863ms
 GET / 200 in 904ms
 GET /api/auth/session 200 in 22ms
 GET /login?_rsc=1ebxd 200 in 29ms
 GET /api/auth/session 200 in 51ms
 GET /dashboard?_rsc=3y0gy 200 in 30ms
 GET /api/auth/session 200 in 40ms
 GET /api/employees 200 in 123ms
 GET /api/leave-requests 200 in 128ms
 GET /api/employees 200 in 32ms
 GET /api/leave-requests 200 in 43ms
 GET /api/auth/csrf 200 in 31ms
 ✓ Compiled /api/signup in 176ms (655 modules)
 POST /api/signup 201 in 597ms
 GET / 200 in 46ms
 GET /api/auth/csrf 200 in 51ms
 POST /api/auth/callback/credentials 302 in 374ms
 GET /dashboard 200 in 39ms
 GET /dashboard 200 in 38ms
 GET / 200 in 42ms
 GET /api/auth/session 200 in 57ms
 GET /api/auth/session 200 in 22ms
 GET /dashboard?_rsc=3y0gy 200 in 25ms
 GET /api/leave-requests 200 in 148ms
 GET /api/employees 200 in 148ms
 GET /api/auth/session 200 in 23ms
 GET /api/employees 200 in 32ms
 GET /api/leave-requests 200 in 41ms
 GET /api/auth/session 200 in 22ms
 GET /api/employees 200 in 33ms
 GET /api/leave-requests 200 in 38ms
 GET /api/auth/session 200 in 38ms
 GET /api/employees 200 in 28ms
 GET /api/leave-requests 200 in 32ms
 ○ Compiling /admin/areas ...
 ✓ Compiled /admin/areas in 1474ms (1182 modules)
 GET /admin/employees/new 200 in 1687ms
 GET /admin/areas 200 in 1689ms
 GET /admin/employees 200 in 1702ms
 GET /admin/requests 200 in 1703ms
 GET /requests 200 in 1706ms
 GET /admin/requests/cmeevtizy000zm2veoi5vn3pq 200 in 1976ms
 GET /admin/requests/cmeevtj030015m2ve1h1137pv 200 in 1987ms
 GET /api/auth/session 200 in 161ms
 GET /api/leave-requests 200 in 218ms
 GET /api/auth/session 200 in 232ms
 GET /api/employees 200 in 326ms
 GET /api/leave-requests 200 in 79ms
 GET /api/auth/session 200 in 124ms
 GET /api/employees 200 in 110ms
 GET /api/leave-requests 200 in 114ms
 GET /api/leave-requests?requestId=cmeevtizy000zm2veoi5vn3pq 200 in 53ms
 GET /api/auth/session 200 in 43ms
 ○ Compiling /api/areas ...
 ✓ Compiled /api/areas in 579ms (747 modules)
 GET /api/auth/session 200 in 868ms
 GET /api/auth/session 200 in 31ms
 GET /api/areas 200 in 1063ms
 GET /api/leave-requests?requestId=cmeevtizy000zm2veoi5vn3pq 200 in 1022ms
 GET /api/leave-requests 200 in 1046ms
 GET /api/leave-requests?requestId=cmeevtj030015m2ve1h1137pv 200 in 1040ms
 GET /api/auth/session 200 in 26ms
 GET /api/areas 200 in 39ms
 GET /api/auth/session 200 in 38ms
 GET /api/leave-requests?requestId=cmeevtj030015m2ve1h1137pv 200 in 47ms
 GET /api/auth/session 200 in 22ms
 GET /api/auth/session 200 in 33ms
 GET /api/auth/session 200 in 22ms
 GET /api/auth/session 200 in 23ms
 GET /api/auth/session 200 in 23ms
 GET /api/areas 200 in 27ms
 GET /api/auth/session 200 in 22ms
 GET /api/auth/session 200 in 21ms
 GET /api/auth/session 200 in 43ms
 GET /api/auth/session 200 in 22ms
 GET /api/auth/session 200 in 22ms
 GET /api/auth/session 200 in 22ms
 GET /api/auth/session 200 in 24ms
 GET /api/auth/session 200 in 26ms
 GET /api/auth/session 200 in 40ms
 ○ Compiling /requests/new ...
 ✓ Compiled /requests/new in 740ms (1227 modules)
 GET /requests/new 200 in 842ms
 ✓ Compiled /api/employees/me in 263ms (772 modules)
 GET /api/auth/session 200 in 560ms
 GET /api/auth/session 200 in 22ms
 GET /api/employees/me 200 in 672ms
 GET /api/employees/me 200 in 24ms
 GET / 200 in 50ms
[?25h
