➤ YN0000: · Yarn 4.9.2
➤ YN0000: ┌ Resolution step
➤ YN0000: └ Completed
➤ YN0000: ┌ Post-resolution validation
➤ YN0060: │ @typescript-eslint/parser is listed by your project with version 7.0.0 (p6cb6c), which doesn't satisfy what @typescript-eslint/eslint-plugin requests (^6.0.0-alpha).
➤ YN0060: │ eslint is listed by your project with version 9.24.0 (pe6e00), which doesn't satisfy what @typescript-eslint/eslint-plugin and other dependencies request (^8.57.0).
➤ YN0060: │ nodemailer is listed by your project with version 7.0.5 (p4594f), which doesn't satisfy what next-auth requests (^6.6.5).
➤ YN0002: │ app@workspace:. doesn't provide prettier (pd88b5), requested by eslint-plugin-prettier.
➤ YN0086: │ Some peer dependencies are incorrectly met by your project; run yarn explain peer-requirements <hash> for details, where <hash> is the six-letter p-prefixed code.
➤ YN0086: │ Some peer dependencies are incorrectly met by dependencies; run yarn explain peer-requirements for details.
➤ YN0000: └ Completed
➤ YN0000: ┌ Fetch step
➤ YN0000: └ Completed in 1s 415ms
➤ YN0000: ┌ Link step
➤ YN0000: └ Completed in 0s 585ms
➤ YN0000: · Done with warnings in 2s 318ms
Environment variables loaded from .env
Prisma schema loaded from prisma/schema.prisma

✔ Generated Prisma Client (v6.7.0) to ./node_modules/.prisma/client in 135ms

Start by importing your Prisma Client (See: https://pris.ly/d/importing-client)

Tip: Want to turn off tips and other hints? https://pris.ly/tip-4-nohints

Starting server...
  ▲ Next.js 14.2.28
  - Local:        http://localhost:3000
  - Environments: .env
  - Experiments (use with caution):
    · outputFileTracingRoot

 ✓ Starting...
 ✓ Ready in 1727ms
 ○ Compiling / ...
 ✓ Compiled / in 2.6s (791 modules)
 GET / 200 in 2963ms
 ✓ Compiled in 441ms (280 modules)
 GET / 200 in 48ms
 ○ Compiling /api/auth/[...nextauth] ...
 ✓ Compiled /api/auth/[...nextauth] in 804ms (895 modules)
 GET /login?_rsc=1ebxd 200 in 28ms
 GET /api/auth/session 200 in 1241ms
 GET /api/auth/session 200 in 1242ms
 GET /api/auth/providers 200 in 33ms
 GET /api/auth/csrf 200 in 22ms
🔄 Redirect callback: {
  url: 'https://ff4b87c42.preview.abacusai.app/login',
  baseUrl: 'http://localhost:3000'
}
 POST /api/auth/callback/credentials 200 in 37ms
 GET /api/auth/session 200 in 30ms
 ✓ Compiled /dashboard in 458ms (992 modules)
 GET /dashboard?_rsc=3y0gy 200 in 32ms
 GET / 200 in 67ms
 GET / 200 in 42ms
 GET / 200 in 47ms
 GET / 200 in 37ms
[?25h
