app/api/areas/[id]/route.ts(104,18): error TS2551: Property 'Area' does not exist on type 'PrismaClient<PrismaClientOptions, never, DefaultArgs>'. Did you mean 'area'?
app/api/employees/[id]/route.ts(109,41): error TS2551: Property 'User' does not exist on type 'PrismaClient<PrismaClientOptions, never, DefaultArgs>'. Did you mean 'user'?
app/api/employees/[id]/route.ts(138,20): error TS2551: Property 'User' does not exist on type 'Omit<PrismaClient<PrismaClientOptions, never, DefaultArgs>, "$connect" | "$disconnect" | "$on" | "$transaction" | "$use" | "$extends">'. Did you mean 'user'?
app/api/employees/[id]/route.ts(161,11): error TS2322: Type '{ user: { select: { email: true; role: true; }; }; Area: true; }' is not assignable to type 'employeesInclude<DefaultArgs>'.
  Object literal may only specify known properties, but 'user' does not exist in type 'employeesInclude<DefaultArgs>'. Did you mean to write 'User'?
app/api/employees/[id]/route.ts(231,20): error TS2551: Property 'User' does not exist on type 'Omit<PrismaClient<PrismaClientOptions, never, DefaultArgs>, "$connect" | "$disconnect" | "$on" | "$transaction" | "$use" | "$extends">'. Did you mean 'user'?
app/api/employees/me/route.ts(21,9): error TS2322: Type '{ user: { select: { email: true; role: true; }; }; Area: true; leave_requests: { orderBy: { createdAt: "desc"; }; take: number; }; }' is not assignable to type 'employeesInclude<DefaultArgs>'.
  Object literal may only specify known properties, but 'user' does not exist in type 'employeesInclude<DefaultArgs>'. Did you mean to write 'User'?
app/api/employees/route.ts(24,9): error TS2322: Type '{ user: { select: { email: true; role: true; }; }; Area: true; leave_requests: { orderBy: { createdAt: "desc"; }; take: number; }; }' is not assignable to type 'employeesInclude<DefaultArgs>'.
  Object literal may only specify known properties, but 'user' does not exist in type 'employeesInclude<DefaultArgs>'. Did you mean to write 'User'?
app/api/employees/route.ts(119,37): error TS2339: Property 'create' does not exist on type 'Omit<PrismaClient<PrismaClientOptions, never, DefaultArgs>, "$connect" | "$disconnect" | "$on" | "$transaction" | "$use" | "$extends">'.
app/api/leave-requests/[id]/approve/route.ts(84,11): error TS2322: Type '{ employee: { include: { Area: true; user: true; }; }; }' is not assignable to type 'leave_requestsInclude<DefaultArgs>'.
  Object literal may only specify known properties, but 'employee' does not exist in type 'leave_requestsInclude<DefaultArgs>'. Did you mean to write 'employees'?
app/api/leave-requests/[id]/approve/route.ts(99,50): error TS2339: Property 'vacationDays' does not exist on type '{ employees: { User: { id: string; name: string | null; createdAt: Date; updatedAt: Date; email: string; password: string; emailVerified: Date | null; image: string | null; role: UserRole; }; } & { ...; }; } & { ...; }'.
app/api/leave-requests/[id]/approve/route.ts(103,51): error TS2339: Property 'personalHours' does not exist on type '{ employees: { User: { id: string; name: string | null; createdAt: Date; updatedAt: Date; email: string; password: string; emailVerified: Date | null; image: string | null; role: UserRole; }; } & { ...; }; } & { ...; }'.
app/api/leave-requests/[id]/approve/route.ts(107,49): error TS2339: Property 'remoteHours' does not exist on type '{ employees: { User: { id: string; name: string | null; createdAt: Date; updatedAt: Date; email: string; password: string; emailVerified: Date | null; image: string | null; role: UserRole; }; } & { ...; }; } & { ...; }'.
app/api/leave-requests/[id]/approve/route.ts(111,52): error TS2339: Property 'availableHours' does not exist on type '{ employees: { User: { id: string; name: string | null; createdAt: Date; updatedAt: Date; email: string; password: string; emailVerified: Date | null; image: string | null; role: UserRole; }; } & { ...; }; } & { ...; }'.
app/api/leave-requests/[id]/approve/route.ts(116,22): error TS2339: Property 'update' does not exist on type 'Omit<PrismaClient<PrismaClientOptions, never, DefaultArgs>, "$connect" | "$disconnect" | "$on" | "$transaction" | "$use" | "$extends">'.
app/api/leave-requests/[id]/approve/route.ts(149,30): error TS2551: Property 'employees' does not exist on type '{ status: RequestStatus; id: string; createdAt: Date; updatedAt: Date; employeeId: string; type: LeaveRequestType; startDate: Date; endDate: Date; ... 6 more ...; adminNotes: string | null; }'. Did you mean 'employeeId'?
app/api/leave-requests/[id]/approve/route.ts(157,44): error TS2551: Property 'employees' does not exist on type '{ status: RequestStatus; id: string; createdAt: Date; updatedAt: Date; employeeId: string; type: LeaveRequestType; startDate: Date; endDate: Date; ... 6 more ...; adminNotes: string | null; }'. Did you mean 'employeeId'?
scripts/seed-development.ts(26,16): error TS2551: Property 'User' does not exist on type 'PrismaClient<PrismaClientOptions, never, DefaultArgs>'. Did you mean 'user'?
scripts/seed-development.ts(27,16): error TS2551: Property 'Area' does not exist on type 'PrismaClient<PrismaClientOptions, never, DefaultArgs>'. Did you mean 'area'?
scripts/seed-development.ts(33,12): error TS2551: Property 'Area' does not exist on type 'PrismaClient<PrismaClientOptions, never, DefaultArgs>'. Did you mean 'area'?
scripts/seed-development.ts(39,12): error TS2551: Property 'Area' does not exist on type 'PrismaClient<PrismaClientOptions, never, DefaultArgs>'. Did you mean 'area'?
scripts/seed-development.ts(45,12): error TS2551: Property 'Area' does not exist on type 'PrismaClient<PrismaClientOptions, never, DefaultArgs>'. Did you mean 'area'?
scripts/seed-development.ts(51,12): error TS2551: Property 'Area' does not exist on type 'PrismaClient<PrismaClientOptions, never, DefaultArgs>'. Did you mean 'area'?
scripts/seed-development.ts(57,12): error TS2551: Property 'Area' does not exist on type 'PrismaClient<PrismaClientOptions, never, DefaultArgs>'. Did you mean 'area'?
scripts/seed-development.ts(72,34): error TS2551: Property 'User' does not exist on type 'PrismaClient<PrismaClientOptions, never, DefaultArgs>'. Did you mean 'user'?
scripts/seed-development.ts(131,31): error TS2551: Property 'User' does not exist on type 'PrismaClient<PrismaClientOptions, never, DefaultArgs>'. Did you mean 'user'?
scripts/seed-production.ts(63,36): error TS2551: Property 'User' does not exist on type 'PrismaClient<PrismaClientOptions, never, DefaultArgs>'. Did you mean 'user'?
scripts/seed.ts(11,16): error TS2551: Property 'attachment' does not exist on type 'PrismaClient<PrismaClientOptions, never, DefaultArgs>'. Did you mean 'attachments'?
scripts/seed.ts(13,16): error TS2339: Property 'deleteMany' does not exist on type 'PrismaClient<PrismaClientOptions, never, DefaultArgs>'.
scripts/seed.ts(69,38): error TS2339: Property 'create' does not exist on type 'PrismaClient<PrismaClientOptions, never, DefaultArgs>'.
scripts/seed.ts(194,35): error TS2339: Property 'create' does not exist on type 'PrismaClient<PrismaClientOptions, never, DefaultArgs>'.
scripts/test-login.ts(45,38): error TS2339: Property 'firstName' does not exist on type '{ employees: { id: string; createdAt: Date; updatedAt: Date; userId: string; dni: string; firstName: string; lastName: string; birthDate: Date; hireDate: Date; areaId: string; ... 10 more ...; totalAvailableHours: number; } | null; } & { ...; }'.
scripts/test-login.ts(45,54): error TS2339: Property 'lastName' does not exist on type '{ employees: { id: string; createdAt: Date; updatedAt: Date; userId: string; dni: string; firstName: string; lastName: string; birthDate: Date; hireDate: Date; areaId: string; ... 10 more ...; totalAvailableHours: number; } | null; } & { ...; }'.
scripts/test-login.ts(46,35): error TS2339: Property 'dni' does not exist on type '{ employees: { id: string; createdAt: Date; updatedAt: Date; userId: string; dni: string; firstName: string; lastName: string; birthDate: Date; hireDate: Date; areaId: string; ... 10 more ...; totalAvailableHours: number; } | null; } & { ...; }'.
scripts/test-login.ts(47,36): error TS2339: Property 'areaId' does not exist on type '{ employees: { id: string; createdAt: Date; updatedAt: Date; userId: string; dni: string; firstName: string; lastName: string; birthDate: Date; hireDate: Date; areaId: string; ... 10 more ...; totalAvailableHours: number; } | null; } & { ...; }'.
scripts/test-login.ts(48,40): error TS2339: Property 'position' does not exist on type '{ employees: { id: string; createdAt: Date; updatedAt: Date; userId: string; dni: string; firstName: string; lastName: string; birthDate: Date; hireDate: Date; areaId: string; ... 10 more ...; totalAvailableHours: number; } | null; } & { ...; }'.
scripts/verify-admin.ts(16,7): error TS2322: Type '{ employee: true; }' is not assignable to type 'UserInclude<DefaultArgs>'.
  Object literal may only specify known properties, but 'employee' does not exist in type 'UserInclude<DefaultArgs>'. Did you mean to write 'employees'?
scripts/verify-admin.ts(32,17): error TS2339: Property 'employee' does not exist on type '{ id: string; name: string | null; createdAt: Date; updatedAt: Date; email: string; password: string; emailVerified: Date | null; image: string | null; role: UserRole; }'.
scripts/verify-admin.ts(33,52): error TS2339: Property 'firstName' does not exist on type '{ id: string; name: string | null; createdAt: Date; updatedAt: Date; email: string; password: string; emailVerified: Date | null; image: string | null; role: UserRole; }'.
scripts/verify-admin.ts(33,73): error TS2339: Property 'lastName' does not exist on type '{ id: string; name: string | null; createdAt: Date; updatedAt: Date; email: string; password: string; emailVerified: Date | null; image: string | null; role: UserRole; }'.
exit_code=2
