➤ YN0000: · Yarn 4.9.2
➤ YN0000: ┌ Resolution step
➤ YN0000: └ Completed
➤ YN0000: ┌ Post-resolution validation
➤ YN0060: │ @typescript-eslint/parser is listed by your project with version 7.0.0 (p6cb6c), which doesn't satisfy what @typescript-eslint/eslint-plugin requests (^6.0.0-alpha).
➤ YN0060: │ eslint is listed by your project with version 9.24.0 (pe6e00), which doesn't satisfy what @typescript-eslint/eslint-plugin and other dependencies request (^8.57.0).
➤ YN0060: │ nodemailer is listed by your project with version 7.0.5 (p4594f), which doesn't satisfy what next-auth requests (^6.6.5).
➤ YN0002: │ app@workspace:. doesn't provide prettier (pd88b5), requested by eslint-plugin-prettier.
➤ YN0086: │ Some peer dependencies are incorrectly met by your project; run yarn explain peer-requirements <hash> for details, where <hash> is the six-letter p-prefixed code.
➤ YN0086: │ Some peer dependencies are incorrectly met by dependencies; run yarn explain peer-requirements for details.
➤ YN0000: └ Completed
➤ YN0000: ┌ Fetch step
➤ YN0000: └ Completed in 1s 380ms
➤ YN0000: ┌ Link step
➤ YN0000: └ Completed in 0s 574ms
➤ YN0000: · Done with warnings in 2s 150ms
Environment variables loaded from .env
Prisma schema loaded from prisma/schema.prisma

✔ Generated Prisma Client (v6.7.0) to ./node_modules/.prisma/client in 136ms

Start by importing your Prisma Client (See: https://pris.ly/d/importing-client)

Tip: Want to turn off tips and other hints? https://pris.ly/tip-4-nohints

Starting server...
  ▲ Next.js 14.2.28
  - Local:        http://localhost:3000
  - Environments: .env
  - Experiments (use with caution):
    · outputFileTracingRoot

 ✓ Starting...
 ✓ Ready in 1439ms
 ○ Compiling / ...
 ✓ Compiled / in 1506ms (784 modules)
 GET / 200 in 1904ms
 ✓ Compiled in 454ms (280 modules)
 GET / 200 in 120ms
 GET / 200 in 93ms
 ✓ Compiled /_not-found in 288ms (775 modules)
 GET /_next/static/chunks/app/login/page.js 404 in 340ms
 ○ Compiling /api/auth/[...nextauth] ...
 ✓ Compiled /api/auth/[...nextauth] in 567ms (898 modules)
 GET /api/auth/session 200 in 1018ms
 GET /api/auth/session 200 in 1015ms
 GET /login?_rsc=1ebxd 200 in 28ms
 GET / 200 in 87ms
 GET / 200 in 39ms
 GET /api/auth/session 200 in 39ms
 GET /api/auth/session 200 in 45ms
 GET /login?_rsc=1ebxd 200 in 29ms
[?25h
