Attention: Next.js now collects completely anonymous telemetry regarding usage.
This information is used to shape Next.js' roadmap and prioritize features.
You can learn more, including how to opt-out if you'd not like to participate in this anonymous program, by visiting the following URL:
https://nextjs.org/telemetry

  ▲ Next.js 14.2.28
  - Environments: .env
  - Experiments (use with caution):
    · outputFileTracingRoot

   Creating an optimized production build ...
 ✓ Compiled successfully
   Skipping linting
   Checking validity of types ...

   We detected TypeScript in your project and reconfigured your tsconfig.json file for you. Strict-mode is set to false by default.
   The following suggested values were added to your tsconfig.json. These values can be changed to fit your project's needs:

   	- include was updated to add '.build/types/**/*.ts'

   Collecting page data ...
   Generating static pages (0/10) ...
   Generating static pages (2/10) 
   Generating static pages (4/10) 
   Generating static pages (7/10) 
 ✓ Generating static pages (10/10)
   Finalizing page optimization ...
   Collecting build traces ...

Route (app)                              Size     First Load JS
┌ ƒ /                                    138 B          87.4 kB
├ ○ /_not-found                          872 B          88.1 kB
├ ƒ /admin/employees                     3.54 kB         123 kB
├ ƒ /api/areas                           0 B                0 B
├ ƒ /api/auth/[...nextauth]              0 B                0 B
├ ƒ /api/employees                       0 B                0 B
├ ƒ /api/employees/me                    0 B                0 B
├ ƒ /api/files/[...filename]             0 B                0 B
├ ƒ /api/leave-requests                  0 B                0 B
├ ƒ /api/leave-requests/[id]/approve     0 B                0 B
├ ƒ /api/leave-requests/[id]/reject      0 B                0 B
├ ƒ /api/signup                          0 B                0 B
├ ƒ /dashboard                           4.7 kB          124 kB
├ ƒ /login                               6.87 kB         117 kB
├ ƒ /requests                            3.38 kB         123 kB
└ ƒ /requests/new                        32 kB           151 kB
+ First Load JS shared by all            87.2 kB
  ├ chunks/156-986ca3471af93828.js       31.7 kB
  ├ chunks/ceb5afef-a65d68aed1660b63.js  53.6 kB
  └ other shared chunks (total)          1.96 kB


○  (Static)   prerendered as static content
ƒ  (Dynamic)  server-rendered on demand

exit_code=0
