  ▲ Next.js 14.2.28
  - Local:        http://localhost:3000
  - Environments: .env
  - Experiments (use with caution):
    · outputFileTracingRoot

 ✓ Starting...
 ✓ Ready in 1700ms
 ○ Compiling / ...
 ✓ Compiled / in 2.7s (791 modules)
 GET / 200 in 3142ms
 ✓ Compiled in 449ms (280 modules)
 GET / 200 in 57ms
 ○ Compiling /api/auth/[...nextauth] ...
 ✓ Compiled /api/auth/[...nextauth] in 1412ms (926 modules)
 GET /api/auth/session 200 in 1833ms
 GET /dashboard?_rsc=3y0gy 200 in 28ms
 GET /api/auth/session 200 in 37ms
 ✓ Compiled /api/leave-requests in 187ms (613 modules)
 ✓ Compiled (615 modules)
 GET /api/employees 200 in 540ms
 GET /api/leave-requests 200 in 537ms
 GET /api/leave-requests 200 in 29ms
 GET /api/employees 200 in 35ms
 GET / 200 in 63ms
 GET / 200 in 34ms
 GET /api/auth/session 200 in 57ms
 GET /dashboard?_rsc=3y0gy 200 in 30ms
 GET /api/auth/session 200 in 38ms
 GET /api/leave-requests 200 in 32ms
 GET /api/employees 200 in 35ms
 GET /api/employees 200 in 27ms
 GET /api/leave-requests 200 in 32ms
 ✓ Compiled in 631ms (966 modules)
 GET / 200 in 69ms
 ✓ Compiled in 251ms (351 modules)
 GET / 200 in 43ms
 GET /api/auth/session 200 in 34ms
[?25h
