  ▲ Next.js 14.2.28
  - Local:        http://localhost:3000
  - Environments: .env
  - Experiments (use with caution):
    · outputFileTracingRoot

 ✓ Starting...
 ✓ Ready in 1571ms
 ○ Compiling / ...
 ✓ Compiled / in 1854ms (784 modules)
 GET / 200 in 2308ms
 ✓ Compiled in 425ms (280 modules)
 GET / 200 in 45ms
 ○ Compiling /api/auth/[...nextauth] ...
 ✓ Compiled /api/auth/[...nextauth] in 758ms (932 modules)
 GET /api/auth/session 200 in 1196ms
 GET /dashboard?_rsc=3y0gy 200 in 55ms
 GET /api/auth/session 200 in 34ms
 ✓ Compiled /api/leave-requests in 189ms (618 modules)
 ✓ Compiled (623 modules)
 GET /api/leave-requests 200 in 527ms
 GET /api/employees 200 in 536ms
 GET /api/employees 200 in 39ms
 GET /api/leave-requests 200 in 38ms
 GET / 200 in 79ms
 GET / 200 in 37ms
 GET / 200 in 36ms
 GET /api/auth/session 200 in 46ms
 GET /dashboard?_rsc=3y0gy 200 in 31ms
 GET /api/auth/session 200 in 38ms
 GET /api/leave-requests 200 in 32ms
 GET /api/employees 200 in 33ms
 GET /api/leave-requests 200 in 33ms
 GET /api/employees 200 in 39ms
 ○ Compiling /admin/employees ...
 ✓ Compiled /admin/employees in 602ms (1096 modules)
 GET /admin/employees?_rsc=czupt 200 in 32ms
 GET /api/employees 200 in 102ms
 GET /api/employees 200 in 28ms
 ✓ Compiled /admin/employees/[id]/edit in 398ms (1157 modules)
 GET /admin/employees/93968a9e-f3b1-4645-bf96-527588fa7086/edit?_rsc=1tedk 200 in 46ms
 ✓ Compiled /api/areas in 168ms (724 modules)
 GET /api/areas 200 in 307ms
 GET /api/areas 200 in 33ms
 ✓ Compiled /api/employees/[id] in 181ms (726 modules)
 GET /api/employees/93968a9e-f3b1-4645-bf96-527588fa7086 200 in 591ms
 GET /api/employees/93968a9e-f3b1-4645-bf96-527588fa7086 200 in 38ms
 GET / 200 in 51ms
Profile image saved: /uploads/employee-93968a9e-f3b1-4645-bf96-527588fa7086-1755480772711.jpg
 PUT /api/employees/93968a9e-f3b1-4645-bf96-527588fa7086 500 in 313ms
Profile image saved: /uploads/employee-93968a9e-f3b1-4645-bf96-527588fa7086-1755480784285.jpg
 PUT /api/employees/93968a9e-f3b1-4645-bf96-527588fa7086 500 in 346ms
 GET /admin/employees?_rsc=cvg4n 200 in 36ms
 GET /api/employees 200 in 116ms
 GET /api/employees 200 in 29ms
 GET / 200 in 37ms
 GET / 200 in 35ms
 GET / 200 in 34ms
 GET / 200 in 38ms
 GET / 200 in 35ms
 GET / 200 in 33ms
 GET /api/auth/session 200 in 58ms
 GET /dashboard?_rsc=3y0gy 200 in 29ms
 GET /api/auth/session 200 in 29ms
 GET /api/employees 200 in 56ms
 GET /api/leave-requests 200 in 107ms
 GET /api/employees 200 in 27ms
 GET /api/leave-requests 200 in 23ms
 GET / 200 in 33ms
 GET / 200 in 42ms
 GET /admin/employees?_rsc=czupt 200 in 30ms
 GET /api/employees 200 in 29ms
 GET /api/employees 200 in 27ms
 GET / 200 in 43ms
 GET /admin/employees/93968a9e-f3b1-4645-bf96-527588fa7086/edit?_rsc=1tedk 200 in 33ms
 GET /api/areas 200 in 113ms
 GET /api/areas 200 in 35ms
 GET /api/employees/93968a9e-f3b1-4645-bf96-527588fa7086 200 in 64ms
 GET /api/employees/93968a9e-f3b1-4645-bf96-527588fa7086 200 in 31ms
 PUT /api/employees/93968a9e-f3b1-4645-bf96-527588fa7086 200 in 41ms
 GET /admin/employees?_rsc=cvg4n 200 in 23ms
 GET /api/employees 200 in 27ms
 GET /api/employees 200 in 24ms
 GET / 200 in 33ms
 GET /admin/employees/cmeg3hli7000au5x9r294n9o6/edit?_rsc=e3vb2 200 in 42ms
 GET /api/areas 200 in 25ms
 GET /api/employees/cmeg3hli7000au5x9r294n9o6 200 in 47ms
 GET /api/areas 200 in 48ms
 GET /api/employees/cmeg3hli7000au5x9r294n9o6 200 in 40ms
 GET / 200 in 33ms
 PUT /api/employees/cmeg3hli7000au5x9r294n9o6 200 in 37ms
 GET /admin/employees?_rsc=cvg4n 200 in 25ms
 GET /api/employees 200 in 25ms
 GET /api/employees 200 in 23ms
 ○ Compiling /admin/areas ...
 ✓ Compiled /admin/areas in 676ms (1159 modules)
 GET /api/areas 200 in 135ms
 GET /api/areas 200 in 26ms
 GET / 200 in 62ms
 ✓ Compiled /api/areas/[id] in 213ms (685 modules)
 PUT /api/areas/cmeg3hl230003u5x99l2z87uj 200 in 609ms
 GET /api/areas 200 in 87ms
 GET / 200 in 49ms
 PUT /api/areas/cmeg3hl210002u5x9x7cp9odb 200 in 62ms
 GET /api/areas 200 in 34ms
 GET / 200 in 35ms
 GET / 200 in 36ms
 GET / 200 in 33ms
 PUT /api/areas/cmeg3hl200001u5x99mx2cmyz 200 in 41ms
 GET /api/areas 200 in 23ms
 GET / 200 in 31ms
 PUT /api/areas/cmeg3hl1q0000u5x9hxc3r3u3 200 in 39ms
 GET /api/areas 200 in 22ms
 PUT /api/areas/cmeg3hl200001u5x99mx2cmyz 200 in 37ms
 GET /api/areas 200 in 22ms
 GET /admin/employees?_rsc=cvg4n 200 in 39ms
 GET /api/employees 200 in 104ms
 GET /api/employees 200 in 28ms
 GET / 200 in 30ms
 ✓ Compiled /admin/employees/[id]/edit in 232ms (702 modules)
 GET /admin/employees/93968a9e-f3b1-4645-bf96-527588fa7086/edit?_rsc=1231k 200 in 328ms
 GET /api/areas 200 in 98ms
 ✓ Compiled /api/employees/[id] in 145ms (704 modules)
 GET /api/areas 200 in 401ms
 GET /api/employees/93968a9e-f3b1-4645-bf96-527588fa7086 200 in 428ms
 GET /api/employees/93968a9e-f3b1-4645-bf96-527588fa7086 200 in 34ms
 PUT /api/employees/93968a9e-f3b1-4645-bf96-527588fa7086 200 in 39ms
 GET /api/employees 200 in 108ms
 GET /api/employees 200 in 27ms
 GET / 200 in 61ms
 GET /admin/employees/ad6f8535-0ce7-4bd6-a511-88e466477af7/edit?_rsc=rcony 200 in 34ms
 GET /api/areas 200 in 28ms
 GET /api/employees/ad6f8535-0ce7-4bd6-a511-88e466477af7 200 in 46ms
 GET /api/areas 200 in 48ms
 GET /api/employees/ad6f8535-0ce7-4bd6-a511-88e466477af7 200 in 36ms
 PUT /api/employees/ad6f8535-0ce7-4bd6-a511-88e466477af7 200 in 43ms
 GET /api/employees 200 in 30ms
 GET /api/employees 200 in 32ms
 GET / 200 in 35ms
 GET /api/areas 200 in 26ms
 GET /api/areas 200 in 30ms
 GET /api/employees/93968a9e-f3b1-4645-bf96-527588fa7086 200 in 48ms
 GET /api/employees/93968a9e-f3b1-4645-bf96-527588fa7086 200 in 42ms
 PUT /api/employees/93968a9e-f3b1-4645-bf96-527588fa7086 200 in 41ms
 GET /admin/employees?_rsc=cvg4n 200 in 24ms
 GET /api/employees 200 in 24ms
 GET /api/employees 200 in 26ms
 GET / 200 in 31ms
 GET / 200 in 31ms
 GET / 200 in 49ms
 ✓ Compiled /api/auth/[...nextauth] in 165ms (269 modules)
 GET /api/auth/session 200 in 247ms
 ✓ Compiled / in 130ms (510 modules)
 GET / 200 in 238ms
