  ▲ Next.js 14.2.28
  - Local:        http://localhost:3000
  - Environments: .env
  - Experiments (use with caution):
    · outputFileTracingRoot

 ✓ Starting...
 ✓ Ready in 1529ms
 ○ Compiling / ...
 ✓ Compiled / in 1497ms (784 modules)
 GET / 200 in 2208ms
 ✓ Compiled in 679ms (280 modules)
 GET / 200 in 48ms
 ○ Compiling /api/auth/[...nextauth] ...
 ✓ Compiled /api/auth/[...nextauth] in 681ms (926 modules)
 GET /api/auth/session 200 in 1098ms
 GET /dashboard?_rsc=3y0gy 200 in 30ms
 GET /api/auth/session 200 in 36ms
 ✓ Compiled /api/leave-requests in 145ms (613 modules)
 ✓ Compiled (660 modules)
 GET /api/employees 200 in 542ms
 GET /api/leave-requests 200 in 539ms
 GET /api/employees 200 in 33ms
 GET /api/leave-requests 200 in 37ms
 GET / 200 in 145ms
 ✓ Compiled in 160ms (660 modules)
 GET / 200 in 59ms
 GET / 200 in 49ms
 GET / 200 in 38ms
 GET / 200 in 36ms
 GET /api/auth/session 200 in 44ms
 GET /dashboard?_rsc=3y0gy 200 in 25ms
 GET /api/auth/session 200 in 23ms
 GET /api/employees 200 in 139ms
 GET /api/leave-requests 200 in 149ms
 GET /api/employees 200 in 32ms
 GET /api/leave-requests 200 in 35ms
 GET / 200 in 32ms
 GET /api/auth/session 200 in 36ms
 GET / 200 in 40ms
 ○ Compiling /admin/employees ...
 ✓ Compiled /admin/employees in 898ms (1041 modules)
 GET /admin/employees?_rsc=czupt 200 in 45ms
 ✓ Compiled /api/employees in 156ms (664 modules)
 GET /api/employees 200 in 330ms
 GET /api/employees 200 in 30ms
 ○ Compiling /admin/employees/[id]/edit ...
 ✓ Compiled /admin/employees/[id]/edit in 514ms (1129 modules)
 GET /admin/employees/cmeevtizs000vm2vei2vx5p9m/edit?_rsc=vit7c 200 in 45ms
 ✓ Compiled /api/areas in 211ms (699 modules)
 GET /api/areas 200 in 341ms
 ✓ Compiled /api/employees/[id] in 154ms (701 modules)
 GET /api/areas 200 in 421ms
 GET / 200 in 68ms
 GET /api/employees/cmeevtizs000vm2vei2vx5p9m 200 in 723ms
 GET /api/employees/cmeevtizs000vm2vei2vx5p9m 200 in 37ms
 PUT /api/employees/cmeevtizs000vm2vei2vx5p9m 200 in 51ms
 GET /api/employees 200 in 100ms
 GET /api/employees 200 in 31ms
 GET /api/areas 200 in 30ms
 GET /api/areas 200 in 33ms
 GET /api/employees/cmeevtizs000vm2vei2vx5p9m 200 in 51ms
 GET /api/employees/cmeevtizs000vm2vei2vx5p9m 200 in 40ms
 GET /admin/employees?_rsc=cvg4n 200 in 38ms
 GET /api/employees 200 in 29ms
 GET /api/employees 200 in 31ms
 GET / 200 in 35ms
 GET / 200 in 30ms
 ○ Compiling /requests ...
 ✓ Compiled /requests in 622ms (1109 modules)
 GET /requests?_rsc=133ax 200 in 48ms
 ✓ Compiled /api/leave-requests in 187ms (720 modules)
 GET /api/leave-requests 200 in 333ms
 GET /api/leave-requests 200 in 29ms
 ✓ Compiled /api/auth/[...nextauth] in 156ms (724 modules)
 GET /api/auth/csrf 200 in 233ms
 POST /api/auth/signout 200 in 34ms
 ✓ Compiled /login in 498ms (1199 modules)
 GET /login 200 in 634ms
 GET /api/auth/session 200 in 48ms
 GET /api/auth/session 200 in 36ms
 GET / 200 in 51ms
 GET / 200 in 42ms
 GET /api/auth/providers 200 in 35ms
 GET /api/auth/csrf 200 in 33ms
 POST /api/auth/callback/credentials 200 in 399ms
 GET /api/auth/session 200 in 139ms
 ✓ Compiled /dashboard in 406ms (625 modules)
 GET /dashboard?_rsc=3y0gy 200 in 47ms
 ✓ Compiled /api/leave-requests in 132ms (651 modules)
 ✓ Compiled (698 modules)
 GET /api/employees 200 in 466ms
 GET /api/leave-requests 200 in 452ms
 GET /api/employees 200 in 32ms
 GET /api/leave-requests 200 in 30ms
 ✓ Compiled /admin/employees in 144ms (727 modules)
 GET /admin/employees?_rsc=czupt 200 in 32ms
 GET /api/employees 200 in 111ms
 GET /api/employees 200 in 26ms
 GET / 200 in 64ms
 ✓ Compiled /admin/employees/[id]/edit in 339ms (759 modules)
 GET /admin/employees/cmeevtiyz000am2vey0kfwe8z/edit?_rsc=1b6mt 200 in 47ms
 ✓ Compiled /api/areas in 198ms (761 modules)
 GET /api/areas 200 in 332ms
 ✓ Compiled /api/employees/[id] in 155ms (763 modules)
 GET /api/areas 200 in 490ms
 GET /api/employees/cmeevtiyz000am2vey0kfwe8z 200 in 496ms
 GET /api/employees/cmeevtiyz000am2vey0kfwe8z 200 in 40ms
 PUT /api/employees/cmeevtiyz000am2vey0kfwe8z 400 in 45ms
 GET / 200 in 70ms
 PUT /api/employees/cmeevtiyz000am2vey0kfwe8z 200 in 51ms
 GET /admin/employees?_rsc=cvg4n 200 in 30ms
 GET /api/employees 200 in 109ms
 GET /api/employees 200 in 28ms
 GET /api/auth/csrf 200 in 35ms
 POST /api/auth/signout 200 in 41ms
 ✓ Compiled /login in 365ms (786 modules)
 GET /login 200 in 505ms
 GET /api/auth/session 200 in 50ms
 GET /api/auth/session 200 in 33ms
 GET /api/auth/providers 200 in 40ms
 GET /api/auth/csrf 200 in 35ms
 POST /api/auth/callback/credentials 401 in 116ms
 GET / 200 in 48ms
 GET /api/auth/providers 200 in 35ms
 GET /api/auth/csrf 200 in 38ms
 POST /api/auth/callback/credentials 200 in 317ms
 GET /api/auth/session 200 in 39ms
 GET /dashboard?_rsc=3y0gy 200 in 30ms
 ✓ Compiled /api/leave-requests in 167ms (713 modules)
 ✓ Compiled (760 modules)
 GET /api/leave-requests 200 in 516ms
 GET /api/employees/me 200 in 520ms
 GET /api/employees/me 200 in 33ms
 GET /api/leave-requests 200 in 38ms
 ○ Compiling /requests/new ...
 ✓ Compiled /requests/new in 604ms (1233 modules)
 GET /requests/new?_rsc=1eiff 200 in 33ms
 GET /api/employees/me 200 in 111ms
 GET /api/employees/me 200 in 25ms
 GET / 200 in 66ms
 POST /api/leave-requests 201 in 136ms
 ✓ Compiled /requests in 258ms (748 modules)
 GET /requests?_rsc=18jz7 200 in 33ms
 GET /api/leave-requests 200 in 128ms
 GET / 200 in 60ms
 GET /api/leave-requests 200 in 28ms
 GET /api/auth/csrf 200 in 46ms
 POST /api/auth/signout 200 in 38ms
 ✓ Compiled /login in 167ms (773 modules)
 GET /login 200 in 297ms
 GET /api/auth/session 200 in 41ms
 GET /api/auth/session 200 in 34ms
 GET /api/auth/providers 200 in 36ms
 GET /api/auth/csrf 200 in 37ms
 POST /api/auth/callback/credentials 200 in 394ms
 GET / 200 in 39ms
 GET /api/auth/session 200 in 36ms
 GET /dashboard?_rsc=3y0gy 200 in 29ms
 ✓ Compiled /api/employees in 145ms (705 modules)
 GET /api/leave-requests 200 in 408ms
 GET /api/employees 200 in 420ms
 GET /api/employees 200 in 31ms
 GET /api/leave-requests 200 in 37ms
 ○ Compiling /admin/requests/[id] ...
 ✓ Compiled /admin/requests/[id] in 515ms (1166 modules)
 GET /admin/requests/cmeezzkhf0001m2uuml56allu?_rsc=7enc1 200 in 47ms
 GET /api/leave-requests?requestId=cmeezzkhf0001m2uuml56allu 200 in 113ms
 GET /api/leave-requests?requestId=cmeezzkhf0001m2uuml56allu 200 in 29ms
 GET / 200 in 47ms
 ✓ Compiled /api/leave-requests/[id]/approve in 202ms (709 modules)
 PATCH /api/leave-requests/cmeezzkhf0001m2uuml56allu/approve 200 in 659ms
 ✓ Compiled /admin/requests in 290ms (1171 modules)
 GET /admin/requests?_rsc=1itt7 200 in 34ms
 GET /api/leave-requests 200 in 114ms
 GET /api/leave-requests 200 in 32ms
 GET / 200 in 50ms
 GET / 200 in 34ms
 GET / 200 in 43ms
 ○ Compiling /admin/employees ...
 ✓ Compiled /admin/employees in 578ms (632 modules)
 GET /admin/employees?_rsc=irjql 200 in 38ms
 ✓ Compiled /api/employees in 126ms (660 modules)
 GET /api/employees 200 in 304ms
 GET /api/employees 200 in 32ms
 ✓ Compiled /admin/employees/[id]/edit in 227ms (693 modules)
 GET /admin/employees/cmeevtizs000vm2vei2vx5p9m/edit?_rsc=vit7c 200 in 40ms
 ✓ Compiled /api/areas in 147ms (695 modules)
 GET /api/areas 200 in 273ms
 ✓ Compiled /api/employees/[id] in 126ms (697 modules)
 GET /api/areas 200 in 388ms
 GET /api/employees/cmeevtizs000vm2vei2vx5p9m 200 in 413ms
 GET /api/employees/cmeevtizs000vm2vei2vx5p9m 200 in 44ms
 GET / 200 in 72ms
 GET / 200 in 38ms
[?25h
