  ▲ Next.js 14.2.28
  - Local:        http://localhost:3000
  - Environments: .env
  - Experiments (use with caution):
    · outputFileTracingRoot

 ✓ Starting...
 ✓ Ready in 1564ms
 ○ Compiling / ...
 ✓ Compiled / in 2.8s (784 modules)
 GET / 200 in 3324ms
 ✓ Compiled in 495ms (280 modules)
 GET / 200 in 91ms
 ○ Compiling /api/auth/[...nextauth] ...
 ✓ Compiled /api/auth/[...nextauth] in 1146ms (926 modules)
 GET /dashboard?_rsc=3y0gy 200 in 29ms
 GET /api/auth/session 200 in 1666ms
 GET /api/auth/session 200 in 35ms
 ✓ Compiled /api/leave-requests in 213ms (613 modules)
 ✓ Compiled (615 modules)
 GET /api/employees/me 200 in 592ms
 GET /api/leave-requests 200 in 581ms
 GET /api/employees/me 200 in 28ms
 GET /api/leave-requests 200 in 34ms
 GET /api/employees/me 200 in 32ms
 GET /api/leave-requests 200 in 33ms
 ✓ Compiled in 152ms (615 modules)
 GET / 200 in 89ms
 GET / 200 in 34ms
 GET / 200 in 38ms
 GET /api/auth/session 200 in 64ms
 GET /dashboard?_rsc=3y0gy 200 in 24ms
 GET /api/auth/session 200 in 30ms
 GET /api/leave-requests 200 in 149ms
 GET /api/employees/me 200 in 149ms
 GET /api/leave-requests 200 in 35ms
 GET /api/employees/me 200 in 35ms
 GET / 200 in 41ms
 GET /api/auth/session 200 in 43ms
 GET /api/leave-requests 200 in 29ms
 GET /api/employees/me 200 in 25ms
 ○ Compiling /requests/new ...
 ✓ Compiled /requests/new in 1109ms (1113 modules)
 GET /requests/new?_rsc=1eiff 200 in 50ms
 GET /api/employees/me 200 in 111ms
 GET /api/employees/me 200 in 24ms
 GET / 200 in 66ms
 GET / 200 in 31ms
 GET / 200 in 39ms
 GET / 200 in 35ms
 GET / 200 in 33ms
 GET / 200 in 30ms
 GET / 200 in 33ms
 GET / 200 in 34ms
[?25h
