  ▲ Next.js 14.2.28
  - Local:        http://localhost:3000
  - Environments: .env
  - Experiments (use with caution):
    · outputFileTracingRoot

 ✓ Starting...
 ✓ Ready in 1451ms
 ○ Compiling / ...
 ✓ Compiled / in 1554ms (784 modules)
 GET / 200 in 1954ms
 ✓ Compiled in 424ms (280 modules)
 ✓ Compiled /api/test-upload in 240ms (534 modules)
=== TEST UPLOAD API CALLED ===
Content-Type: multipart/form-data; boundary=------------------------d83c2ffdad2ce2b4
Parsing FormData...
FormData keys: [ 'profileImage', 'testField' ]
File profileImage: {
  name: 'logo completo color.png',
  size: 39123,
  type: 'image/png',
  constructor: 'File'
}
Field testField: test-value
ProfileImage raw value: File {
  size: 39123,
  type: 'image/png',
  name: 'logo completo color.png',
  lastModified: 1755475897699
}
Processing image...
Using arrayBuffer method...
Buffer created, size: 39123
File saved successfully: test-upload-1755475897702.png
 POST /api/test-upload 200 in 371ms
 ✓ Compiled in 308ms (280 modules)
 ✓ Compiled in 245ms (280 modules)
 ✓ Compiled in 270ms (280 modules)
 ✓ Compiled in 288ms (280 modules)
 ✓ Compiled /api/auth/[...nextauth] in 215ms (538 modules)
 POST /api/auth/signin 302 in 660ms
 GET /api/auth/csrf 200 in 41ms
🔐 Attempting login for: john@doe.com
👤 User found: YES
🔑 Password valid: true
✅ Authentication successful for: john@doe.com
 POST /api/auth/callback/credentials 302 in 445ms
 ✓ Compiled /api/areas in 138ms (540 modules)
 GET /api/areas 200 in 252ms
 ✓ Compiled /api/employees in 141ms (542 modules)
=== EMPLOYEE CREATION API CALLED ===
1. Checking authentication...
✅ Authentication passed for user: john@doe.com
2. Processing request with content-type: multipart/form-data; boundary=------------------------8640d1421931e476
3. Parsing as FormData...
4. FormData keys: [
  'email',    'password',
  'dni',      'firstName',
  'lastName', 'birthDate',
  'hireDate', 'areaId',
  'position', 'phone',
  'role',     'profileImage'
]
5. FormData values preview: {
  email: 'test.imagen.1755475951@example.com',
  dni: 'IMG1755475951',
  firstName: 'Juan Carlos',
  lastName: 'Pérez Imagen',
  hasProfileImage: true
}
6. Processing profile image...
7. Image file raw: { exists: true, type: 'object', constructor: 'File', size: 39123 }
8. ✅ Profile image accepted
9. Extracting data from parsed input...
10. ✅ Received employee creation data: {
  email: 'test.imagen.1755475951@example.com',
  dni: 'IMG1755475951',
  firstName: 'Juan Carlos',
  lastName: 'Pérez Imagen',
  birthDate: '1990-05-15',
  hireDate: '2024-01-15',
  areaId: 'cmeg3hl230003u5x99l2z87uj',
  position: 'Desarrollador con Imagen',
  hasPassword: true,
  hasImage: true,
  phone: '+1234567890',
  role: 'EMPLOYEE'
}
Processing profile image: { name: 'logo completo color.png', size: 39123, type: 'image/png' }
Profile image saved successfully: {
  path: '/uploads/employee-9a42a56b-6d65-446c-8f5d-43401d09d107-1755475951848.png',
  size: 39123,
  fileName: 'employee-9a42a56b-6d65-446c-8f5d-43401d09d107-1755475951848.png'
}
 POST /api/employees 500 in 579ms
 GET / 200 in 93ms
 GET / 200 in 37ms
 GET /api/auth/session 200 in 46ms
 ○ Compiling /login ...
 ✓ Compiled /login in 1098ms (895 modules)
 GET /api/auth/session 200 in 1137ms
 GET /login?_rsc=1ebxd 200 in 30ms
 GET / 200 in 71ms
 GET / 200 in 45ms
 GET / 200 in 38ms
 GET /api/auth/session 200 in 48ms
 ✓ Compiled /_not-found in 467ms (898 modules)
 GET /api/auth/session 200 in 405ms
 GET /login 200 in 60ms
 GET /api/auth/session 200 in 38ms
 GET /api/auth/session 200 in 33ms
 GET /api/auth/providers 200 in 32ms
 GET /api/auth/csrf 200 in 32ms
🔐 Attempting login for: john@doe.com
👤 User found: YES
🔑 Password valid: true
✅ Authentication successful for: john@doe.com
 POST /api/auth/callback/credentials 200 in 404ms
 GET /api/auth/session 200 in 37ms
 ○ Compiling /dashboard ...
 ✓ Compiled /dashboard in 722ms (995 modules)
 GET /dashboard?_rsc=3y0gy 200 in 33ms
 ✓ Compiled /api/employees in 209ms (656 modules)
 GET /api/employees 200 in 383ms
 ✓ Compiled /api/leave-requests in 167ms (661 modules)
 GET /api/leave-requests 200 in 465ms
 GET /api/employees 200 in 420ms
 GET /api/leave-requests 200 in 27ms
 GET / 200 in 65ms
 ○ Compiling /admin/employees ...
 ✓ Compiled /admin/employees in 780ms (1141 modules)
 GET /admin/employees?_rsc=czupt 200 in 35ms
 GET /api/employees 200 in 116ms
 GET /api/employees 200 in 29ms
 ○ Compiling /admin/employees/[id]/edit ...
 ✓ Compiled /admin/employees/[id]/edit in 728ms (1192 modules)
 GET /admin/employees/93968a9e-f3b1-4645-bf96-527588fa7086/edit?_rsc=1tedk 200 in 42ms
 ✓ Compiled /api/areas in 189ms (748 modules)
 GET /api/areas 200 in 320ms
 GET /api/areas 200 in 37ms
 ✓ Compiled /api/employees/[id] in 198ms (750 modules)
 GET /api/employees/93968a9e-f3b1-4645-bf96-527588fa7086 200 in 657ms
 GET /api/employees/93968a9e-f3b1-4645-bf96-527588fa7086 200 in 50ms
 PUT /api/employees/93968a9e-f3b1-4645-bf96-527588fa7086 200 in 55ms
 GET /api/employees 200 in 126ms
 GET /api/employees 200 in 36ms
 GET /api/areas 200 in 105ms
 GET /api/areas 200 in 35ms
 GET /api/employees/93968a9e-f3b1-4645-bf96-527588fa7086 200 in 54ms
 GET /api/employees/93968a9e-f3b1-4645-bf96-527588fa7086 200 in 42ms
 GET / 200 in 53ms
Profile image saved: /uploads/employee-93968a9e-f3b1-4645-bf96-527588fa7086-1755476418969.png
 PUT /api/employees/93968a9e-f3b1-4645-bf96-527588fa7086 500 in 1142ms
 GET / 200 in 36ms
 GET / 200 in 40ms
 GET / 200 in 32ms
 GET / 200 in 45ms
 GET /api/auth/session 200 in 52ms
 GET / 200 in 40ms
