  ▲ Next.js 14.2.28
  - Local:        http://localhost:3000
  - Environments: .env
  - Experiments (use with caution):
    · outputFileTracingRoot

 ✓ Starting...
 ✓ Ready in 1651ms
 ○ Compiling / ...
 ✓ Compiled / in 1616ms (784 modules)
 GET / 200 in 2039ms
 GET / 200 in 1721ms
 ✓ Compiled in 448ms (280 modules)
 GET / 200 in 43ms
 ✓ Compiled /dashboard in 219ms (510 modules)
 ✓ Compiled in 496ms (339 modules)
 GET /api/auth/session 200 in 1237ms
 GET /dashboard?_rsc=3y0gy 200 in 35ms
 GET /api/auth/session 200 in 32ms
 ✓ Compiled /api/leave-requests in 189ms (613 modules)
 ✓ Compiled (660 modules)
 GET /api/employees 200 in 619ms
 GET /api/leave-requests 200 in 618ms
 GET /api/employees 200 in 36ms
 GET /api/leave-requests 200 in 39ms
 GET /api/auth/providers 200 in 35ms
 GET / 200 in 72ms
 GET / 200 in 80ms
 ○ Compiling /login ...
 ✓ Compiled /login in 818ms (1061 modules)
 GET /api/auth/session 200 in 915ms
 GET / 200 in 948ms
 GET /api/auth/session 200 in 22ms
 GET /login?_rsc=1ebxd 200 in 23ms
 GET / 200 in 35ms
 GET /api/auth/session 200 in 46ms
 GET /dashboard?_rsc=3y0gy 200 in 24ms
 GET /api/auth/session 200 in 35ms
 GET /api/employees 200 in 158ms
 GET /api/leave-requests 200 in 161ms
 GET /api/leave-requests 200 in 34ms
 GET /api/employees 200 in 37ms
 GET /api/auth/csrf 200 in 30ms
 ✓ Compiled /api/signup in 173ms (700 modules)
 POST /api/signup 201 in 578ms
 GET / 200 in 48ms
 GET /api/auth/csrf 200 in 43ms
 POST /api/auth/callback/credentials 302 in 375ms
 GET /dashboard 200 in 35ms
 GET / 200 in 30ms
 GET /dashboard 200 in 32ms
 GET /api/auth/session 200 in 38ms
 GET /api/auth/session 200 in 33ms
 GET /dashboard?_rsc=3y0gy 200 in 40ms
 GET /api/auth/session 200 in 21ms
 GET /api/employees 200 in 129ms
 GET /api/leave-requests 200 in 143ms
 GET /api/auth/session 200 in 29ms
 GET /api/employees 200 in 36ms
 GET /api/leave-requests 200 in 30ms
 GET /api/auth/session 200 in 21ms
 GET /api/employees 200 in 25ms
 GET /api/leave-requests 200 in 28ms
 GET /api/employees 200 in 28ms
 GET /api/leave-requests 200 in 30ms
 ○ Compiling /admin/areas ...
 ✓ Compiled /admin/areas in 1437ms (1276 modules)
 GET /requests 200 in 1649ms
 GET /admin/requests 200 in 1639ms
 GET /admin/areas 200 in 1629ms
 GET /admin/employees 200 in 1650ms
 GET /admin/employees/new 200 in 1643ms
 GET /admin/requests/cmeevtj030015m2ve1h1137pv 200 in 1899ms
 GET /admin/requests/cmeevtizy000zm2veoi5vn3pq 200 in 1881ms
 GET /api/auth/session 200 in 80ms
 GET /api/employees 200 in 300ms
 GET /api/leave-requests 200 in 312ms
 GET /api/auth/session 200 in 570ms
 ○ Compiling /api/areas ...
 ✓ Compiled /api/areas in 783ms (817 modules)
 GET /api/auth/session 200 in 985ms
 GET /api/employees 200 in 1171ms
 GET /api/areas 200 in 1622ms
 GET /api/auth/session 200 in 36ms
 GET /api/leave-requests 200 in 1261ms
 GET /api/leave-requests 200 in 46ms
 GET /api/auth/session 200 in 37ms
 GET /api/leave-requests?requestId=cmeevtj030015m2ve1h1137pv 200 in 1072ms
 GET /api/leave-requests?requestId=cmeevtizy000zm2veoi5vn3pq 200 in 1088ms
 GET /api/areas 200 in 78ms
 GET /api/areas 200 in 65ms
 GET /api/auth/session 200 in 81ms
 GET /api/leave-requests?requestId=cmeevtizy000zm2veoi5vn3pq 200 in 57ms
 GET /api/leave-requests?requestId=cmeevtj030015m2ve1h1137pv 200 in 62ms
 GET /api/leave-requests 200 in 92ms
 GET /api/auth/session 200 in 22ms
 GET /api/auth/session 200 in 32ms
 GET /api/auth/session 200 in 23ms
 GET /api/auth/session 200 in 21ms
 GET /api/auth/session 200 in 20ms
 GET /api/auth/session 200 in 23ms
 GET /api/auth/session 200 in 37ms
 GET /api/auth/session 200 in 27ms
 GET /api/areas 200 in 34ms
 GET /api/auth/session 200 in 20ms
 GET /api/auth/session 200 in 25ms
 GET /api/auth/session 200 in 30ms
 ○ Compiling /admin/employees/[id]/edit ...
 ✓ Compiled /admin/employees/[id]/edit in 1307ms (1298 modules)
 GET /requests/new 200 in 1485ms
 GET /admin/employees/cmeevtiz8000gm2vejltpaiid/edit 200 in 1935ms
 GET /admin/employees/cmeevtizo000sm2ve79x65q61/edit 200 in 1936ms
 GET /admin/employees/cmeevtizc000jm2vejhouv0w1/edit 200 in 1936ms
 GET /admin/employees/cmeevtiyz000am2vey0kfwe8z/edit 200 in 1933ms
 GET /admin/employees/cmeevtiz3000dm2vejw59w1h1/edit 200 in 1937ms
 GET /admin/employees/cmeevtizg000mm2veo9ajwbh3/edit 200 in 1932ms
 GET /admin/employees/cmeevtizs000vm2vei2vx5p9m/edit 200 in 1926ms
 GET /admin/employees/cmeevtiyu0007m2ve77maa89o/edit 200 in 1924ms
 GET /admin/employees/cmeevtizk000pm2ve537ufd5c/edit 200 in 1945ms
 GET /api/auth/session 200 in 163ms
 ○ Compiling /api/employees/me ...
 ✓ Compiled /api/employees/me in 785ms (832 modules)
 GET /api/auth/session 200 in 1065ms
 GET /api/auth/session 200 in 40ms
 GET /api/areas 200 in 628ms
 GET /api/employees/me 200 in 1383ms
 GET /api/auth/session 200 in 42ms
 GET /api/areas 200 in 69ms
 GET /api/employees/me 200 in 68ms
 ✓ Compiled /api/employees/[id] in 287ms (834 modules)
 GET /api/auth/session 200 in 625ms
 GET /api/auth/session 200 in 28ms
 GET /api/areas 200 in 668ms
 GET /api/areas 200 in 82ms
 GET /api/auth/session 200 in 77ms
 GET /api/areas 200 in 40ms
 GET /api/auth/session 200 in 34ms
 GET /api/auth/session 200 in 47ms
 GET /api/areas 200 in 106ms
 GET /api/auth/session 200 in 66ms
 GET /api/employees/cmeevtiyz000am2vey0kfwe8z 200 in 1199ms
 GET /api/employees/cmeevtiz8000gm2vejltpaiid 200 in 198ms
 GET /api/employees/cmeevtiz3000dm2vejw59w1h1 200 in 400ms
 GET /api/areas 200 in 76ms
 GET /api/auth/session 200 in 193ms
 GET /api/employees/cmeevtiyz000am2vey0kfwe8z 200 in 281ms
 GET /api/employees/cmeevtiz3000dm2vejw59w1h1 200 in 194ms
 GET /api/employees/cmeevtiz8000gm2vejltpaiid 200 in 202ms
 GET /api/areas 200 in 289ms
 GET /api/employees/cmeevtiyu0007m2ve77maa89o 200 in 233ms
 GET /api/auth/session 200 in 594ms
 GET /api/areas 200 in 533ms
 GET /api/employees/cmeevtiyu0007m2ve77maa89o 200 in 569ms
 GET /api/areas 200 in 281ms
 GET /api/auth/session 200 in 285ms
 GET /api/areas 200 in 92ms
 GET /api/auth/session 200 in 91ms
 GET /api/employees/cmeevtizc000jm2vejhouv0w1 200 in 96ms
 GET /api/areas 200 in 98ms
 GET /api/employees/cmeevtizc000jm2vejhouv0w1 200 in 106ms
 GET /api/auth/session 200 in 141ms
 GET /api/areas 200 in 88ms
 GET /api/employees/cmeevtizs000vm2vei2vx5p9m 200 in 152ms
 GET /api/auth/session 200 in 171ms
 GET /api/areas 200 in 120ms
 GET /api/employees/cmeevtizs000vm2vei2vx5p9m 200 in 115ms
 GET /api/auth/session 200 in 107ms
 GET /api/areas 200 in 100ms
 GET /api/employees/cmeevtizg000mm2veo9ajwbh3 200 in 91ms
 GET /api/auth/session 200 in 31ms
 GET /api/areas 200 in 48ms
 GET /api/employees/cmeevtizg000mm2veo9ajwbh3 200 in 62ms
 GET /api/auth/session 200 in 60ms
 GET /api/areas 200 in 58ms
 GET /api/employees/cmeevtizo000sm2ve79x65q61 200 in 58ms
 GET /api/auth/session 200 in 37ms
 GET /api/employees/cmeevtizo000sm2ve79x65q61 200 in 63ms
 GET /api/auth/session 200 in 56ms
 GET /api/auth/session 200 in 22ms
 GET /api/auth/session 200 in 28ms
 GET /api/auth/session 200 in 21ms
 GET /api/auth/session 200 in 30ms
 GET /api/auth/session 200 in 31ms
 GET /api/auth/session 200 in 40ms
 GET / 200 in 52ms
[?25h
