app/api/employees/[id]/route.ts(29,9): error TS2322: Type '{ user: { select: { email: true; role: true; }; }; area: true; leaveRequests: { orderBy: { createdAt: string; }; take: number; }; }' is not assignable to type 'employeesInclude<DefaultArgs>'.
  Object literal may only specify known properties, but 'user' does not exist in type 'employeesInclude<DefaultArgs>'. Did you mean to write 'User'?
app/api/employees/[id]/route.ts(97,18): error TS2322: Type '{ user: true; }' is not assignable to type 'employeesInclude<DefaultArgs>'.
  Object literal may only specify known properties, but 'user' does not exist in type 'employeesInclude<DefaultArgs>'. Did you mean to write 'User'?
app/api/employees/[id]/route.ts(108,36): error TS2339: Property 'user' does not exist on type '{ id: string; createdAt: Date; updatedAt: Date; userId: string; dni: string; firstName: string; lastName: string; birthDate: Date; hireDate: Date; areaId: string; position: string; ... 9 more ...; totalAvailableHours: number; }'.
app/api/employees/[id]/route.ts(143,42): error TS2339: Property 'user' does not exist on type '{ id: string; createdAt: Date; updatedAt: Date; userId: string; dni: string; firstName: string; lastName: string; birthDate: Date; hireDate: Date; areaId: string; position: string; ... 9 more ...; totalAvailableHours: number; }'.
app/api/employees/[id]/route.ts(161,11): error TS2322: Type '{ user: { select: { email: true; role: true; }; }; area: true; }' is not assignable to type 'employeesInclude<DefaultArgs>'.
  Object literal may only specify known properties, but 'user' does not exist in type 'employeesInclude<DefaultArgs>'. Did you mean to write 'User'?
app/api/employees/[id]/route.ts(202,9): error TS2322: Type '{ user: true; leaveRequests: true; }' is not assignable to type 'employeesInclude<DefaultArgs>'.
  Object literal may only specify known properties, but 'user' does not exist in type 'employeesInclude<DefaultArgs>'. Did you mean to write 'User'?
app/api/employees/[id]/route.ts(219,28): error TS2339: Property 'leaveRequests' does not exist on type '{ id: string; createdAt: Date; updatedAt: Date; userId: string; dni: string; firstName: string; lastName: string; birthDate: Date; hireDate: Date; areaId: string; position: string; ... 9 more ...; totalAvailableHours: number; }'.
app/api/employees/[id]/route.ts(236,38): error TS2339: Property 'leaveRequests' does not exist on type '{ id: string; createdAt: Date; updatedAt: Date; userId: string; dni: string; firstName: string; lastName: string; birthDate: Date; hireDate: Date; areaId: string; position: string; ... 9 more ...; totalAvailableHours: number; }'.
app/api/employees/[id]/route.ts(237,71): error TS2339: Property 'leaveRequests' does not exist on type '{ id: string; createdAt: Date; updatedAt: Date; userId: string; dni: string; firstName: string; lastName: string; birthDate: Date; hireDate: Date; areaId: string; position: string; ... 9 more ...; totalAvailableHours: number; }'.
app/api/employees/me/route.ts(21,9): error TS2322: Type '{ user: { select: { email: true; role: true; }; }; area: true; leaveRequests: { orderBy: { createdAt: string; }; take: number; }; }' is not assignable to type 'employeesInclude<DefaultArgs>'.
  Object literal may only specify known properties, but 'user' does not exist in type 'employeesInclude<DefaultArgs>'. Did you mean to write 'User'?
app/api/employees/route.ts(24,9): error TS2322: Type '{ user: { select: { email: true; role: true; }; }; area: true; leaveRequests: { orderBy: { createdAt: string; }; take: number; }; }' is not assignable to type 'employeesInclude<DefaultArgs>'.
  Object literal may only specify known properties, but 'user' does not exist in type 'employeesInclude<DefaultArgs>'. Did you mean to write 'User'?
app/api/employees/route.ts(111,9): error TS2322: Type '{ email: any; password: any; name: string; role: any; }' is not assignable to type '(Without<UserCreateInput, UserUncheckedCreateInput> & UserUncheckedCreateInput) | (Without<...> & UserCreateInput)'.
  Type '{ email: any; password: any; name: string; role: any; }' is not assignable to type 'Without<UserUncheckedCreateInput, UserCreateInput> & UserCreateInput'.
    Type '{ email: any; password: any; name: string; role: any; }' is missing the following properties from type 'UserCreateInput': id, updatedAt
app/api/employees/route.ts(120,9): error TS2322: Type '{ userId: string; dni: any; firstName: any; lastName: any; birthDate: Date; hireDate: Date; areaId: any; position: any; phone: any; }' is not assignable to type '(Without<employeesCreateInput, employeesUncheckedCreateInput> & employeesUncheckedCreateInput) | (Without<...> & employeesCreateInput)'.
  Type '{ userId: string; dni: any; firstName: any; lastName: any; birthDate: Date; hireDate: Date; areaId: any; position: any; phone: any; }' is not assignable to type 'Without<employeesCreateInput, employeesUncheckedCreateInput> & employeesUncheckedCreateInput'.
    Type '{ userId: string; dni: any; firstName: any; lastName: any; birthDate: Date; hireDate: Date; areaId: any; position: any; phone: any; }' is missing the following properties from type 'employeesUncheckedCreateInput': id, updatedAt
app/api/employees/route.ts(132,11): error TS2322: Type '{ user: true; area: true; }' is not assignable to type 'employeesInclude<DefaultArgs>'.
  Object literal may only specify known properties, but 'user' does not exist in type 'employeesInclude<DefaultArgs>'. Did you mean to write 'User'?
app/api/leave-requests/[id]/approve/route.ts(31,18): error TS2322: Type '{ employee: true; }' is not assignable to type 'leave_requestsInclude<DefaultArgs>'.
  Object literal may only specify known properties, but 'employee' does not exist in type 'leave_requestsInclude<DefaultArgs>'. Did you mean to write 'employees'?
app/api/leave-requests/[id]/approve/route.ts(80,11): error TS2322: Type '{ employee: { include: { area: true; user: true; }; }; }' is not assignable to type 'leave_requestsInclude<DefaultArgs>'.
  Object literal may only specify known properties, but 'employee' does not exist in type 'leave_requestsInclude<DefaultArgs>'. Did you mean to write 'employees'?
app/api/leave-requests/[id]/approve/route.ts(95,50): error TS2551: Property 'employee' does not exist on type '{ status: RequestStatus; id: string; createdAt: Date; updatedAt: Date; employeeId: string; type: LeaveRequestType; startDate: Date; endDate: Date; ... 6 more ...; adminNotes: string | null; }'. Did you mean 'employeeId'?
app/api/leave-requests/[id]/approve/route.ts(99,51): error TS2551: Property 'employee' does not exist on type '{ status: RequestStatus; id: string; createdAt: Date; updatedAt: Date; employeeId: string; type: LeaveRequestType; startDate: Date; endDate: Date; ... 6 more ...; adminNotes: string | null; }'. Did you mean 'employeeId'?
app/api/leave-requests/[id]/approve/route.ts(103,49): error TS2551: Property 'employee' does not exist on type '{ status: RequestStatus; id: string; createdAt: Date; updatedAt: Date; employeeId: string; type: LeaveRequestType; startDate: Date; endDate: Date; ... 6 more ...; adminNotes: string | null; }'. Did you mean 'employeeId'?
app/api/leave-requests/[id]/approve/route.ts(107,52): error TS2551: Property 'employee' does not exist on type '{ status: RequestStatus; id: string; createdAt: Date; updatedAt: Date; employeeId: string; type: LeaveRequestType; startDate: Date; endDate: Date; ... 6 more ...; adminNotes: string | null; }'. Did you mean 'employeeId'?
app/api/leave-requests/[id]/approve/route.ts(145,30): error TS2551: Property 'employee' does not exist on type '{ status: RequestStatus; id: string; createdAt: Date; updatedAt: Date; employeeId: string; type: LeaveRequestType; startDate: Date; endDate: Date; ... 6 more ...; adminNotes: string | null; }'. Did you mean 'employeeId'?
app/api/leave-requests/[id]/approve/route.ts(153,44): error TS2551: Property 'employee' does not exist on type '{ status: RequestStatus; id: string; createdAt: Date; updatedAt: Date; employeeId: string; type: LeaveRequestType; startDate: Date; endDate: Date; ... 6 more ...; adminNotes: string | null; }'. Did you mean 'employeeId'?
app/api/leave-requests/[id]/reject/route.ts(45,9): error TS2322: Type '{ employee: { include: { area: true; user: true; }; }; }' is not assignable to type 'leave_requestsInclude<DefaultArgs>'.
  Object literal may only specify known properties, but 'employee' does not exist in type 'leave_requestsInclude<DefaultArgs>'. Did you mean to write 'employees'?
app/api/leave-requests/[id]/reject/route.ts(78,38): error TS2551: Property 'employee' does not exist on type '{ status: RequestStatus; id: string; createdAt: Date; updatedAt: Date; employeeId: string; type: LeaveRequestType; startDate: Date; endDate: Date; ... 6 more ...; adminNotes: string | null; }'. Did you mean 'employeeId'?
app/api/leave-requests/[id]/reject/route.ts(86,52): error TS2551: Property 'employee' does not exist on type '{ status: RequestStatus; id: string; createdAt: Date; updatedAt: Date; employeeId: string; type: LeaveRequestType; startDate: Date; endDate: Date; ... 6 more ...; adminNotes: string | null; }'. Did you mean 'employeeId'?
app/api/leave-requests/route.ts(51,9): error TS2322: Type '{ employee: { include: { area: true; user: true; }; }; attachments: true; }' is not assignable to type 'leave_requestsInclude<DefaultArgs>'.
  Object literal may only specify known properties, but 'employee' does not exist in type 'leave_requestsInclude<DefaultArgs>'. Did you mean to write 'employees'?
app/api/leave-requests/route.ts(168,7): error TS2322: Type '{ employeeId: string; type: any; startDate: Date; endDate: Date; isHalfDay: any; hours: any; startTime: any; endTime: any; shift: any; reason: any; status: "PENDING"; }' is not assignable to type '(Without<leave_requestsCreateInput, leave_requestsUncheckedCreateInput> & leave_requestsUncheckedCreateInput) | (Without<...> & leave_requestsCreateInput)'.
  Type '{ employeeId: string; type: any; startDate: Date; endDate: Date; isHalfDay: any; hours: any; startTime: any; endTime: any; shift: any; reason: any; status: "PENDING"; }' is not assignable to type 'Without<leave_requestsCreateInput, leave_requestsUncheckedCreateInput> & leave_requestsUncheckedCreateInput'.
    Type '{ employeeId: string; type: any; startDate: Date; endDate: Date; isHalfDay: any; hours: any; startTime: any; endTime: any; shift: any; reason: any; status: "PENDING"; }' is missing the following properties from type 'leave_requestsUncheckedCreateInput': id, updatedAt
app/api/leave-requests/route.ts(182,9): error TS2322: Type '{ employee: { include: { area: true; user: true; }; }; }' is not assignable to type 'leave_requestsInclude<DefaultArgs>'.
  Object literal may only specify known properties, but 'employee' does not exist in type 'leave_requestsInclude<DefaultArgs>'. Did you mean to write 'employees'?
app/api/leave-requests/route.ts(224,38): error TS2551: Property 'employee' does not exist on type '{ status: RequestStatus; id: string; createdAt: Date; updatedAt: Date; employeeId: string; type: LeaveRequestType; startDate: Date; endDate: Date; ... 6 more ...; adminNotes: string | null; }'. Did you mean 'employeeId'?
app/api/leave-requests/route.ts(225,39): error TS2551: Property 'employee' does not exist on type '{ status: RequestStatus; id: string; createdAt: Date; updatedAt: Date; employeeId: string; type: LeaveRequestType; startDate: Date; endDate: Date; ... 6 more ...; adminNotes: string | null; }'. Did you mean 'employeeId'?
app/api/signup/route.ts(37,7): error TS2322: Type '{ email: any; password: string; name: string; role: "EMPLOYEE"; }' is not assignable to type '(Without<UserCreateInput, UserUncheckedCreateInput> & UserUncheckedCreateInput) | (Without<...> & UserCreateInput)'.
  Type '{ email: any; password: string; name: string; role: "EMPLOYEE"; }' is not assignable to type 'Without<UserUncheckedCreateInput, UserCreateInput> & UserCreateInput'.
    Type '{ email: any; password: string; name: string; role: "EMPLOYEE"; }' is missing the following properties from type 'UserCreateInput': id, updatedAt
lib/auth-options.ts(30,24): error TS2322: Type '{ employee: true; }' is not assignable to type 'UserInclude<DefaultArgs>'.
  Object literal may only specify known properties, but 'employee' does not exist in type 'UserInclude<DefaultArgs>'. Did you mean to write 'employees'?
lib/auth-options.ts(51,40): error TS2339: Property 'employee' does not exist on type '{ id: string; name: string | null; email: string; password: string; emailVerified: Date | null; image: string | null; role: UserRole; createdAt: Date; updatedAt: Date; }'.
lib/auth-options.ts(51,68): error TS2339: Property 'employee' does not exist on type '{ id: string; name: string | null; email: string; password: string; emailVerified: Date | null; image: string | null; role: UserRole; createdAt: Date; updatedAt: Date; }'.
lib/auth-options.ts(53,25): error TS2339: Property 'employee' does not exist on type '{ id: string; name: string | null; email: string; password: string; emailVerified: Date | null; image: string | null; role: UserRole; createdAt: Date; updatedAt: Date; }'.
scripts/seed-development.ts(37,9): error TS1117: An object literal cannot have multiple properties with the same name.
scripts/seed-development.ts(46,9): error TS1117: An object literal cannot have multiple properties with the same name.
scripts/seed-development.ts(55,9): error TS1117: An object literal cannot have multiple properties with the same name.
scripts/seed-development.ts(64,9): error TS1117: An object literal cannot have multiple properties with the same name.
scripts/seed-development.ts(73,9): error TS1117: An object literal cannot have multiple properties with the same name.
scripts/seed-production.ts(42,9): error TS2322: Type '{ name: string; description: string; }' is not assignable to type '(Without<AreaCreateInput, AreaUncheckedCreateInput> & AreaUncheckedCreateInput) | (Without<...> & AreaCreateInput)'.
  Type '{ name: string; description: string; }' is not assignable to type 'Without<AreaUncheckedCreateInput, AreaCreateInput> & AreaCreateInput'.
    Type '{ name: string; description: string; }' is missing the following properties from type 'AreaCreateInput': id, updatedAt
scripts/seed-production.ts(65,7): error TS2322: Type '{ email: string; password: string; name: string; role: "ADMIN"; }' is not assignable to type '(Without<UserCreateInput, UserUncheckedCreateInput> & UserUncheckedCreateInput) | (Without<...> & UserCreateInput)'.
  Type '{ email: string; password: string; name: string; role: "ADMIN"; }' is not assignable to type 'Without<UserUncheckedCreateInput, UserCreateInput> & UserCreateInput'.
    Type '{ email: string; password: string; name: string; role: "ADMIN"; }' is missing the following properties from type 'UserCreateInput': id, updatedAt
scripts/seed-production.ts(74,7): error TS2322: Type '{ userId: string; dni: string; firstName: string; lastName: string; birthDate: Date; hireDate: Date; areaId: string; position: string; phone: string; vacationDays: number; personalHours: number; ... 5 more ...; totalAvailableHours: number; }' is not assignable to type '(Without<employeesCreateInput, employeesUncheckedCreateInput> & employeesUncheckedCreateInput) | (Without<...> & employeesCreateInput)'.
  Type '{ userId: string; dni: string; firstName: string; lastName: string; birthDate: Date; hireDate: Date; areaId: string; position: string; phone: string; vacationDays: number; personalHours: number; ... 5 more ...; totalAvailableHours: number; }' is not assignable to type 'Without<employeesCreateInput, employeesUncheckedCreateInput> & employeesUncheckedCreateInput'.
    Type '{ userId: string; dni: string; firstName: string; lastName: string; birthDate: Date; hireDate: Date; areaId: string; position: string; phone: string; vacationDays: number; personalHours: number; ... 5 more ...; totalAvailableHours: number; }' is missing the following properties from type 'employeesUncheckedCreateInput': id, updatedAt
scripts/seed.ts(23,7): error TS2322: Type '{ name: string; description: string; }' is not assignable to type '(Without<AreaCreateInput, AreaUncheckedCreateInput> & AreaUncheckedCreateInput) | (Without<...> & AreaCreateInput)'.
  Type '{ name: string; description: string; }' is not assignable to type 'Without<AreaUncheckedCreateInput, AreaCreateInput> & AreaCreateInput'.
    Type '{ name: string; description: string; }' is missing the following properties from type 'AreaCreateInput': id, updatedAt
scripts/seed.ts(29,7): error TS2322: Type '{ name: string; description: string; }' is not assignable to type '(Without<AreaCreateInput, AreaUncheckedCreateInput> & AreaUncheckedCreateInput) | (Without<...> & AreaCreateInput)'.
  Type '{ name: string; description: string; }' is not assignable to type 'Without<AreaUncheckedCreateInput, AreaCreateInput> & AreaCreateInput'.
    Type '{ name: string; description: string; }' is missing the following properties from type 'AreaCreateInput': id, updatedAt
scripts/seed.ts(35,7): error TS2322: Type '{ name: string; description: string; }' is not assignable to type '(Without<AreaCreateInput, AreaUncheckedCreateInput> & AreaUncheckedCreateInput) | (Without<...> & AreaCreateInput)'.
  Type '{ name: string; description: string; }' is not assignable to type 'Without<AreaUncheckedCreateInput, AreaCreateInput> & AreaCreateInput'.
    Type '{ name: string; description: string; }' is missing the following properties from type 'AreaCreateInput': id, updatedAt
scripts/seed.ts(41,7): error TS2322: Type '{ name: string; description: string; }' is not assignable to type '(Without<AreaCreateInput, AreaUncheckedCreateInput> & AreaUncheckedCreateInput) | (Without<...> & AreaCreateInput)'.
  Type '{ name: string; description: string; }' is not assignable to type 'Without<AreaUncheckedCreateInput, AreaCreateInput> & AreaCreateInput'.
    Type '{ name: string; description: string; }' is missing the following properties from type 'AreaCreateInput': id, updatedAt
scripts/seed.ts(47,7): error TS2322: Type '{ name: string; description: string; }' is not assignable to type '(Without<AreaCreateInput, AreaUncheckedCreateInput> & AreaUncheckedCreateInput) | (Without<...> & AreaCreateInput)'.
  Type '{ name: string; description: string; }' is not assignable to type 'Without<AreaUncheckedCreateInput, AreaCreateInput> & AreaCreateInput'.
    Type '{ name: string; description: string; }' is missing the following properties from type 'AreaCreateInput': id, updatedAt
scripts/seed.ts(62,5): error TS2322: Type '{ email: string; password: string; name: string; role: "ADMIN"; }' is not assignable to type '(Without<UserCreateInput, UserUncheckedCreateInput> & UserUncheckedCreateInput) | (Without<...> & UserCreateInput)'.
  Type '{ email: string; password: string; name: string; role: "ADMIN"; }' is not assignable to type 'Without<UserUncheckedCreateInput, UserCreateInput> & UserCreateInput'.
    Type '{ email: string; password: string; name: string; role: "ADMIN"; }' is missing the following properties from type 'UserCreateInput': id, updatedAt
scripts/seed.ts(71,5): error TS2322: Type '{ userId: string; dni: string; firstName: string; lastName: string; birthDate: Date; hireDate: Date; areaId: string; position: string; phone: string; vacationDays: number; personalHours: number; ... 5 more ...; totalAvailableHours: number; }' is not assignable to type '(Without<employeesCreateInput, employeesUncheckedCreateInput> & employeesUncheckedCreateInput) | (Without<...> & employeesCreateInput)'.
  Type '{ userId: string; dni: string; firstName: string; lastName: string; birthDate: Date; hireDate: Date; areaId: string; position: string; phone: string; vacationDays: number; personalHours: number; ... 5 more ...; totalAvailableHours: number; }' is not assignable to type 'Without<employeesCreateInput, employeesUncheckedCreateInput> & employeesUncheckedCreateInput'.
    Type '{ userId: string; dni: string; firstName: string; lastName: string; birthDate: Date; hireDate: Date; areaId: string; position: string; phone: string; vacationDays: number; personalHours: number; ... 5 more ...; totalAvailableHours: number; }' is missing the following properties from type 'employeesUncheckedCreateInput': id, updatedAt
scripts/seed.ts(187,7): error TS2322: Type '{ email: string; password: string; name: string; role: "EMPLOYEE"; }' is not assignable to type '(Without<UserCreateInput, UserUncheckedCreateInput> & UserUncheckedCreateInput) | (Without<...> & UserCreateInput)'.
  Type '{ email: string; password: string; name: string; role: "EMPLOYEE"; }' is not assignable to type 'Without<UserUncheckedCreateInput, UserCreateInput> & UserCreateInput'.
    Type '{ email: string; password: string; name: string; role: "EMPLOYEE"; }' is missing the following properties from type 'UserCreateInput': id, updatedAt
scripts/seed.ts(196,7): error TS2322: Type '{ userId: string; dni: string; firstName: string; lastName: string; birthDate: Date; hireDate: Date; areaId: string; position: string; phone: string; totalVacationDays: number; totalPersonalHours: number; totalRemoteHours: number; totalAvailableHours: number; }' is not assignable to type '(Without<employeesCreateInput, employeesUncheckedCreateInput> & employeesUncheckedCreateInput) | (Without<...> & employeesCreateInput)'.
  Type '{ userId: string; dni: string; firstName: string; lastName: string; birthDate: Date; hireDate: Date; areaId: string; position: string; phone: string; totalVacationDays: number; totalPersonalHours: number; totalRemoteHours: number; totalAvailableHours: number; }' is not assignable to type 'Without<employeesCreateInput, employeesUncheckedCreateInput> & employeesUncheckedCreateInput'.
    Type '{ userId: string; dni: string; firstName: string; lastName: string; birthDate: Date; hireDate: Date; areaId: string; position: string; phone: string; totalVacationDays: number; totalPersonalHours: number; totalRemoteHours: number; totalAvailableHours: number; }' is missing the following properties from type 'employeesUncheckedCreateInput': id, updatedAt
scripts/test-login.ts(14,18): error TS2322: Type '{ employee: true; }' is not assignable to type 'UserInclude<DefaultArgs>'.
  Object literal may only specify known properties, but 'employee' does not exist in type 'UserInclude<DefaultArgs>'. Did you mean to write 'employees'?
scripts/test-login.ts(43,14): error TS2339: Property 'employee' does not exist on type '{ id: string; name: string | null; email: string; password: string; emailVerified: Date | null; image: string | null; role: UserRole; createdAt: Date; updatedAt: Date; }'.
scripts/test-login.ts(45,38): error TS2339: Property 'employee' does not exist on type '{ id: string; name: string | null; email: string; password: string; emailVerified: Date | null; image: string | null; role: UserRole; createdAt: Date; updatedAt: Date; }'.
scripts/test-login.ts(45,63): error TS2339: Property 'employee' does not exist on type '{ id: string; name: string | null; email: string; password: string; emailVerified: Date | null; image: string | null; role: UserRole; createdAt: Date; updatedAt: Date; }'.
scripts/test-login.ts(46,35): error TS2339: Property 'employee' does not exist on type '{ id: string; name: string | null; email: string; password: string; emailVerified: Date | null; image: string | null; role: UserRole; createdAt: Date; updatedAt: Date; }'.
scripts/test-login.ts(47,36): error TS2339: Property 'employee' does not exist on type '{ id: string; name: string | null; email: string; password: string; emailVerified: Date | null; image: string | null; role: UserRole; createdAt: Date; updatedAt: Date; }'.
scripts/test-login.ts(48,40): error TS2339: Property 'employee' does not exist on type '{ id: string; name: string | null; email: string; password: string; emailVerified: Date | null; image: string | null; role: UserRole; createdAt: Date; updatedAt: Date; }'.
scripts/verify-admin.ts(16,7): error TS2322: Type '{ employee: true; }' is not assignable to type 'UserInclude<DefaultArgs>'.
  Object literal may only specify known properties, but 'employee' does not exist in type 'UserInclude<DefaultArgs>'. Did you mean to write 'employees'?
scripts/verify-admin.ts(32,17): error TS2339: Property 'employee' does not exist on type '{ id: string; name: string | null; email: string; password: string; emailVerified: Date | null; image: string | null; role: UserRole; createdAt: Date; updatedAt: Date; }'.
scripts/verify-admin.ts(33,52): error TS2339: Property 'employee' does not exist on type '{ id: string; name: string | null; email: string; password: string; emailVerified: Date | null; image: string | null; role: UserRole; createdAt: Date; updatedAt: Date; }'.
scripts/verify-admin.ts(33,82): error TS2339: Property 'employee' does not exist on type '{ id: string; name: string | null; email: string; password: string; emailVerified: Date | null; image: string | null; role: UserRole; createdAt: Date; updatedAt: Date; }'.
exit_code=2
