  ▲ Next.js 14.2.28
  - Local:        http://localhost:3000
  - Environments: .env
  - Experiments (use with caution):
    · outputFileTracingRoot

 ✓ Starting...
 ✓ Ready in 2s
 ○ Compiling / ...
 ✓ Compiled / in 3.1s (792 modules)
 GET / 200 in 3367ms
 ✓ Compiled in 495ms (280 modules)
 ✓ Compiled /api/auth/[...nextauth] in 204ms (511 modules)
 GET /api/auth/providers 200 in 645ms
 GET / 200 in 72ms
 ○ Compiling /login ...
 ✓ Compiled /login in 751ms (896 modules)
 GET /api/auth/session 200 in 892ms
 GET /login?_rsc=1ebxd 200 in 27ms
 GET /api/auth/session 200 in 22ms
 GET /api/auth/csrf 200 in 36ms
 ✓ Compiled /api/signup in 204ms (603 modules)
 POST /api/signup 201 in 703ms
 GET / 200 in 72ms
 GET /api/auth/csrf 200 in 53ms
 POST /api/auth/callback/credentials 302 in 405ms
 ○ Compiling /dashboard ...
 ✓ Compiled /dashboard in 683ms (1017 modules)
 GET /dashboard 200 in 859ms
 GET / 200 in 73ms
 GET /dashboard 200 in 72ms
 GET /api/auth/session 200 in 81ms
 ✓ Compiled /api/employees in 255ms (655 modules)
 ✓ Compiled (657 modules)
 GET /api/auth/session 200 in 421ms
 GET /dashboard?_rsc=3y0gy 200 in 467ms
 GET /api/leave-requests 200 in 615ms
 GET /api/auth/session 200 in 47ms
 GET /api/employees 200 in 640ms
 GET /api/leave-requests 200 in 39ms
 GET /api/auth/session 200 in 34ms
 GET /api/employees 200 in 47ms
 GET /api/employees 200 in 31ms
 GET /api/auth/session 200 in 36ms
 GET /api/leave-requests 200 in 42ms
 GET /api/employees 200 in 30ms
 GET /api/auth/session 200 in 37ms
 GET /api/leave-requests 200 in 37ms
 ○ Compiling /admin/employees/new ...
 ✓ Compiled /admin/employees/new in 1080ms (1088 modules)
 GET /requests 200 in 1294ms
 GET /admin/employees/new 200 in 1273ms
 GET /admin/requests 200 in 1295ms
 GET /admin/employees 200 in 1288ms
 GET /admin/areas 200 in 1298ms
 GET /admin/requests/cmeesmniv000zxt08kv6d2drf 200 in 1663ms
 GET /admin/requests/cmeesmnj00015xt0824b32fh7 200 in 1668ms
 GET /api/leave-requests 200 in 185ms
 ✓ Compiled /api/areas in 339ms (701 modules)
 GET /api/auth/session 200 in 711ms
 GET /api/auth/session 200 in 45ms
 GET /api/employees 200 in 804ms
 GET /api/areas 200 in 823ms
 GET /api/leave-requests 200 in 614ms
 GET /api/leave-requests?requestId=cmeesmnj00015xt0824b32fh7 200 in 391ms
 GET /api/leave-requests?requestId=cmeesmniv000zxt08kv6d2drf 200 in 374ms
 GET /api/auth/session 200 in 65ms
 GET /api/employees 200 in 83ms
 GET /api/leave-requests 200 in 56ms
 GET /api/leave-requests?requestId=cmeesmnj00015xt0824b32fh7 200 in 57ms
 GET /api/areas 200 in 73ms
 GET /api/leave-requests?requestId=cmeesmniv000zxt08kv6d2drf 200 in 76ms
 GET /api/auth/session 200 in 53ms
 GET /api/leave-requests 200 in 33ms
 GET /api/auth/session 200 in 38ms
 GET /api/auth/session 200 in 24ms
 GET /api/auth/session 200 in 26ms
 GET /api/auth/session 200 in 26ms
 GET /api/auth/session 200 in 36ms
 GET /api/auth/session 200 in 40ms
 GET /api/auth/session 200 in 26ms
 GET /api/auth/session 200 in 40ms
 GET /api/auth/session 200 in 32ms
 GET /api/auth/session 200 in 67ms
 GET /api/auth/session 200 in 59ms
 GET /api/auth/session 200 in 30ms
 GET /api/auth/session 200 in 39ms
 GET /api/auth/session 200 in 25ms
 GET /api/auth/session 200 in 25ms
 ○ Compiling /admin/employees/[id] ...
 ✓ Compiled /admin/employees/[id] in 1391ms (1230 modules)
 GET /requests/new 200 in 1586ms
 GET /api/auth/session 200 in 158ms
 GET /admin/employees/cmeesmni8000dxt08tnz7dduj 200 in 2121ms
 GET /admin/employees/cmeesmnio000sxt08mvnvjzgg 200 in 2110ms
 GET /admin/employees/cmeesmnih000mxt08wcdx89r0 200 in 2100ms
 GET /admin/employees/cmeesmnik000pxt08xve6y1bc 200 in 2137ms
 GET /admin/employees/cmeesmnhz0007xt08gi0kro62 200 in 2119ms
 GET /admin/employees/cmeesmni4000axt080vefv0of 200 in 2129ms
 GET /admin/employees/cmeesmnib000gxt08cjcxwfzc 200 in 2120ms
 GET /admin/employees/cmeesmnie000jxt089r56vl5x 200 in 2123ms
 GET /admin/employees/cmeesmnir000vxt08258cjwts 200 in 2121ms
 ○ Compiling /api/employees/me ...
 ✓ Compiled /api/employees/me in 1084ms (776 modules)
 GET /api/auth/session 200 in 1444ms
 GET /api/employees/me 200 in 1830ms
 GET /api/auth/session 200 in 61ms
 GET /api/auth/session 200 in 32ms
 GET /api/auth/session 200 in 23ms
 GET /api/auth/session 200 in 25ms
 GET /api/auth/session 200 in 35ms
 GET /api/auth/session 200 in 23ms
 GET /api/auth/session 200 in 22ms
 GET /api/auth/session 200 in 23ms
 GET /api/auth/session 200 in 23ms
 GET /api/auth/session 200 in 34ms
 GET /api/auth/session 200 in 21ms
 GET /api/auth/session 200 in 23ms
 GET /api/auth/session 200 in 22ms
 GET /api/auth/session 200 in 24ms
 GET /api/auth/session 200 in 36ms
 GET /api/auth/session 200 in 34ms
 GET /api/auth/session 200 in 23ms
 GET /api/auth/session 200 in 22ms
 GET /api/auth/session 200 in 28ms
 GET /api/auth/session 200 in 37ms
 GET /api/auth/session 200 in 26ms
 GET /api/auth/session 200 in 32ms
 GET /api/auth/session 200 in 23ms
 GET /api/auth/session 200 in 24ms
 GET /api/auth/session 200 in 38ms
 GET /api/auth/session 200 in 24ms
 GET /api/auth/session 200 in 23ms
 GET /api/auth/session 200 in 22ms
 GET /api/auth/session 200 in 25ms
[?25h
