Attention: Next.js now collects completely anonymous telemetry regarding usage.
This information is used to shape Next.js' roadmap and prioritize features.
You can learn more, including how to opt-out if you'd not like to participate in this anonymous program, by visiting the following URL:
https://nextjs.org/telemetry

  ▲ Next.js 14.2.28
  - Experiments (use with caution):
    · outputFileTracingRoot

   Creating an optimized production build ...
 ✓ Compiled successfully
   Skipping linting
   Checking validity of types ...
   Collecting page data ...
   Generating static pages (0/13) ...
   Generating static pages (3/13) 
   Generating static pages (6/13) 
   Generating static pages (9/13) 
 ✓ Generating static pages (13/13)
   Finalizing page optimization ...
   Collecting build traces ...

Route (app)                              Size     First Load JS
┌ ƒ /                                    138 B          87.3 kB
├ ○ /_not-found                          873 B          88.1 kB
├ ƒ /admin/areas                         1.44 kB         121 kB
├ ƒ /admin/employees                     3.6 kB          123 kB
├ ƒ /admin/employees/new                 1.44 kB         121 kB
├ ƒ /admin/requests                      3.46 kB         123 kB
├ ƒ /admin/requests/[id]                 8.33 kB         128 kB
├ ƒ /api/areas                           0 B                0 B
├ ƒ /api/auth/[...nextauth]              0 B                0 B
├ ƒ /api/employees                       0 B                0 B
├ ƒ /api/employees/me                    0 B                0 B
├ ƒ /api/files/[...filename]             0 B                0 B
├ ƒ /api/leave-requests                  0 B                0 B
├ ƒ /api/leave-requests/[id]/approve     0 B                0 B
├ ƒ /api/leave-requests/[id]/reject      0 B                0 B
├ ƒ /api/signup                          0 B                0 B
├ ƒ /dashboard                           4.79 kB         124 kB
├ ƒ /login                               6.86 kB         117 kB
├ ƒ /requests                            3.46 kB         123 kB
└ ƒ /requests/new                        32.1 kB         151 kB
+ First Load JS shared by all            87.2 kB
  ├ chunks/117-038c31b80680f8e2.js       31.6 kB
  ├ chunks/fd9d1056-2ba9211bca48fd57.js  53.6 kB
  └ other shared chunks (total)          1.96 kB


○  (Static)   prerendered as static content
ƒ  (Dynamic)  server-rendered on demand

Successfully built app artifact
