  ▲ Next.js 14.2.28
  - Local:        http://localhost:3000
  - Environments: .env
  - Experiments (use with caution):
    · outputFileTracingRoot

 ✓ Starting...
 ✓ Ready in 1442ms
 ○ Compiling /login ...
 ✓ Compiled /login in 2.3s (901 modules)
 GET / 200 in 2379ms
 GET /login 200 in 2144ms
 ✓ Compiled /api/auth/[...nextauth] in 148ms (576 modules)
 GET /api/auth/session 200 in 526ms
 GET /api/auth/session 200 in 128ms
 GET /api/auth/session 200 in 36ms
 GET /api/auth/session 200 in 23ms
 GET /api/auth/session 200 in 24ms
 GET /login 200 in 61ms
 GET /api/auth/session 200 in 37ms
 GET /api/auth/session 200 in 22ms
 GET /api/auth/session 200 in 21ms
 GET /api/auth/session 200 in 22ms
 GET /api/auth/session 200 in 20ms
 GET /api/auth/session 200 in 21ms
 GET / 200 in 38ms
 GET / 200 in 44ms
 GET /api/auth/session 200 in 42ms
 ○ Compiling /dashboard ...
 ✓ Compiled /dashboard in 773ms (992 modules)
 GET /api/auth/session 200 in 560ms
 GET /dashboard?_rsc=3y0gy 200 in 27ms
 ✓ Compiled /api/employees in 456ms (656 modules)
 ✓ Compiled (660 modules)
 GET /api/leave-requests 200 in 912ms
 GET /api/employees 200 in 913ms
 GET /api/employees 200 in 28ms
 GET /api/leave-requests 200 in 25ms
 ○ Compiling /admin/employees ...
 ✓ Compiled /admin/employees in 558ms (1138 modules)
 GET /admin/employees?_rsc=czupt 200 in 45ms
 GET /api/employees 200 in 113ms
 GET /api/employees 200 in 32ms
 ○ Compiling /admin/employees/[id]/edit ...
 ✓ Compiled /admin/employees/[id]/edit in 568ms (1189 modules)
 GET /admin/employees/93968a9e-f3b1-4645-bf96-527588fa7086/edit?_rsc=1tedk 200 in 43ms
 ✓ Compiled /api/areas in 179ms (747 modules)
 GET /api/areas 200 in 311ms
 GET /api/areas 200 in 33ms
 ✓ Compiled /api/employees/[id] in 178ms (749 modules)
 GET /api/employees/93968a9e-f3b1-4645-bf96-527588fa7086 200 in 605ms
 GET /api/employees/93968a9e-f3b1-4645-bf96-527588fa7086 200 in 41ms
Profile image saved: /uploads/employee-93968a9e-f3b1-4645-bf96-527588fa7086-1755480103533.jpg
 PUT /api/employees/93968a9e-f3b1-4645-bf96-527588fa7086 500 in 362ms
 GET / 200 in 66ms
 GET / 200 in 38ms
 GET / 200 in 44ms
 GET / 200 in 35ms
 GET / 200 in 37ms
 GET /api/auth/session 200 in 47ms
 GET /dashboard?_rsc=3y0gy 200 in 30ms
 GET /api/auth/session 200 in 48ms
 GET /api/employees 200 in 137ms
 GET /api/leave-requests 200 in 142ms
 GET /api/employees 200 in 30ms
 GET /api/leave-requests 200 in 27ms
 GET /admin/employees?_rsc=czupt 200 in 28ms
 GET /api/employees 200 in 33ms
 GET /api/employees 200 in 31ms
 GET /admin/employees/93968a9e-f3b1-4645-bf96-527588fa7086/edit?_rsc=1tedk 200 in 26ms
 GET /api/areas 200 in 104ms
 GET /api/areas 200 in 30ms
 GET /api/employees/93968a9e-f3b1-4645-bf96-527588fa7086 200 in 66ms
 GET /api/employees/93968a9e-f3b1-4645-bf96-527588fa7086 200 in 36ms
 PUT /api/employees/93968a9e-f3b1-4645-bf96-527588fa7086 200 in 49ms
 GET /api/employees 200 in 30ms
 GET /api/employees 200 in 26ms
 GET /api/areas 200 in 34ms
 GET /api/areas 200 in 30ms
 GET /api/employees/93968a9e-f3b1-4645-bf96-527588fa7086 200 in 45ms
 GET /api/employees/93968a9e-f3b1-4645-bf96-527588fa7086 200 in 41ms
 GET / 200 in 37ms
 PUT /api/employees/93968a9e-f3b1-4645-bf96-527588fa7086 200 in 43ms
 GET /api/employees 200 in 29ms
 GET /api/employees 200 in 33ms
 GET /admin/employees/93968a9e-f3b1-4645-bf96-527588fa7086/edit?_rsc=1231k 200 in 41ms
 GET /api/areas 200 in 27ms
 GET /api/areas 200 in 35ms
 GET /api/employees/93968a9e-f3b1-4645-bf96-527588fa7086 200 in 56ms
 GET /api/employees/93968a9e-f3b1-4645-bf96-527588fa7086 200 in 37ms
Profile image saved: /uploads/employee-93968a9e-f3b1-4645-bf96-527588fa7086-1755480356065.jpg
 PUT /api/employees/93968a9e-f3b1-4645-bf96-527588fa7086 500 in 355ms
 GET / 200 in 35ms
 GET /admin/employees?_rsc=cvg4n 200 in 29ms
 GET /api/employees 200 in 31ms
 GET /api/employees 200 in 28ms
 GET /api/auth/session 200 in 39ms
 GET / 200 in 39ms
 GET / 200 in 34ms
 GET / 200 in 31ms
 GET / 200 in 34ms
 GET / 200 in 31ms
 GET / 200 in 33ms
 GET /api/auth/session 200 in 37ms
 GET /dashboard?_rsc=3y0gy 200 in 22ms
 GET /api/auth/session 200 in 32ms
 GET /api/leave-requests 200 in 45ms
 GET /api/employees 200 in 50ms
 GET /api/leave-requests 200 in 29ms
 GET /api/employees 200 in 30ms
 ✓ Compiled in 640ms (1116 modules)
 GET /login?_rsc=v3pub 200 in 79ms
 GET /login?_rsc=v3pub 200 in 26ms
 ✓ Compiled in 490ms (1116 modules)
 GET /login?_rsc=v3pub 200 in 46ms
 GET /login?_rsc=v3pub 200 in 22ms
[?25h
