  ▲ Next.js 14.2.28
  - Environments: .env
  - Experiments (use with caution):
    · outputFileTracingRoot

   Creating an optimized production build ...
 ✓ Compiled successfully
   Skipping linting
   Checking validity of types ...
   Collecting page data ...
   Generating static pages (0/13) ...
   Generating static pages (3/13) 
   Generating static pages (6/13) 
   Generating static pages (9/13) 
 ✓ Generating static pages (13/13)
   Finalizing page optimization ...
   Collecting build traces ...

Route (app)                              Size     First Load JS
┌ ƒ /                                    138 B          87.4 kB
├ ○ /_not-found                          872 B          88.1 kB
├ ƒ /admin/areas                         3.66 kB         123 kB
├ ƒ /admin/employees                     3.79 kB         123 kB
├ ƒ /admin/employees/[id]                4.03 kB         147 kB
├ ƒ /admin/employees/new                 1.44 kB         121 kB
├ ƒ /admin/requests                      3.46 kB         123 kB
├ ƒ /admin/requests/[id]                 8.32 kB         128 kB
├ ƒ /api/areas                           0 B                0 B
├ ƒ /api/areas/[id]                      0 B                0 B
├ ƒ /api/auth/[...nextauth]              0 B                0 B
├ ƒ /api/employees                       0 B                0 B
├ ƒ /api/employees/[id]                  0 B                0 B
├ ƒ /api/employees/me                    0 B                0 B
├ ƒ /api/files/[...filename]             0 B                0 B
├ ƒ /api/leave-requests                  0 B                0 B
├ ƒ /api/leave-requests/[id]/approve     0 B                0 B
├ ƒ /api/leave-requests/[id]/reject      0 B                0 B
├ ƒ /api/signup                          0 B                0 B
├ ƒ /dashboard                           5.08 kB         124 kB
├ ƒ /login                               4.75 kB         120 kB
├ ƒ /requests                            3.46 kB         123 kB
└ ƒ /requests/new                        4.43 kB         152 kB
+ First Load JS shared by all            87.2 kB
  ├ chunks/156-19c70f6b87101c8e.js       31.7 kB
  ├ chunks/ceb5afef-a88ae4c1d1f36d80.js  53.6 kB
  └ other shared chunks (total)          1.96 kB


○  (Static)   prerendered as static content
ƒ  (Dynamic)  server-rendered on demand

exit_code=0
