  ▲ Next.js 14.2.28
  - Local:        http://localhost:3000
  - Environments: .env
  - Experiments (use with caution):
    · outputFileTracingRoot

 ✓ Starting...
 ✓ Ready in 1394ms
 ○ Compiling / ...
 ✓ Compiled / in 1527ms (784 modules)
 GET / 200 in 1952ms
 GET / 200 in 1347ms
 ✓ Compiled in 466ms (280 modules)
 GET / 200 in 40ms
 ○ Compiling /api/auth/[...nextauth] ...
 ✓ Compiled /api/auth/[...nextauth] in 667ms (926 modules)
 GET /api/auth/session 200 in 1099ms
 GET /dashboard?_rsc=3y0gy 200 in 27ms
 GET /api/auth/session 200 in 32ms
 ✓ Compiled /api/leave-requests in 427ms (613 modules)
 ✓ Compiled (660 modules)
 GET /api/leave-requests 200 in 870ms
 GET /api/employees 200 in 875ms
 GET /api/leave-requests 200 in 35ms
 GET /api/employees 200 in 40ms
 GET /api/auth/providers 200 in 34ms
 GET / 200 in 72ms
 GET / 200 in 31ms
 GET / 200 in 32ms
 ○ Compiling /login ...
 ✓ Compiled /login in 697ms (1061 modules)
 GET /api/auth/session 200 in 789ms
 GET / 200 in 583ms
 GET /api/auth/session 200 in 20ms
 GET /login?_rsc=1ebxd 200 in 27ms
 GET /api/auth/session 200 in 37ms
 GET /dashboard?_rsc=3y0gy 200 in 55ms
 GET /api/auth/session 200 in 72ms
 GET /api/leave-requests 200 in 159ms
 GET /api/employees 200 in 161ms
 GET /api/leave-requests 200 in 34ms
 GET /api/employees 200 in 34ms
 GET /api/auth/csrf 200 in 33ms
 ✓ Compiled /api/signup in 248ms (700 modules)
 POST /api/signup 201 in 655ms
 GET / 200 in 53ms
 GET /api/auth/csrf 200 in 39ms
 POST /api/auth/callback/credentials 302 in 379ms
 GET /dashboard 200 in 38ms
 GET / 200 in 40ms
 GET /dashboard 200 in 44ms
 GET /api/auth/session 200 in 34ms
 GET /api/auth/session 200 in 32ms
 GET /dashboard?_rsc=3y0gy 200 in 41ms
 GET /api/auth/session 200 in 21ms
 GET /api/employees 200 in 134ms
 GET /api/leave-requests 200 in 149ms
 GET /api/auth/session 200 in 23ms
 GET /api/employees 200 in 30ms
 GET /api/leave-requests 200 in 34ms
 GET /api/auth/session 200 in 30ms
 GET /api/employees 200 in 30ms
 GET /api/leave-requests 200 in 29ms
 GET /api/employees 200 in 27ms
 GET /api/leave-requests 200 in 27ms
 ○ Compiling /admin/areas ...
 ✓ Compiled /admin/areas in 1438ms (1276 modules)
 GET /admin/employees 200 in 1694ms
 GET /admin/areas 200 in 1673ms
 GET /requests 200 in 1691ms
 GET /admin/requests 200 in 1700ms
 GET /admin/employees/new 200 in 1690ms
 GET /admin/requests/cmeevtizy000zm2veoi5vn3pq 200 in 1950ms
 GET /admin/requests/cmeevtj030015m2ve1h1137pv 200 in 1955ms
 GET /api/employees 200 in 281ms
 ○ Compiling /api/areas ...
 ✓ Compiled /api/areas in 674ms (817 modules)
 GET /api/auth/session 200 in 1036ms
 GET /api/auth/session 200 in 21ms
 GET /api/leave-requests?requestId=cmeevtizy000zm2veoi5vn3pq 200 in 832ms
 GET /api/auth/session 200 in 27ms
 GET /api/leave-requests?requestId=cmeevtj030015m2ve1h1137pv 200 in 828ms
 GET /api/leave-requests 200 in 1214ms
 GET /api/areas 200 in 1215ms
 GET /api/employees 200 in 908ms
 GET /api/leave-requests?requestId=cmeevtj030015m2ve1h1137pv 200 in 37ms
 GET /api/leave-requests?requestId=cmeevtizy000zm2veoi5vn3pq 200 in 44ms
 GET /api/auth/session 200 in 52ms
 GET /api/leave-requests 200 in 56ms
 GET /api/areas 200 in 56ms
 GET /api/auth/session 200 in 41ms
 GET /api/leave-requests 200 in 49ms
 GET /api/areas 200 in 47ms
 GET /api/auth/session 200 in 31ms
 GET /api/areas 200 in 34ms
 GET /api/leave-requests 200 in 31ms
 GET /api/auth/session 200 in 21ms
 GET /api/auth/session 200 in 22ms
 GET /api/auth/session 200 in 23ms
 GET /api/auth/session 200 in 21ms
 GET /api/auth/session 200 in 34ms
 GET /api/auth/session 200 in 20ms
 GET /api/auth/session 200 in 22ms
 GET /api/auth/session 200 in 19ms
 GET /api/auth/session 200 in 25ms
 GET /api/auth/session 200 in 21ms
 GET /api/auth/session 200 in 32ms
 GET /api/auth/session 200 in 21ms
 GET /api/auth/session 200 in 21ms
 ○ Compiling /admin/employees/[id]/edit ...
 ✓ Compiled /admin/employees/[id]/edit in 533ms (1287 modules)
 GET /admin/employees/cmeevtiz3000dm2vejw59w1h1/edit 200 in 1020ms
 GET /admin/employees/cmeevtiyz000am2vey0kfwe8z/edit 200 in 1021ms
 GET /admin/employees/cmeevtizc000jm2vejhouv0w1/edit 200 in 1013ms
 GET /admin/employees/cmeevtizg000mm2veo9ajwbh3/edit 200 in 1025ms
 GET /admin/employees/cmeevtizk000pm2ve537ufd5c/edit 200 in 1006ms
 GET /admin/employees/cmeevtiyu0007m2ve77maa89o/edit 200 in 1003ms
 GET /admin/employees/cmeevtizo000sm2ve79x65q61/edit 200 in 1017ms
 GET /admin/employees/cmeevtizs000vm2vei2vx5p9m/edit 200 in 1032ms
 GET /admin/employees/cmeevtiz8000gm2vejltpaiid/edit 200 in 1008ms
 GET /api/auth/session 200 in 102ms
 GET /api/areas 200 in 159ms
 GET /api/auth/session 200 in 59ms
 GET /api/areas 200 in 65ms
 ✓ Compiled /api/employees/[id] in 285ms (825 modules)
 GET /api/auth/session 200 in 493ms
 GET /api/areas 200 in 571ms
 GET /api/auth/session 200 in 22ms
 GET /api/areas 200 in 39ms
 GET /api/auth/session 200 in 37ms
 GET /api/areas 200 in 24ms
 GET /api/auth/session 200 in 20ms
 GET /api/areas 200 in 28ms
 GET /api/auth/session 200 in 24ms
 GET /api/areas 200 in 23ms
 GET /api/auth/session 200 in 51ms
 GET /api/areas 200 in 49ms
 GET /api/employees/cmeevtizg000mm2veo9ajwbh3 200 in 309ms
 GET /api/auth/session 200 in 25ms
 GET /api/employees/cmeevtiyz000am2vey0kfwe8z 200 in 197ms
 GET /api/employees/cmeevtizk000pm2ve537ufd5c 200 in 77ms
 GET /api/employees/cmeevtiz3000dm2vejw59w1h1 200 in 1024ms
 GET /api/areas 200 in 34ms
 GET /api/employees/cmeevtizg000mm2veo9ajwbh3 200 in 41ms
 GET /api/auth/session 200 in 49ms
 GET /api/employees/cmeevtiz3000dm2vejw59w1h1 200 in 71ms
 GET /api/employees/cmeevtiyz000am2vey0kfwe8z 200 in 71ms
 GET /api/employees/cmeevtizk000pm2ve537ufd5c 200 in 67ms
 GET /api/areas 200 in 64ms
 GET /api/employees/cmeevtiz8000gm2vejltpaiid 200 in 64ms
 GET /api/auth/session 200 in 39ms
 GET /api/areas 200 in 32ms
 GET /api/employees/cmeevtiz8000gm2vejltpaiid 200 in 36ms
 GET /api/auth/session 200 in 27ms
 GET /api/areas 200 in 26ms
 GET /api/employees/cmeevtizs000vm2vei2vx5p9m 200 in 32ms
 GET /api/auth/session 200 in 38ms
 GET /api/areas 200 in 33ms
 GET /api/employees/cmeevtizs000vm2vei2vx5p9m 200 in 53ms
 GET /api/auth/session 200 in 39ms
 GET /api/areas 200 in 39ms
 GET /api/employees/cmeevtizc000jm2vejhouv0w1 200 in 42ms
 GET /api/auth/session 200 in 21ms
 GET /api/areas 200 in 26ms
 GET /api/auth/session 200 in 27ms
 GET /api/employees/cmeevtizc000jm2vejhouv0w1 200 in 43ms
 GET /api/areas 200 in 32ms
 GET /api/employees/cmeevtiyu0007m2ve77maa89o 200 in 34ms
 GET /api/auth/session 200 in 229ms
 GET /api/areas 200 in 135ms
 GET /api/employees/cmeevtiyu0007m2ve77maa89o 200 in 135ms
 GET /api/areas 200 in 48ms
 GET /api/auth/session 200 in 52ms
 GET /api/employees/cmeevtizo000sm2ve79x65q61 200 in 57ms
 GET /api/auth/session 200 in 36ms
 GET /api/employees/cmeevtizo000sm2ve79x65q61 200 in 52ms
 GET /api/auth/session 200 in 22ms
 GET /api/auth/session 200 in 24ms
 GET /api/auth/session 200 in 35ms
 GET /api/auth/session 200 in 23ms
 GET /api/auth/session 200 in 23ms
[?25h
