  ▲ Next.js 14.2.28
  - Local:        http://localhost:3000
  - Environments: .env
  - Experiments (use with caution):
    · outputFileTracingRoot

 ✓ Starting...
 ✓ Ready in 1400ms
 ○ Compiling / ...
 ✓ Compiled / in 1821ms (784 modules)
 GET / 200 in 2114ms
 ✓ Compiled in 473ms (280 modules)
 ○ Compiling /login ...
 ✓ Compiled /login in 861ms (889 modules)
 GET /login 200 in 1000ms
 ✓ Compiled /api/auth/[...nextauth] in 242ms (576 modules)
 GET /api/auth/session 200 in 709ms
 GET /api/auth/session 200 in 33ms
 GET /api/auth/session 200 in 24ms
 GET /api/auth/session 200 in 23ms
 GET /api/auth/session 200 in 24ms
 GET /api/auth/session 200 in 22ms
 GET /api/auth/session 200 in 21ms
 GET /api/auth/session 200 in 21ms
 GET /api/auth/session 200 in 33ms
 GET /api/auth/session 200 in 24ms
 GET /api/auth/session 200 in 24ms
 GET /api/auth/session 200 in 24ms
[?25h
