  ▲ Next.js 14.2.28
  - Local:        http://localhost:3000
  - Environments: .env
  - Experiments (use with caution):
    · outputFileTracingRoot

 ✓ Starting...
 ✓ Ready in 1426ms
 ○ Compiling / ...
 ✓ Compiled / in 1943ms (784 modules)
 GET / 200 in 2273ms
 ✓ Compiled in 492ms (280 modules)
 GET / 200 in 45ms
 ○ Compiling /api/auth/[...nextauth] ...
 ✓ Compiled /api/auth/[...nextauth] in 761ms (926 modules)
 GET /dashboard?_rsc=3y0gy 200 in 32ms
 GET /api/auth/session 200 in 1213ms
 GET /api/auth/session 200 in 32ms
 ✓ Compiled /api/leave-requests in 168ms (613 modules)
 ✓ Compiled (660 modules)
 GET /api/employees 200 in 522ms
 GET /api/leave-requests 200 in 530ms
 GET /api/employees 200 in 29ms
 GET /api/leave-requests 200 in 36ms
 ○ Compiling /admin/employees ...
 ✓ Compiled /admin/employees in 873ms (1130 modules)
 GET /admin/employees?_rsc=czupt 200 in 56ms
 GET /api/employees 200 in 124ms
 GET /api/employees 200 in 31ms
 ✓ Compiled in 185ms (727 modules)
 GET / 200 in 87ms
 ✓ Compiled /api/employees/[id] in 203ms (729 modules)
 DELETE /api/employees/cmeevtizg000mm2veo9ajwbh3 409 in 624ms
 DELETE /api/employees/cmeevtizg000mm2veo9ajwbh3?force=true 200 in 49ms
 GET / 200 in 45ms
 DELETE /api/employees/cmeevtiyz000am2vey0kfwe8z 409 in 41ms
 DELETE /api/employees/cmeevtiyz000am2vey0kfwe8z?force=true 200 in 45ms
 DELETE /api/employees/cmeevtizc000jm2vejhouv0w1 409 in 43ms
 DELETE /api/employees/cmeevtizc000jm2vejhouv0w1?force=true 200 in 46ms
 DELETE /api/employees/cmeevtiz8000gm2vejltpaiid 409 in 47ms
 DELETE /api/employees/cmeevtiz8000gm2vejltpaiid?force=true 200 in 46ms
 GET / 200 in 38ms
 GET / 200 in 37ms
 GET /api/auth/session 200 in 62ms
 GET /dashboard?_rsc=3y0gy 200 in 34ms
 GET /api/auth/session 200 in 42ms
 GET /api/employees 200 in 120ms
 GET /api/leave-requests 200 in 135ms
 GET /api/leave-requests 200 in 35ms
 GET /api/employees 200 in 39ms
 GET / 200 in 35ms
