  ▲ Next.js 14.2.28
  - Local:        http://localhost:3000
  - Environments: .env
  - Experiments (use with caution):
    · outputFileTracingRoot

 ✓ Starting...
 ✓ Ready in 1865ms
 ○ Compiling / ...
 ✓ Compiled / in 2.7s (791 modules)
 GET / 200 in 3170ms
 ✓ Compiled in 444ms (280 modules)
 GET / 200 in 52ms
 ○ Compiling /api/auth/[...nextauth] ...
 ✓ Compiled /api/auth/[...nextauth] in 1231ms (926 modules)
 GET /api/auth/session 200 in 1683ms
 GET /dashboard?_rsc=3y0gy 200 in 26ms
 GET /api/auth/session 200 in 34ms
 ✓ Compiled /api/leave-requests in 196ms (613 modules)
 ✓ Compiled (615 modules)
 GET /api/leave-requests 200 in 545ms
 GET /api/employees 200 in 556ms
 GET /api/leave-requests 200 in 40ms
 GET /api/employees 200 in 45ms
 GET / 200 in 298ms
 ✓ Compiled in 601ms (966 modules)
 ✓ Compiled in 356ms (966 modules)
 ✓ Compiled in 361ms (966 modules)
 ✓ Compiled in 497ms (966 modules)
 ✓ Compiled in 193ms (351 modules)
[?25h
