  ▲ Next.js 14.2.28
  - Local:        http://localhost:3000
  - Environments: .env
  - Experiments (use with caution):
    · outputFileTracingRoot

 ✓ Starting...
 ✓ Ready in 1525ms
 ○ Compiling / ...
 ✓ Compiled / in 2.4s (784 modules)
 GET / 200 in 2835ms
 ✓ Compiled in 419ms (280 modules)
 GET / 200 in 48ms
 ○ Compiling /api/auth/[...nextauth] ...
 ✓ Compiled /api/auth/[...nextauth] in 853ms (926 modules)
 GET /api/auth/session 200 in 1272ms
 GET /dashboard?_rsc=3y0gy 200 in 26ms
 GET /api/auth/session 200 in 35ms
 ✓ Compiled /api/employees in 186ms (613 modules)
 ✓ Compiled (615 modules)
 GET /api/leave-requests 200 in 563ms
 GET /api/employees 200 in 559ms
 GET /api/leave-requests 200 in 27ms
 GET /api/employees 200 in 32ms
 ✓ Compiled in 269ms (954 modules)
 GET / 200 in 83ms
 ✓ Compiled in 249ms (954 modules)
 ✓ Compiled in 264ms (954 modules)
 ✓ Compiled in 346ms (351 modules)
 ✓ Compiled in 255ms (351 modules)
 ✓ Compiled in 209ms (351 modules)
 GET / 200 in 108ms
 ✓ Compiled in 274ms (351 modules)
 GET / 200 in 39ms
 GET / 200 in 34ms
 GET / 200 in 39ms
 GET /api/auth/session 200 in 67ms
 GET /dashboard?_rsc=3y0gy 200 in 28ms
 GET /api/auth/session 200 in 34ms
 GET /api/employees 200 in 150ms
 GET /api/leave-requests 200 in 158ms
 GET /api/employees 200 in 34ms
 GET /api/leave-requests 200 in 38ms
 GET / 200 in 34ms
 GET / 200 in 167ms
 GET /api/auth/session 200 in 39ms
 GET /dashboard?_rsc=3y0gy 200 in 24ms
 GET /api/auth/session 200 in 30ms
 POST /api/auth/_log 200 in 22ms
 GET / 200 in 36ms
 GET / 200 in 30ms
 GET /api/auth/session 200 in 45ms
 GET /dashboard?_rsc=3y0gy 200 in 29ms
 GET /api/auth/session 200 in 37ms
 GET /api/leave-requests 200 in 30ms
 GET /api/employees 200 in 28ms
 GET /api/leave-requests 200 in 29ms
 GET /api/employees 200 in 33ms
 ✓ Compiled in 449ms (966 modules)
 ✓ Compiled in 373ms (966 modules)
 ✓ Compiled in 369ms (966 modules)
 GET / 200 in 110ms
 ✓ Compiled in 325ms (966 modules)
 GET / 200 in 71ms
 GET / 200 in 36ms
 GET /api/auth/session 200 in 49ms
 GET /api/auth/session 200 in 40ms
 GET /dashboard?_rsc=3y0gy 200 in 25ms
 GET /api/employees 200 in 153ms
 GET /api/leave-requests 200 in 160ms
 GET /api/employees 200 in 35ms
 GET /api/leave-requests 200 in 34ms
 ✓ Compiled in 247ms (351 modules)
 ✓ Compiled in 302ms (351 modules)
 GET / 200 in 46ms
[?25h
