  ▲ Next.js 14.2.28
  - Local:        http://localhost:3000
  - Environments: .env
  - Experiments (use with caution):
    · outputFileTracingRoot

 ✓ Starting...
 ✓ Ready in 1374ms
 ○ Compiling / ...
 ✓ Compiled / in 2.9s (791 modules)
 GET / 200 in 3361ms
 ✓ Compiled in 485ms (280 modules)
 ✓ Compiled /api/auth/[...nextauth] in 230ms (510 modules)
 GET /api/auth/providers 200 in 638ms
 GET / 200 in 68ms
 ○ Compiling /login ...
 ✓ Compiled /login in 875ms (895 modules)
 GET /api/auth/session 200 in 971ms
 GET /api/auth/session 200 in 25ms
 GET /login?_rsc=1ebxd 200 in 30ms
 GET /api/auth/csrf 200 in 33ms
 ✓ Compiled /api/signup in 209ms (602 modules)
 POST /api/signup 201 in 687ms
 GET / 200 in 65ms
 GET /api/auth/csrf 200 in 40ms
 POST /api/auth/callback/credentials 302 in 397ms
 ○ Compiling /dashboard ...
 ✓ Compiled /dashboard in 688ms (1018 modules)
 GET /dashboard 200 in 835ms
 GET / 200 in 38ms
 GET /dashboard 200 in 38ms
 GET /api/auth/session 200 in 52ms
 ✓ Compiled /api/employees in 344ms (701 modules)
 ✓ Compiled (703 modules)
 GET /api/auth/session 200 in 573ms
 GET /dashboard?_rsc=3y0gy 200 in 588ms
 GET /api/auth/session 200 in 31ms
 GET /api/employees 200 in 705ms
 GET /api/leave-requests 200 in 709ms
 GET /api/auth/session 200 in 34ms
 GET /api/leave-requests 200 in 47ms
 GET /api/employees 200 in 52ms
 GET /api/auth/session 200 in 27ms
 GET /api/leave-requests 200 in 32ms
 GET /api/employees 200 in 44ms
 GET /api/auth/session 200 in 31ms
 GET /api/leave-requests 200 in 44ms
 GET /api/employees 200 in 40ms
 ○ Compiling /admin/requests ...
 ✓ Compiled /admin/requests in 1605ms (1283 modules)
 GET /admin/areas 200 in 1865ms
 GET /requests 200 in 1868ms
 GET /admin/employees 200 in 1872ms
 GET /admin/employees/new 200 in 1866ms
 GET /admin/requests 200 in 1833ms
 GET /admin/requests/cmef5hoyb0015wqo2g3oab8mu 200 in 2114ms
 GET /api/auth/session 200 in 89ms
 GET /api/employees 200 in 203ms
 GET /api/leave-requests 200 in 215ms
 ✓ Compiled /api/areas in 318ms (821 modules)
 GET /api/auth/session 200 in 616ms
 GET /api/employees 200 in 563ms
 GET /api/auth/session 200 in 29ms
 GET /api/areas 200 in 800ms
 GET /api/leave-requests?requestId=cmef5hoyb0015wqo2g3oab8mu 200 in 638ms
 GET /api/leave-requests 200 in 616ms
 GET /api/auth/session 200 in 32ms
 GET /api/areas 200 in 45ms
 GET /api/leave-requests?requestId=cmef5hoyb0015wqo2g3oab8mu 200 in 50ms
 GET /api/leave-requests 200 in 46ms
 GET /api/auth/session 200 in 36ms
 GET /api/leave-requests 200 in 31ms
 GET /api/auth/session 200 in 53ms
 GET /api/areas 200 in 62ms
 GET /api/auth/session 200 in 34ms
 GET /api/areas 200 in 37ms
 GET /api/auth/session 200 in 28ms
 GET /api/auth/session 200 in 27ms
 GET /api/auth/session 200 in 26ms
 GET /api/auth/session 200 in 38ms
 GET /api/auth/session 200 in 26ms
 GET /api/auth/session 200 in 33ms
 GET /api/areas 200 in 40ms
 GET /api/auth/session 200 in 25ms
 GET /api/auth/session 200 in 26ms
 GET /api/auth/session 200 in 37ms
 GET /api/auth/session 200 in 24ms
 GET /api/auth/session 200 in 27ms
 GET /api/auth/session 200 in 26ms
 GET /api/auth/session 200 in 27ms
 GET /api/areas 200 in 41ms
 GET /api/auth/session 200 in 34ms
 GET /api/auth/session 200 in 25ms
 GET /api/areas 200 in 29ms
 GET /api/auth/session 200 in 33ms
 GET /api/auth/session 200 in 25ms
 GET /api/auth/session 200 in 41ms
 GET /api/auth/session 200 in 26ms
 ○ Compiling /admin/employees/[id]/edit ...
 ✓ Compiled /admin/employees/[id]/edit in 1131ms (1305 modules)
 GET /requests/new 200 in 1269ms
 GET /admin/employees/cmef5hox0000dwqo2ubygf6z6/edit 200 in 1655ms
 GET /admin/employees/cmef5hoxv000vwqo20wqzy3z0/edit 200 in 1650ms
 GET /admin/employees/cmef5hoxg000mwqo2qdfftegz/edit 200 in 1658ms
 GET /admin/employees/cmef5howo0007wqo2hzhrvyly/edit 200 in 1651ms
 GET /admin/employees/cmef5hoxb000jwqo29btjta01/edit 200 in 1650ms
 GET /admin/employees/cmef5hox5000gwqo2zsowjypk/edit 200 in 1634ms
 ✓ Compiled /api/employees/me in 371ms (836 modules)
 GET /api/auth/session 200 in 940ms
 GET /api/auth/session 200 in 68ms
 GET /api/employees/me 200 in 1115ms
 GET /api/areas 200 in 184ms
 GET /api/auth/session 200 in 55ms
 GET /api/employees/me 200 in 83ms
 ✓ Compiled /api/employees/[id] in 321ms (838 modules)
 GET /api/auth/session 200 in 653ms
 GET /api/areas 200 in 728ms
 GET /api/auth/session 200 in 25ms
 GET /api/areas 200 in 34ms
 GET /api/auth/session 200 in 30ms
 GET /api/areas 200 in 38ms
 GET /api/auth/session 200 in 24ms
 GET /api/areas 200 in 30ms
 GET /api/auth/session 200 in 24ms
 GET /api/areas 200 in 70ms
 GET /api/auth/session 200 in 65ms
 GET /api/employees/cmef5howo0007wqo2hzhrvyly 200 in 98ms
 GET /api/employees/cmef5hox0000dwqo2ubygf6z6 200 in 281ms
 GET /api/employees/cmef5hoxg000mwqo2qdfftegz 200 in 1130ms
 GET /api/areas 200 in 40ms
 GET /api/auth/session 200 in 55ms
 GET /api/employees/cmef5howo0007wqo2hzhrvyly 200 in 76ms
 GET /api/employees/cmef5hox0000dwqo2ubygf6z6 200 in 79ms
 GET /api/employees/cmef5hoxg000mwqo2qdfftegz 200 in 104ms
 GET /api/employees/cmef5hoxv000vwqo20wqzy3z0 200 in 85ms
 GET /api/areas 200 in 96ms
 GET /api/auth/session 200 in 51ms
 GET /api/areas 200 in 42ms
 GET /api/auth/session 200 in 42ms
 GET /api/employees/cmef5hoxv000vwqo20wqzy3z0 200 in 60ms
 GET /api/areas 200 in 48ms
 GET /api/employees/cmef5hox5000gwqo2zsowjypk 200 in 66ms
 GET /api/auth/session 200 in 59ms
 GET /api/areas 200 in 34ms
 GET /api/employees/cmef5hox5000gwqo2zsowjypk 200 in 45ms
 GET /api/auth/session 200 in 41ms
 GET /api/areas 200 in 39ms
 GET /api/employees/cmef5hoxb000jwqo29btjta01 200 in 35ms
 GET /api/auth/session 200 in 34ms
 GET /api/employees/cmef5hoxb000jwqo29btjta01 200 in 28ms
 GET /api/auth/session 200 in 29ms
 GET /api/auth/session 200 in 53ms
 GET /api/auth/session 200 in 23ms
 GET /api/auth/session 200 in 25ms
 GET /api/auth/session 200 in 23ms
 GET /api/auth/session 200 in 28ms
 GET /api/auth/session 200 in 38ms
 GET /api/auth/session 200 in 31ms
 GET /api/auth/session 200 in 23ms
 GET /api/auth/session 200 in 26ms
 GET /api/auth/session 200 in 37ms
 GET /api/auth/session 200 in 24ms
 GET /api/auth/session 200 in 25ms
 GET /api/auth/session 200 in 23ms
 GET /api/auth/session 200 in 36ms
 GET / 200 in 56ms
 GET /api/auth/session 200 in 53ms
 GET /login?_rsc=1ebxd 200 in 40ms
 GET /api/auth/session 200 in 43ms
 ○ Compiling /_not-found ...
 ✓ Compiled /_not-found in 804ms (1050 modules)
 GET /_next/static/chunks/handle-smooth-scroll.js.map 404 in 851ms
 GET /.well-known/appspecific/com.chrome.devtools.json 404 in 949ms
 GET /_next/static/chunks/static-generation-async-storage-instance.js.map 404 in 841ms
 GET /_next/static/chunks/app/index.mjs.map 404 in 856ms
 GET /_next/static/chunks/app/login/bundle-mjs.mjs.map 404 in 829ms
 POST /api/auth/callback/credentials 302 in 63ms
 GET /login 200 in 47ms
 POST /api/auth/signin 302 in 34ms
 GET /login 200 in 61ms
 GET /api/auth/session 200 in 55ms
 GET /api/auth/session 200 in 30ms
 GET /api/auth/session 200 in 36ms
 ✓ Compiled /api/employees in 302ms (603 modules)
 GET /api/employees 401 in 395ms
 ✓ Compiled /dashboard in 175ms (654 modules)
 GET /dashboard 200 in 308ms
 ✓ Compiled /admin/employees in 207ms (709 modules)
 GET /admin/employees 200 in 289ms
 ✓ Compiled in 765ms (1191 modules)
 GET /login?_rsc=v3pub 200 in 60ms
 GET /login?_rsc=v3pub 200 in 35ms
 ✓ Compiled in 917ms (1191 modules)
 GET /login?_rsc=v3pub 200 in 65ms
 GET /login?_rsc=v3pub 200 in 31ms
 ✓ Compiled /_not-found in 411ms (1150 modules)
 GET /login 404 in 556ms
 ✓ Compiled /api/auth/[...nextauth] in 230ms (683 modules)
 ○ Compiling /_error ...
 ✓ Compiled /_error in 1389ms (1383 modules)
 GET /api/auth/session 500 in 2041ms
 GET /login?_rsc=ffogx 200 in 778ms
 GET /login?_rsc=v3pub 200 in 779ms
 GET /api/auth/session 200 in 101ms
 POST /api/auth/_log 200 in 121ms
 GET /login?_rsc=v3pub 200 in 88ms
 GET /api/auth/session 200 in 31ms
 GET /login?_rsc=v3pub 200 in 32ms
 GET /login?_rsc=v3pub 200 in 35ms
 GET /api/auth/session 200 in 36ms
 GET /login?_rsc=v3pub 200 in 38ms
 ✓ Compiled / in 169ms (618 modules)
 GET / 200 in 286ms
[?25h
