  ▲ Next.js 14.2.28
  - Local:        http://localhost:3000
  - Environments: .env
  - Experiments (use with caution):
    · outputFileTracingRoot

 ✓ Starting...
 ✓ Ready in 1571ms
 ○ Compiling / ...
 ✓ Compiled / in 1775ms (785 modules)
 GET / 200 in 2254ms
 ✓ Compiled in 458ms (280 modules)
 GET / 200 in 49ms
 ○ Compiling /api/auth/[...nextauth] ...
 ✓ Compiled /api/auth/[...nextauth] in 1075ms (929 modules)
 GET /api/auth/session 200 in 1551ms
 GET /dashboard?_rsc=3y0gy 200 in 45ms
 GET /api/auth/session 200 in 39ms
 ✓ Compiled /api/leave-requests in 270ms (615 modules)
 ✓ Compiled (617 modules)
 GET /api/leave-requests 200 in 657ms
 GET /api/employees/me 200 in 668ms
 GET /api/employees/me 200 in 37ms
 GET /api/leave-requests 200 in 47ms
 GET / 200 in 72ms
 GET / 200 in 36ms
 GET / 200 in 36ms
 GET /api/auth/session 200 in 51ms
 GET /api/leave-requests 200 in 49ms
 GET /api/employees/me 200 in 53ms
 GET / 200 in 32ms
 GET / 200 in 39ms
 GET / 200 in 35ms
 GET /api/auth/session 200 in 31ms
 GET /api/leave-requests 200 in 34ms
 GET /api/employees/me 200 in 34ms
 GET / 200 in 35ms
 GET / 200 in 37ms
 GET /api/auth/session 200 in 37ms
 GET /api/employees/me 200 in 36ms
 GET /api/leave-requests 200 in 39ms
 GET / 200 in 33ms
 GET /api/auth/session 200 in 37ms
 GET /api/employees/me 200 in 38ms
 GET /api/leave-requests 200 in 39ms
 GET /api/auth/session 200 in 37ms
 GET /api/employees/me 200 in 35ms
 GET /api/leave-requests 200 in 35ms
 GET / 200 in 35ms
 GET / 200 in 37ms
 GET /api/auth/session 200 in 40ms
 GET /api/employees/me 200 in 34ms
 GET /api/leave-requests 200 in 36ms
 GET /api/auth/session 200 in 32ms
 GET /api/leave-requests 200 in 33ms
 GET /api/employees/me 200 in 30ms
 GET / 200 in 38ms
 GET /api/auth/session 200 in 33ms
 GET /api/employees/me 200 in 27ms
 GET /api/leave-requests 200 in 30ms
 ✓ Compiled /requests in 480ms (953 modules)
 GET /requests?_rsc=133ax 200 in 53ms
 GET /api/leave-requests 200 in 114ms
 GET /api/leave-requests 200 in 30ms
 GET / 200 in 61ms
 ✓ Compiled /dashboard in 201ms (624 modules)
 GET /api/leave-requests 200 in 177ms
 GET /api/employees/me 200 in 174ms
 GET /api/leave-requests 200 in 35ms
 GET /api/employees/me 200 in 30ms
 GET / 200 in 47ms
 GET /api/auth/csrf 200 in 42ms
 POST /api/auth/signout 200 in 37ms
 ○ Compiling /login ...
 ✓ Compiled /login in 630ms (1030 modules)
 GET /login 200 in 772ms
 GET /api/auth/session 200 in 56ms
 GET /api/auth/session 200 in 23ms
 GET / 200 in 45ms
 GET / 200 in 40ms
 GET / 200 in 43ms
 GET /api/auth/providers 200 in 37ms
 GET /api/auth/csrf 200 in 26ms
 POST /api/auth/callback/credentials 200 in 449ms
 GET /api/auth/session 200 in 37ms
 GET /dashboard?_rsc=3y0gy 200 in 33ms
 GET /api/leave-requests 200 in 131ms
 ✓ Compiled /api/employees in 389ms (617 modules)
 GET /api/leave-requests 200 in 251ms
 GET /api/employees 200 in 652ms
 GET /api/employees 200 in 33ms
 ○ Compiling /admin/employees ...
 ✓ Compiled /admin/employees in 537ms (1002 modules)
 GET /admin/employees?_rsc=czupt 200 in 38ms
 GET /api/employees 200 in 112ms
 GET /api/employees 200 in 33ms
 ○ Compiling /admin/employees/[id] ...
 ✓ Compiled /admin/employees/[id] in 825ms (1145 modules)
 GET /admin/employees/cmeesmnir000vxt08258cjwts?_rsc=1hv38 200 in 135ms
 GET / 200 in 76ms
 GET /api/employees 200 in 116ms
 GET /api/employees 200 in 30ms
 GET / 200 in 38ms
 GET / 200 in 32ms
 GET / 200 in 31ms
 GET / 200 in 36ms
 GET / 200 in 36ms
 GET /admin/employees/cmeesmnio000sxt08mvnvjzgg?_rsc=19ai3 200 in 45ms
 GET /admin/employees?_rsc=cvg4n 200 in 30ms
 GET /api/employees 200 in 39ms
 GET /api/employees 200 in 26ms
 GET / 200 in 36ms
 GET / 200 in 32ms
 GET / 200 in 37ms
 GET /dashboard?_rsc=1gtj6 200 in 36ms
 GET /api/employees 200 in 41ms
 GET /api/leave-requests 200 in 123ms
 GET /api/employees 200 in 30ms
 GET /api/leave-requests 200 in 30ms
 GET /admin/employees?_rsc=cvg4n 200 in 33ms
 GET /api/employees 200 in 29ms
 GET /api/employees 200 in 36ms
 GET / 200 in 41ms
 GET /api/employees 200 in 32ms
 GET /api/leave-requests 200 in 40ms
 GET /api/employees 200 in 32ms
 GET /api/leave-requests 200 in 39ms
 GET / 200 in 32ms
 GET / 200 in 36ms
 GET / 200 in 39ms
 GET / 200 in 38ms
 GET / 200 in 42ms
 GET / 200 in 38ms
 GET / 200 in 32ms
 GET / 200 in 31ms
 GET / 200 in 32ms
 GET / 200 in 40ms
 GET / 200 in 36ms
 GET / 200 in 38ms
 GET / 200 in 35ms
 ✓ Compiled /requests in 231ms (575 modules)
 GET /requests?_rsc=133ax 200 in 48ms
 ✓ Compiled /api/leave-requests in 197ms (603 modules)
 GET /api/leave-requests 200 in 381ms
 GET /api/leave-requests 200 in 27ms
 GET / 200 in 71ms
 ○ Compiling /requests/new ...
 ✓ Compiled /requests/new in 704ms (1127 modules)
 GET /requests/new?_rsc=1ka4g 200 in 35ms
 ✓ Compiled /api/employees/me in 137ms (686 modules)
 GET /api/employees/me 200 in 270ms
 GET /api/employees/me 200 in 30ms
 GET / 200 in 70ms
 GET / 200 in 35ms
 POST /api/leave-requests 400 in 114ms
 GET / 200 in 36ms
 GET / 200 in 37ms
 GET / 200 in 34ms
 ✓ Compiled /api/auth/[...nextauth] in 280ms (511 modules)
 GET /api/auth/session 200 in 395ms
 GET / 200 in 64ms
 GET / 200 in 37ms
[?25h
