  ▲ Next.js 14.2.28
  - Local:        http://localhost:3000
  - Environments: .env
  - Experiments (use with caution):
    · outputFileTracingRoot

 ✓ Starting...
 ✓ Ready in 1495ms
 ○ Compiling / ...
 ✓ Compiled / in 1686ms (784 modules)
 GET / 200 in 2143ms
 ✓ Compiled in 419ms (280 modules)
 GET / 200 in 44ms
 ○ Compiling /api/auth/[...nextauth] ...
 ✓ Compiled /api/auth/[...nextauth] in 690ms (926 modules)
 GET /api/auth/session 200 in 1113ms
 GET /dashboard?_rsc=3y0gy 200 in 26ms
 GET /api/auth/session 200 in 36ms
 ✓ Compiled /api/leave-requests in 148ms (613 modules)
 ✓ Compiled (660 modules)
 GET /api/employees 200 in 531ms
 GET /api/leave-requests 200 in 518ms
 GET /api/employees 200 in 30ms
 GET /api/leave-requests 200 in 32ms
 ✓ Compiled in 332ms (351 modules)
 GET / 200 in 105ms
 ✓ Compiled in 281ms (351 modules)
 ✓ Compiled in 323ms (351 modules)
 GET / 200 in 47ms
 ✓ Compiled in 325ms (351 modules)
 ✓ Compiled in 236ms (351 modules)
[?25h
