  ▲ Next.js 14.2.28
  - Local:        http://localhost:3000
  - Environments: .env
  - Experiments (use with caution):
    · outputFileTracingRoot

 ✓ Starting...
 ✓ Ready in 1622ms
 ○ Compiling /api/auth/[...nextauth] ...
 ✓ Compiled /api/auth/[...nextauth] in 829ms (269 modules)
 GET /api/auth/session 200 in 1292ms
 ✓ Compiled /api/employees/me in 193ms (296 modules)
 ✓ Compiled (298 modules)
 GET /api/employees/me 200 in 494ms
 GET /api/leave-requests 200 in 496ms
 GET /api/leave-requests 200 in 37ms
 GET /api/employees/me 200 in 32ms
 GET /api/leave-requests 200 in 34ms
 GET /api/employees/me 200 in 38ms
 ○ Compiling / ...
 ✓ Compiled / in 1764ms (818 modules)
 GET / 200 in 2079ms
 ✓ Compiled in 345ms (280 modules)
 GET / 200 in 54ms
 GET / 200 in 37ms
 GET / 200 in 34ms
 GET / 200 in 34ms
 ○ Compiling /dashboard ...
 ✓ Compiled /dashboard in 837ms (954 modules)
 GET /api/auth/session 200 in 993ms
 GET /api/auth/session 200 in 37ms
 GET /dashboard?_rsc=3y0gy 200 in 49ms
 GET /api/leave-requests 200 in 161ms
 GET /api/employees/me 200 in 161ms
 GET /api/leave-requests 200 in 149ms
 GET /api/employees/me 200 in 152ms
 GET / 200 in 68ms
 GET / 200 in 31ms
 ○ Compiling /requests/new ...
 ✓ Compiled /requests/new in 919ms (1113 modules)
 GET /requests/new?_rsc=1eiff 200 in 46ms
 GET /api/employees/me 200 in 115ms
 GET /api/employees/me 200 in 30ms
 GET / 200 in 64ms
 GET / 200 in 29ms
 GET / 200 in 31ms
 GET / 200 in 32ms
 GET / 200 in 32ms
 GET / 200 in 36ms
 GET / 200 in 33ms
 GET / 200 in 30ms
 GET / 200 in 39ms
 GET / 200 in 38ms
 GET / 200 in 34ms
 GET / 200 in 32ms
 GET / 200 in 28ms
 GET /api/employees/me 200 in 59ms
 GET /api/leave-requests 200 in 116ms
 GET /api/employees/me 200 in 22ms
 GET /api/leave-requests 200 in 23ms
 GET / 200 in 29ms
 ✓ Compiled /_not-found in 401ms (1031 modules)
 GET /profile 404 in 44ms
 ✓ Compiled /api/auth/[...nextauth] in 212ms (616 modules)
 GET /api/auth/session 200 in 299ms
 GET /api/auth/session 200 in 33ms
 GET / 200 in 46ms
 GET / 200 in 38ms
 GET /api/auth/session 200 in 53ms
 GET /dashboard?_rsc=3y0gy 200 in 33ms
 GET /api/auth/session 200 in 46ms
 GET /api/employees/me 200 in 134ms
 GET /api/leave-requests 200 in 148ms
 GET /api/employees/me 200 in 32ms
 GET /api/leave-requests 200 in 31ms
 GET /profile 404 in 17ms
 GET /api/auth/session 200 in 33ms
 GET /api/auth/session 200 in 34ms
 GET /dashboard 200 in 28ms
 GET /api/auth/session 200 in 38ms
 GET /api/auth/session 200 in 38ms
 GET /api/employees/me 200 in 43ms
 GET /api/leave-requests 200 in 49ms
 GET /api/employees/me 200 in 26ms
 GET /api/leave-requests 200 in 31ms
 GET / 200 in 36ms
 GET /profile 404 in 18ms
 GET /api/auth/session 200 in 37ms
 GET /api/auth/session 200 in 33ms
 GET /dashboard 200 in 31ms
 GET /api/auth/session 200 in 39ms
 GET /api/auth/session 200 in 37ms
 GET /api/employees/me 200 in 46ms
 GET /api/leave-requests 200 in 52ms
 GET /api/employees/me 200 in 25ms
 GET /api/leave-requests 200 in 28ms
 GET /api/auth/csrf 200 in 41ms
 POST /api/auth/signout 200 in 38ms
 ○ Compiling /login ...
 ✓ Compiled /login in 729ms (1084 modules)
 GET /login 200 in 876ms
 GET /api/auth/session 200 in 55ms
 GET /api/auth/session 200 in 32ms
 GET / 200 in 43ms
 GET /api/auth/providers 200 in 34ms
 GET /api/auth/csrf 200 in 32ms
 POST /api/auth/callback/credentials 200 in 398ms
 GET /api/auth/session 200 in 34ms
 GET /dashboard?_rsc=3y0gy 200 in 28ms
 ✓ Compiled /api/employees in 276ms (656 modules)
 GET /api/leave-requests 200 in 575ms
 GET /api/employees 200 in 594ms
 GET /api/leave-requests 200 in 31ms
 GET /api/employees 200 in 27ms
 ✓ Compiled /admin/employees in 402ms (1099 modules)
 GET /admin/employees?_rsc=czupt 200 in 33ms
 GET /api/employees 200 in 107ms
 GET /api/employees 200 in 25ms
 GET / 200 in 44ms
 ✓ Compiled /requests in 347ms (1110 modules)
 GET /requests?_rsc=133ax 200 in 28ms
 GET /api/leave-requests 200 in 111ms
 GET /api/leave-requests 200 in 31ms
 ○ Compiling /admin/areas ...
 ✓ Compiled /admin/areas in 543ms (1151 modules)
 ✓ Compiled /api/areas in 202ms (703 modules)
 GET /api/areas 200 in 342ms
 GET /api/areas 200 in 27ms
 GET /dashboard?_rsc=1gtj6 200 in 37ms
 GET /api/leave-requests 200 in 139ms
 GET /api/employees 200 in 151ms
 GET /api/leave-requests 200 in 30ms
 GET /api/employees 200 in 29ms
 GET / 200 in 70ms
 GET /admin/employees?_rsc=cvg4n 200 in 35ms
 GET /api/employees 200 in 32ms
 GET /api/employees 200 in 30ms
 GET / 200 in 35ms
 GET / 200 in 43ms
 GET / 200 in 37ms
 GET / 200 in 37ms
 GET / 200 in 40ms
[?25h
