  ▲ Next.js 14.2.28
  - Local:        http://localhost:3000
  - Environments: .env
  - Experiments (use with caution):
    · outputFileTracingRoot

 ✓ Starting...
 ✓ Ready in 1782ms
 ○ Compiling / ...
 ✓ Compiled / in 2.8s (791 modules)
 GET / 200 in 3010ms
 GET / 200 in 3021ms
 ✓ Compiled in 426ms (280 modules)
 GET / 200 in 51ms
 ✓ Compiled /dashboard in 182ms (510 modules)
 ✓ Compiled in 709ms (339 modules)
 GET /api/auth/session 200 in 1407ms
 GET /dashboard?_rsc=3y0gy 200 in 24ms
 GET /api/auth/session 200 in 33ms
 ✓ Compiled /api/leave-requests in 185ms (613 modules)
 ✓ Compiled (615 modules)
 GET /api/employees 200 in 575ms
 GET /api/leave-requests 200 in 575ms
 GET /api/leave-requests 200 in 31ms
 GET /api/employees 200 in 32ms
 GET /api/auth/providers 200 in 42ms
 GET / 200 in 101ms
 GET / 200 in 29ms
 GET / 200 in 30ms
 ○ Compiling /login ...
 ✓ Compiled /login in 739ms (1016 modules)
 GET /api/auth/session 200 in 909ms
 GET / 200 in 609ms
 GET /login?_rsc=1ebxd 200 in 35ms
 GET /api/auth/session 200 in 33ms
 GET /api/auth/session 200 in 47ms
 GET /api/auth/session 200 in 38ms
 GET /dashboard?_rsc=3y0gy 200 in 48ms
 GET /api/leave-requests 200 in 152ms
 GET /api/employees 200 in 158ms
 GET /api/leave-requests 200 in 32ms
 GET /api/employees 200 in 31ms
 GET /api/auth/csrf 200 in 30ms
 ✓ Compiled /api/signup in 187ms (655 modules)
 POST /api/signup 201 in 596ms
 GET / 200 in 47ms
 GET /api/auth/csrf 200 in 44ms
 POST /api/auth/callback/credentials 302 in 388ms
 GET /dashboard 200 in 37ms
 GET / 200 in 40ms
 GET /dashboard 200 in 39ms
 GET /api/auth/session 200 in 38ms
 GET /api/auth/session 200 in 20ms
 GET /dashboard?_rsc=3y0gy 200 in 24ms
 GET /api/auth/session 200 in 22ms
 GET /api/employees 200 in 122ms
 GET /api/leave-requests 200 in 124ms
 GET /api/auth/session 200 in 22ms
 GET /api/employees 200 in 35ms
 GET /api/leave-requests 200 in 34ms
 GET /api/auth/session 200 in 19ms
 GET /api/employees 200 in 24ms
 GET /api/leave-requests 200 in 27ms
 GET /api/leave-requests 200 in 24ms
 GET /api/employees 200 in 27ms
 ○ Compiling /admin/requests ...
 ✓ Compiled /admin/requests in 1397ms (1182 modules)
 GET /requests 200 in 1628ms
 GET /admin/areas 200 in 1626ms
 GET /admin/requests 200 in 1600ms
 GET /admin/employees 200 in 1635ms
 GET /admin/employees/new 200 in 1609ms
 GET /admin/requests/cmeevtizy000zm2veoi5vn3pq 200 in 1897ms
 GET /admin/requests/cmeevtj030015m2ve1h1137pv 200 in 1896ms
 GET /api/auth/session 200 in 89ms
 GET /api/leave-requests 200 in 151ms
 GET /api/employees 200 in 150ms
 ✓ Compiled /api/areas in 282ms (747 modules)
 GET /api/auth/session 200 in 606ms
 GET /api/auth/session 200 in 26ms
 GET /api/areas 200 in 719ms
 GET /api/employees 200 in 531ms
 GET /api/auth/session 200 in 27ms
 GET /api/leave-requests 200 in 684ms
 GET /api/leave-requests?requestId=cmeevtizy000zm2veoi5vn3pq 200 in 449ms
 GET /api/leave-requests?requestId=cmeevtj030015m2ve1h1137pv 200 in 376ms
 GET /api/areas 200 in 38ms
 GET /api/leave-requests?requestId=cmeevtizy000zm2veoi5vn3pq 200 in 48ms
 GET /api/leave-requests 200 in 49ms
 GET /api/auth/session 200 in 55ms
 GET /api/leave-requests?requestId=cmeevtj030015m2ve1h1137pv 200 in 57ms
 GET /api/leave-requests 200 in 40ms
 GET /api/auth/session 200 in 42ms
 GET /api/auth/session 200 in 40ms
 GET /api/auth/session 200 in 29ms
 GET /api/auth/session 200 in 26ms
 GET /api/auth/session 200 in 28ms
 GET /api/auth/session 200 in 25ms
 GET /api/auth/session 200 in 38ms
 GET /api/auth/session 200 in 22ms
 GET /api/auth/session 200 in 22ms
 GET /api/auth/session 200 in 22ms
 GET /api/auth/session 200 in 21ms
 GET /api/auth/session 200 in 22ms
 GET /api/auth/session 200 in 36ms
 GET /api/auth/session 200 in 24ms
 GET /api/auth/session 200 in 21ms
 GET /api/auth/session 200 in 23ms
 ○ Compiling /requests/new ...
 ✓ Compiled /requests/new in 635ms (1227 modules)
 GET /requests/new 200 in 714ms
 ✓ Compiled /api/employees/me in 239ms (772 modules)
 GET /api/auth/session 200 in 541ms
 GET /api/employees/me 200 in 617ms
 GET /api/auth/session 200 in 21ms
 GET /api/employees/me 200 in 23ms
 GET / 200 in 47ms
 ✓ Compiled in 596ms (1241 modules)
 ✓ Compiled in 604ms (1241 modules)
 GET / 200 in 69ms
[?25h
