  ▲ Next.js 14.2.28
  - Local:        http://localhost:3000
  - Environments: .env
  - Experiments (use with caution):
    · outputFileTracingRoot

 ✓ Starting...
 ✓ Ready in 1847ms
 ○ Compiling / ...
 ✓ Compiled / in 3.4s (791 modules)
 GET / 200 in 3901ms
 ✓ Compiled in 523ms (280 modules)
 GET / 200 in 43ms
 GET / 200 in 40ms
 GET / 200 in 44ms
 ○ Compiling /login ...
 ✓ Compiled /api/auth/[...nextauth] in 935ms (895 modules)
 GET /api/auth/session 200 in 767ms
 GET /login?_rsc=1ebxd 200 in 30ms
 GET /api/auth/session 200 in 32ms
 GET /api/auth/providers 200 in 43ms
 GET /api/auth/csrf 200 in 26ms
 POST /api/auth/callback/credentials 200 in 509ms
 GET /api/auth/session 200 in 42ms
 ○ Compiling /dashboard ...
 ✓ Compiled /dashboard in 726ms (992 modules)
 GET /dashboard?_rsc=3y0gy 200 in 32ms
 ✓ Compiled /api/leave-requests in 217ms (653 modules)
 ✓ Compiled (701 modules)
 GET /api/employees/me 200 in 1077ms
 GET /api/leave-requests 200 in 1079ms
 GET /api/employees/me 200 in 32ms
 GET /api/leave-requests 200 in 35ms
 GET / 200 in 84ms
 GET / 200 in 50ms
 GET / 200 in 48ms
 GET / 200 in 34ms
 GET /api/auth/session 200 in 48ms
 GET /dashboard?_rsc=3y0gy 200 in 26ms
 GET /api/auth/session 200 in 21ms
 GET /api/leave-requests 200 in 29ms
 GET /api/leave-requests 200 in 31ms
 GET /api/employees/me 200 in 32ms
 GET /api/employees/me 200 in 28ms
 GET / 200 in 46ms
 GET / 200 in 40ms
 GET / 200 in 41ms
 GET / 200 in 115ms
 GET / 200 in 33ms
 GET /api/auth/session 200 in 52ms
 GET /dashboard?_rsc=3y0gy 200 in 31ms
 GET /api/auth/session 200 in 27ms
 GET /api/auth/session 200 in 45ms
 GET /api/auth/session 200 in 37ms
 GET /api/employees/me 200 in 46ms
 GET /api/leave-requests 200 in 49ms
 GET /api/employees/me 200 in 38ms
 GET /api/leave-requests 200 in 40ms
 GET /api/employees/me 200 in 43ms
 GET /api/leave-requests 200 in 41ms
 GET /api/employees/me 200 in 37ms
 GET /api/leave-requests 200 in 41ms
 GET / 200 in 37ms
 ○ Compiling /_not-found ...
 ✓ Compiled /_not-found in 506ms (1032 modules)
 GET / 404 in 702ms
 GET / 200 in 68ms
 GET / 200 in 29ms
 GET /_next/static/css/app/layout.css?v=1755448022541 404 in 14ms
 GET / 200 in 29ms
 GET /_next/static/css/app/layout.css?v=1755448022871 404 in 17ms
 GET /_next/static/chunks/main-app.js?v=1755448022871 404 in 21ms
 GET /_next/static/chunks/app-pages-internals.js 404 in 15ms
 GET /_next/static/chunks/app/layout.js 404 in 19ms
 GET / 200 in 30ms
 GET / 200 in 35ms
 GET / 200 in 36ms
 GET / 200 in 31ms
 GET / 200 in 36ms
 GET / 200 in 33ms
 GET / 200 in 46ms
 GET / 200 in 38ms
 GET / 200 in 42ms
 ○ Compiling /_error ...
 ✓ Compiled /_error in 1915ms (1099 modules)
 GET / 404 in 2071ms
 GET / 200 in 91ms
 GET / 200 in 39ms
 GET / 200 in 33ms
 ✓ Compiled /dashboard in 119ms (552 modules)
 ✓ Compiled (632 modules)
 GET /api/auth/session 200 in 410ms
 GET /api/auth/session 200 in 23ms
 GET /dashboard?_rsc=3y0gy 200 in 30ms
 ✓ Compiled /api/leave-requests in 147ms (658 modules)
 ✓ Compiled (705 modules)
 GET /api/leave-requests 404 in 715ms
 GET /api/employees/me 404 in 724ms
 GET /api/leave-requests 404 in 28ms
 GET /api/employees/me 404 in 32ms
 GET / 200 in 70ms
 GET / 200 in 42ms
 GET / 200 in 44ms
 GET / 200 in 38ms
 GET / 200 in 34ms
 GET / 200 in 41ms
 GET / 200 in 33ms
 GET / 200 in 34ms
 GET / 200 in 42ms
