  ▲ Next.js 14.2.28
  - Local:        http://localhost:3000
  - Environments: .env
  - Experiments (use with caution):
    · outputFileTracingRoot

 ✓ Starting...
 ✓ Ready in 1587ms
 ○ Compiling / ...
 ✓ Compiled / in 1725ms (784 modules)
 GET / 200 in 2253ms
 ✓ Compiled in 489ms (280 modules)
 GET / 200 in 48ms
 ○ Compiling /api/auth/[...nextauth] ...
 ✓ Compiled /api/auth/[...nextauth] in 690ms (926 modules)
 GET /api/auth/session 200 in 1130ms
 GET /dashboard?_rsc=3y0gy 200 in 31ms
 GET /api/auth/session 200 in 36ms
 ✓ Compiled /api/leave-requests in 151ms (613 modules)
 ✓ Compiled (660 modules)
 GET /api/employees 200 in 541ms
 GET /api/leave-requests 200 in 542ms
 GET /api/leave-requests 200 in 30ms
 GET /api/employees 200 in 32ms
 GET / 200 in 76ms
 GET / 200 in 34ms
 GET /api/auth/session 200 in 42ms
 GET /api/auth/session 200 in 32ms
 GET /dashboard?_rsc=3y0gy 200 in 38ms
 GET /api/leave-requests 200 in 35ms
 GET /api/employees 200 in 40ms
 GET /api/leave-requests 200 in 34ms
 GET /api/employees 200 in 32ms
 ✓ Compiled in 262ms (351 modules)
[?25h
