  ▲ Next.js 14.2.28
  - Local:        http://localhost:3000
  - Environments: .env
  - Experiments (use with caution):
    · outputFileTracingRoot

 ✓ Starting...
 ✓ Ready in 1960ms
 ○ Compiling / ...
 ✓ Compiled / in 2.7s (791 modules)
 GET / 200 in 2993ms
 ✓ Compiled in 424ms (280 modules)
 ✓ Compiled /api/auth/[...nextauth] in 200ms (510 modules)
 GET /api/auth/providers 200 in 598ms
 GET / 200 in 59ms
 ○ Compiling /login ...
 ✓ Compiled /login in 722ms (895 modules)
 GET /api/auth/session 200 in 846ms
 GET /login?_rsc=1ebxd 200 in 34ms
 GET /api/auth/session 200 in 21ms
 GET /api/auth/csrf 200 in 34ms
 ✓ Compiled /api/signup in 181ms (602 modules)
 POST /api/signup 201 in 627ms
 GET / 200 in 63ms
 GET /api/auth/csrf 200 in 36ms
 POST /api/auth/callback/credentials 302 in 378ms
 ○ Compiling /dashboard ...
 ✓ Compiled /dashboard in 581ms (1014 modules)
 GET /dashboard 200 in 698ms
 GET / 200 in 45ms
 GET /dashboard 200 in 44ms
 GET /api/auth/session 200 in 43ms
 ✓ Compiled /api/employees in 170ms (653 modules)
 ✓ Compiled (655 modules)
 GET /dashboard?_rsc=3y0gy 200 in 26ms
 GET /api/employees 200 in 510ms
 GET /api/leave-requests 200 in 513ms
 GET /api/employees 200 in 27ms
 GET /api/leave-requests 200 in 34ms
 GET /api/employees 200 in 29ms
 GET /api/leave-requests 200 in 33ms
 GET /api/auth/session 200 in 650ms
 GET /api/leave-requests 200 in 28ms
 GET /api/employees 200 in 30ms
 GET /api/auth/session 200 in 29ms
 GET /api/auth/session 200 in 20ms
 GET /api/auth/session 200 in 19ms
 GET /api/auth/session 200 in 20ms
 ○ Compiling /admin/requests ...
 ✓ Compiled /admin/requests in 887ms (1070 modules)
 GET /requests 200 in 1094ms
 GET /admin/areas 200 in 1095ms
 GET /admin/employees 200 in 1093ms
 GET /admin/requests 200 in 1082ms
 GET /admin/employees/new 200 in 1082ms
 GET /admin/requests/cmeevtizy000zm2veoi5vn3pq 200 in 1472ms
 GET /admin/requests/cmeevtj030015m2ve1h1137pv 200 in 1473ms
 GET /api/auth/session 200 in 69ms
 GET /api/auth/session 200 in 57ms
 GET /api/leave-requests 200 in 201ms
 GET /api/employees 200 in 143ms
 GET /api/auth/session 200 in 61ms
 GET /api/leave-requests 200 in 50ms
 GET /api/employees 200 in 50ms
 GET /api/auth/session 200 in 33ms
 GET /api/leave-requests 200 in 26ms
 GET /api/auth/session 200 in 24ms
 GET /api/leave-requests 200 in 40ms
 GET /api/auth/session 200 in 40ms
 GET /api/leave-requests?requestId=cmeevtizy000zm2veoi5vn3pq 200 in 47ms
 GET /api/leave-requests?requestId=cmeevtj030015m2ve1h1137pv 200 in 27ms
 GET /api/auth/session 200 in 23ms
 GET /api/leave-requests?requestId=cmeevtizy000zm2veoi5vn3pq 200 in 27ms
 GET /api/leave-requests?requestId=cmeevtj030015m2ve1h1137pv 200 in 23ms
 GET /api/auth/session 200 in 19ms
 GET /api/auth/session 200 in 20ms
 GET /api/auth/session 200 in 19ms
 GET /api/auth/session 200 in 46ms
 GET /api/auth/session 200 in 23ms
 GET /api/auth/session 200 in 19ms
 GET /api/auth/session 200 in 22ms
 GET /api/auth/session 200 in 23ms
 GET /api/auth/session 200 in 36ms
 GET /api/auth/session 200 in 20ms
 GET /api/auth/session 200 in 21ms
 GET /api/auth/session 200 in 20ms
 GET /api/auth/session 200 in 21ms
 GET /api/auth/session 200 in 19ms
 GET /api/auth/session 200 in 32ms
 GET /api/auth/session 200 in 19ms
 GET /api/auth/session 200 in 21ms
 ○ Compiling /requests/new ...
 ✓ Compiled /requests/new in 817ms (1201 modules)
 GET /requests/new 200 in 908ms
 GET /api/auth/session 200 in 55ms
 ✓ Compiled /api/employees/me in 260ms (758 modules)
 GET /api/auth/session 200 in 478ms
 GET /api/employees/me 200 in 619ms
 GET /api/employees/me 200 in 28ms
[?25h
