➤ YN0000: · Yarn 4.9.2
➤ YN0000: ┌ Resolution step
➤ YN0085: │ + @types/mime-types@npm:3.0.1, @types/nodemailer@npm:7.0.0, form-data@npm:4.0.4, googleapis@npm:156.0.0, mime-types@npm:3.0.1, node-fetch@npm:2.7.0, and 105 more.
➤ YN0000: └ Completed in 0s 950ms
➤ YN0000: ┌ Post-resolution validation
➤ YN0060: │ @typescript-eslint/parser is listed by your project with version 7.0.0 (p6cb6c), which doesn't satisfy what @typescript-eslint/eslint-plugin requests (^6.0.0-alpha).
➤ YN0060: │ eslint is listed by your project with version 9.24.0 (pe6e00), which doesn't satisfy what @typescript-eslint/eslint-plugin and other dependencies request (^8.57.0).
➤ YN0060: │ nodemailer is listed by your project with version 7.0.5 (p4594f), which doesn't satisfy what next-auth requests (^6.6.5).
➤ YN0002: │ app@workspace:. doesn't provide prettier (pd88b5), requested by eslint-plugin-prettier.
➤ YN0086: │ Some peer dependencies are incorrectly met by your project; run yarn explain peer-requirements <hash> for details, where <hash> is the six-letter p-prefixed code.
➤ YN0086: │ Some peer dependencies are incorrectly met by dependencies; run yarn explain peer-requirements for details.
➤ YN0000: └ Completed
➤ YN0000: ┌ Fetch step
➤ YN0013: │ 111 packages were added to the project (+ 198.18 MiB).
➤ YN0000: └ Completed in 3s 110ms
➤ YN0000: ┌ Link step
➤ YN0000: └ Completed in 1s 411ms
➤ YN0000: · Done with warnings in 5s 642ms
Environment variables loaded from .env
Prisma schema loaded from prisma/schema.prisma

✔ Generated Prisma Client (v6.7.0) to ./node_modules/.prisma/client in 92ms

Start by importing your Prisma Client (See: https://pris.ly/d/importing-client)

Tip: Need your database queries to be 1000x faster? Accelerate offers you that and more: https://pris.ly/tip-2-accelerate

Starting server...
  ▲ Next.js 14.2.28
  - Local:        http://localhost:3000
  - Environments: .env
  - Experiments (use with caution):
    · outputFileTracingRoot

 ✓ Starting...
 ✓ Ready in 1882ms
 ○ Compiling /admin/employees/new ...
 ✓ Compiled /admin/employees in 6.1s (1104 modules)
 GET /admin/employees?_rsc=czupt 200 in 5838ms
 GET /admin/employees 200 in 64ms
 ✓ Compiled /api/auth/[...nextauth] in 213ms (697 modules)
 ✓ Compiled (701 modules)
 GET /api/employees 200 in 575ms
 GET /api/auth/session 200 in 789ms
 GET /api/employees 200 in 26ms
 GET /api/auth/session 200 in 35ms
 ✓ Compiled /admin/employees/[id]/edit in 473ms (1135 modules)
 GET /admin/employees/93968a9e-f3b1-4645-bf96-527588fa7086/edit?_rsc=1tedk 200 in 40ms
 ✓ Compiled /api/areas in 146ms (709 modules)
 GET /api/areas 200 in 271ms
 GET /api/areas 200 in 36ms
 ✓ Compiled /api/employees/[id] in 163ms (711 modules)
 GET /api/employees/93968a9e-f3b1-4645-bf96-527588fa7086 200 in 573ms
 GET /api/employees/93968a9e-f3b1-4645-bf96-527588fa7086 200 in 43ms
 ✓ Compiled / in 260ms (1143 modules)
 GET / 200 in 336ms
 PUT /api/employees/93968a9e-f3b1-4645-bf96-527588fa7086 200 in 129ms
 GET /api/employees 200 in 103ms
 GET /api/employees 200 in 26ms
 GET /api/areas 200 in 102ms
 GET /api/areas 200 in 31ms
 GET /api/employees/93968a9e-f3b1-4645-bf96-527588fa7086 200 in 44ms
 GET /api/employees/93968a9e-f3b1-4645-bf96-527588fa7086 200 in 32ms
Profile image saved: /uploads/employee-93968a9e-f3b1-4645-bf96-527588fa7086-1755478491550.png
 PUT /api/employees/93968a9e-f3b1-4645-bf96-527588fa7086 500 in 1138ms
 GET /api/employees 200 in 28ms
 GET /api/employees 200 in 25ms
 GET / 200 in 37ms
 GET / 200 in 65ms
 GET / 200 in 32ms
 GET / 200 in 34ms
 ○ Compiling /api/auth/[...nextauth] ...
 ✓ Compiled /api/auth/[...nextauth] in 830ms (1029 modules)
 GET /api/auth/session 200 in 990ms
 GET /dashboard?_rsc=3y0gy 200 in 29ms
 GET /api/auth/session 200 in 38ms
 ✓ Compiled /api/employees in 140ms (619 modules)
 ✓ Compiled (623 modules)
 GET /api/leave-requests 200 in 426ms
 GET /api/employees 200 in 426ms
 GET /api/leave-requests 200 in 25ms
 GET /api/employees 200 in 27ms
 GET / 200 in 63ms
 GET / 200 in 31ms
 GET / 200 in 30ms
 GET / 200 in 27ms
 GET /dashboard?_rsc=3y0gy 200 in 25ms
 GET /api/auth/session 200 in 35ms
 GET /api/auth/session 200 in 109ms
 GET /api/employees 200 in 30ms
 GET /api/leave-requests 200 in 28ms
 GET /api/leave-requests 200 in 25ms
 GET /api/employees 200 in 21ms
 GET / 200 in 35ms
 GET / 200 in 34ms
 GET / 200 in 31ms
 GET /api/auth/session 200 in 46ms
 GET /dashboard?_rsc=3y0gy 200 in 39ms
 GET /api/auth/session 200 in 36ms
 GET /api/leave-requests 200 in 69ms
 GET /api/employees 200 in 78ms
 GET /api/leave-requests 200 in 27ms
 GET /api/employees 200 in 30ms
 GET /api/auth/session 200 in 28ms
 GET / 200 in 30ms
 ✓ Compiled /admin/employees in 449ms (690 modules)
 GET /admin/employees?_rsc=czupt 200 in 45ms
 GET /api/employees 200 in 107ms
 GET /api/employees 200 in 27ms
 ✓ Compiled /admin/employees/[id]/edit in 198ms (722 modules)
 GET /admin/employees/93968a9e-f3b1-4645-bf96-527588fa7086/edit?_rsc=1tedk 200 in 36ms
 ✓ Compiled /api/areas in 148ms (724 modules)
 GET /api/areas 200 in 269ms
 ✓ Compiled /api/employees/[id] in 167ms (726 modules)
 GET /api/areas 200 in 432ms
 GET /api/employees/93968a9e-f3b1-4645-bf96-527588fa7086 200 in 461ms
 GET /api/employees/93968a9e-f3b1-4645-bf96-527588fa7086 200 in 36ms
 GET / 200 in 70ms
 GET / 200 in 33ms
 GET / 200 in 35ms
 GET / 200 in 38ms
 GET / 200 in 32ms
 GET / 200 in 32ms
 GET /api/auth/session 200 in 45ms
 GET / 200 in 34ms
 PUT /api/employees/93968a9e-f3b1-4645-bf96-527588fa7086 200 in 57ms
 GET /admin/employees?_rsc=cvg4n 200 in 28ms
 GET /api/employees 200 in 101ms
 GET /api/employees 200 in 24ms
 GET /admin/employees/93968a9e-f3b1-4645-bf96-527588fa7086/edit?_rsc=1231k 200 in 43ms
 GET /api/areas 200 in 37ms
 GET /api/employees/93968a9e-f3b1-4645-bf96-527588fa7086 200 in 47ms
 GET /api/areas 200 in 48ms
 GET /api/employees/93968a9e-f3b1-4645-bf96-527588fa7086 200 in 36ms
 GET / 200 in 36ms
Profile image saved: /uploads/employee-93968a9e-f3b1-4645-bf96-527588fa7086-1755479142869.jpg
 PUT /api/employees/93968a9e-f3b1-4645-bf96-527588fa7086 500 in 987ms
 GET /admin/employees?_rsc=cvg4n 200 in 38ms
 GET /api/employees 200 in 33ms
 GET /api/employees 200 in 27ms
 GET /api/areas 200 in 28ms
 GET /api/areas 200 in 29ms
 GET /api/employees/93968a9e-f3b1-4645-bf96-527588fa7086 200 in 44ms
 GET /api/employees/93968a9e-f3b1-4645-bf96-527588fa7086 200 in 34ms
 GET / 200 in 33ms
 GET /api/auth/session 200 in 35ms
 GET / 200 in 40ms
 GET /api/auth/session 200 in 34ms
 GET / 200 in 32ms
 GET /api/auth/session 200 in 33ms
 GET /api/auth/session 200 in 29ms
 GET / 200 in 33ms
 GET /api/auth/session 200 in 39ms
 GET /api/auth/session 200 in 50ms
 GET / 200 in 34ms
 GET /api/auth/session 200 in 29ms
 GET / 200 in 31ms
 GET /api/auth/session 200 in 36ms
 GET / 200 in 31ms
 GET / 200 in 32ms
 GET / 200 in 30ms
 GET /api/employees 200 in 49ms
 GET /api/leave-requests 200 in 107ms
 GET /api/employees 200 in 28ms
 GET /api/leave-requests 200 in 23ms
 GET /api/employees 200 in 33ms
 GET /api/employees 200 in 28ms
 GET /api/areas 200 in 40ms
 GET /api/areas 200 in 42ms
 GET /api/employees/93968a9e-f3b1-4645-bf96-527588fa7086 200 in 52ms
 GET /api/employees/93968a9e-f3b1-4645-bf96-527588fa7086 200 in 36ms
 GET / 200 in 36ms
 GET / 200 in 31ms
 GET /api/auth/session 200 in 31ms
Profile image saved: /uploads/employee-93968a9e-f3b1-4645-bf96-527588fa7086-1755479489035.jpg
 PUT /api/employees/93968a9e-f3b1-4645-bf96-527588fa7086 500 in 354ms
 GET / 200 in 36ms
 GET / 200 in 37ms
 GET / 200 in 36ms
 GET / 200 in 40ms
 GET /api/auth/session 200 in 40ms
 GET /dashboard?_rsc=3y0gy 200 in 33ms
 GET /api/auth/session 200 in 40ms
 GET /api/leave-requests 200 in 50ms
 GET /api/employees 200 in 51ms
 GET /api/leave-requests 200 in 36ms
 GET /api/employees 200 in 38ms
 GET / 200 in 42ms
 GET / 200 in 37ms
 GET / 200 in 37ms
[?25h
