  ▲ Next.js 14.2.28
  - Local:        http://localhost:3000
  - Environments: .env
  - Experiments (use with caution):
    · outputFileTracingRoot

 ✓ Starting...
 ✓ Ready in 1922ms
 ○ Compiling / ...
 ✓ Compiled / in 3.2s (791 modules)
 GET / 200 in 3705ms
 ✓ Compiled in 465ms (280 modules)
 GET / 200 in 52ms
 ○ Compiling /api/auth/[...nextauth] ...
 ✓ Compiled /api/auth/[...nextauth] in 982ms (895 modules)
 GET /api/auth/session 200 in 1434ms
 GET /login?_rsc=1ebxd 200 in 39ms
 GET /api/auth/session 200 in 34ms
 GET / 200 in 66ms
 GET / 200 in 37ms
 GET /api/auth/session 200 in 45ms
 GET /login?_rsc=1ebxd 200 in 28ms
 GET /api/auth/session 200 in 26ms
 GET / 200 in 36ms
 GET / 200 in 45ms
 GET / 200 in 34ms
 GET / 200 in 32ms
 GET / 200 in 36ms
[?25h
