  ▲ Next.js 14.2.28
  - Local:        http://localhost:3000
  - Environments: .env
  - Experiments (use with caution):
    · outputFileTracingRoot

 ✓ Starting...
 ✓ Ready in 1533ms
 ○ Compiling / ...
 ✓ Compiled / in 2.5s (784 modules)
 GET / 200 in 2915ms
 ✓ Compiled in 435ms (280 modules)
 GET / 200 in 52ms
 ○ Compiling /api/auth/[...nextauth] ...
 ✓ Compiled /api/auth/[...nextauth] in 858ms (926 modules)
 GET /api/auth/session 200 in 1118ms
 GET /dashboard?_rsc=3y0gy 200 in 52ms
 GET /api/auth/session 200 in 36ms
 ✓ Compiled /api/leave-requests in 191ms (613 modules)
 ✓ Compiled (615 modules)
 GET /api/employees/me 200 in 535ms
 GET /api/leave-requests 200 in 533ms
 GET /api/employees/me 200 in 34ms
 GET /api/leave-requests 200 in 36ms
 ✓ Compiled in 231ms (351 modules)
 ✓ Compiled in 318ms (351 modules)
 ✓ Compiled in 222ms (351 modules)
 GET / 200 in 72ms
 GET / 200 in 35ms
 GET /api/auth/session 200 in 53ms
 GET /dashboard?_rsc=3y0gy 200 in 26ms
 GET /api/auth/session 200 in 33ms
 GET /api/leave-requests 200 in 33ms
 GET /api/employees/me 200 in 37ms
 GET /api/leave-requests 200 in 30ms
 GET /api/employees/me 200 in 29ms
 GET / 200 in 35ms
 GET / 200 in 32ms
 GET /api/auth/session 200 in 46ms
 GET /dashboard?_rsc=3y0gy 200 in 28ms
 GET /api/auth/session 200 in 37ms
 GET /api/leave-requests 200 in 31ms
 GET /api/employees/me 200 in 28ms
 GET /api/leave-requests 200 in 28ms
 GET /api/employees/me 200 in 31ms
 ✓ Compiled in 484ms (966 modules)
 ✓ Compiled in 377ms (966 modules)
 ✓ Compiled in 437ms (966 modules)
 ✓ Compiled in 292ms (351 modules)
 GET / 200 in 247ms
[?25h
