  ▲ Next.js 14.2.28
  - Local:        http://localhost:3000
  - Environments: .env
  - Experiments (use with caution):
    · outputFileTracingRoot

 ✓ Starting...
 ✓ Ready in 1601ms
 ○ Compiling / ...
 ✓ Compiled / in 2s (785 modules)
 GET / 200 in 2492ms
 ✓ Compiled in 452ms (280 modules)
 GET / 200 in 64ms
 ○ Compiling /api/auth/[...nextauth] ...
 ✓ Compiled /api/auth/[...nextauth] in 949ms (872 modules)
 GET /api/auth/session 200 in 1390ms
 GET /login?_rsc=1ebxd 200 in 43ms
 GET /api/auth/session 200 in 35ms
 GET / 200 in 72ms
 GET / 200 in 36ms
 GET /api/auth/session 200 in 39ms
 GET /login?_rsc=1ebxd 200 in 27ms
 GET /api/auth/session 200 in 27ms
 GET / 200 in 43ms
 GET / 200 in 38ms
 GET / 200 in 35ms
 GET / 200 in 36ms
 GET /api/auth/session 200 in 48ms
 GET /login?_rsc=1ebxd 200 in 29ms
 GET /api/auth/session 200 in 32ms
 GET / 200 in 38ms
 GET / 200 in 40ms
 GET /api/auth/session 200 in 42ms
 GET /login?_rsc=1ebxd 200 in 23ms
 GET /api/auth/session 200 in 21ms
 GET / 200 in 40ms
 GET / 200 in 40ms
 GET / 200 in 42ms
 GET / 200 in 35ms
 GET / 200 in 40ms
 GET / 200 in 34ms
 GET / 200 in 43ms
 GET / 200 in 39ms
 GET / 200 in 42ms
 GET / 200 in 32ms
 GET /api/auth/session 200 in 48ms
 GET /login?_rsc=1ebxd 200 in 26ms
 GET /api/auth/session 200 in 28ms
 GET / 200 in 41ms
 GET / 200 in 45ms
 GET / 200 in 37ms
 GET /api/auth/session 200 in 40ms
 GET /api/auth/session 200 in 22ms
 GET /login?_rsc=1ebxd 200 in 23ms
 GET /api/auth/providers 200 in 36ms
 GET /api/auth/csrf 200 in 24ms
 POST /api/auth/callback/credentials 200 in 471ms
 GET /api/auth/session 200 in 38ms
 ○ Compiling /dashboard ...
 ✓ Compiled /dashboard in 757ms (965 modules)
 GET /dashboard?_rsc=3y0gy 200 in 52ms
 ✓ Compiled /api/leave-requests in 234ms (640 modules)
 ✓ Compiled (642 modules)
 GET /api/employees 200 in 609ms
 GET /api/leave-requests 200 in 606ms
 GET /api/employees 200 in 36ms
 GET /api/leave-requests 200 in 44ms
 GET / 200 in 79ms
 ○ Compiling /admin/requests/[id] ...
 ✓ Compiled /admin/requests/[id] in 503ms (1010 modules)
 GET /admin/requests/cmeesmnj00015xt0824b32fh7?_rsc=v73uj 200 in 40ms
 GET /api/leave-requests?requestId=cmeesmnj00015xt0824b32fh7 200 in 113ms
 GET /api/leave-requests?requestId=cmeesmnj00015xt0824b32fh7 200 in 28ms
 ✓ Compiled /admin/requests in 410ms (1019 modules)
 GET /admin/requests?_rsc=1itt7 200 in 34ms
 GET /api/leave-requests 200 in 109ms
 GET /api/leave-requests 200 in 30ms
 ✓ Compiled /admin/employees in 442ms (1032 modules)
 GET /admin/employees?_rsc=irjql 200 in 34ms
 GET /api/employees 200 in 112ms
 GET /api/employees 200 in 28ms
 GET / 200 in 48ms
 ✓ Compiled /requests in 365ms (1018 modules)
 GET /requests?_rsc=133ax 200 in 38ms
 GET /api/leave-requests 200 in 117ms
 GET /api/leave-requests 200 in 29ms
 GET /dashboard?_rsc=1gtj6 200 in 41ms
 GET /api/leave-requests 200 in 28ms
 GET /api/employees 200 in 117ms
 GET /api/leave-requests 200 in 27ms
 GET /api/employees 200 in 32ms
 ✓ Compiled /admin/areas in 382ms (1018 modules)
 GET /admin/areas?_rsc=1qsc3 200 in 43ms
 GET / 200 in 68ms
 GET /admin/employees?_rsc=cvg4n 200 in 33ms
 GET /api/employees 200 in 121ms
 GET /api/employees 200 in 33ms
 GET / 200 in 38ms
 GET /admin/employees?_rsc=cvg4n 200 in 37ms
 ✓ Compiled /admin/employees/new in 467ms (979 modules)
 GET /admin/employees/new?_rsc=661gr 200 in 60ms
 GET / 200 in 72ms
 GET /api/employees 200 in 117ms
 GET /api/employees 200 in 28ms
 GET / 200 in 40ms
 GET / 200 in 39ms
 ✓ Compiled /requests in 241ms (603 modules)
 GET /requests?_rsc=18jz7 200 in 303ms
 ✓ Compiled /api/leave-requests in 118ms (603 modules)
 GET /api/leave-requests 200 in 247ms
 GET /api/leave-requests 200 in 29ms
 ✓ Compiled /dashboard in 158ms (617 modules)
 GET /dashboard?_rsc=1gtj6 200 in 215ms
 ✓ Compiled /api/employees in 142ms (619 modules)
 GET /api/leave-requests 200 in 478ms
 GET /api/employees 200 in 483ms
 GET /api/leave-requests 200 in 30ms
 GET /api/employees 200 in 29ms
 GET / 200 in 61ms
 ✓ Compiled /api/auth/[...nextauth] in 316ms (623 modules)
 GET /api/auth/csrf 200 in 391ms
 POST /api/auth/signout 200 in 23ms
 ✓ Compiled /login in 433ms (649 modules)
 GET /login 200 in 561ms
 GET /api/auth/session 200 in 46ms
 GET /api/auth/session 200 in 35ms
 GET / 200 in 41ms
 GET / 200 in 41ms
 GET /api/auth/providers 200 in 41ms
 GET /api/auth/csrf 200 in 44ms
 POST /api/auth/callback/credentials 200 in 451ms
 GET /api/auth/session 200 in 39ms
 GET /dashboard?_rsc=3y0gy 200 in 29ms
 ✓ Compiled /api/leave-requests in 186ms (640 modules)
 ✓ Compiled (642 modules)
 GET /api/leave-requests 200 in 489ms
 GET /api/employees/me 200 in 516ms
 GET /api/leave-requests 200 in 34ms
 GET /api/employees/me 200 in 34ms
 GET / 200 in 55ms
 GET / 200 in 45ms
 GET / 200 in 48ms
 GET / 200 in 40ms
 GET / 200 in 43ms
 GET / 200 in 47ms
 ✓ Compiled in 987ms (382 modules)
 ✓ Compiled in 675ms (382 modules)
 ✓ Compiled in 308ms (382 modules)
 ✓ Compiled in 277ms (382 modules)
 ✓ Compiled in 305ms (382 modules)
 ✓ Compiled in 264ms (383 modules)
 ✓ Compiled in 314ms (383 modules)
 ✓ Compiled in 256ms (383 modules)
 ✓ Compiled in 254ms (383 modules)
 ✓ Compiled in 291ms (384 modules)
 ✓ Compiled in 327ms (384 modules)
 ✓ Compiled in 284ms (384 modules)
 ✓ Compiled in 236ms (384 modules)
 ✓ Compiled in 325ms (395 modules)
 ✓ Compiled in 271ms (395 modules)
 ✓ Compiled in 248ms (395 modules)
 ✓ Compiled in 254ms (395 modules)
 ✓ Compiled in 275ms (395 modules)
 ✓ Compiled in 247ms (395 modules)
 ✓ Compiled in 314ms (395 modules)
 ✓ Compiled in 266ms (395 modules)
[?25h
