  ▲ Next.js 14.2.28
  - Local:        http://localhost:3000
  - Environments: .env
  - Experiments (use with caution):
    · outputFileTracingRoot

 ✓ Starting...
 ✓ Ready in 1441ms
 ○ Compiling / ...
 ✓ Compiled / in 1798ms (784 modules)
 GET / 200 in 2102ms
 GET / 200 in 1470ms
 ✓ Compiled in 484ms (280 modules)
 GET / 200 in 46ms
 ○ Compiling /api/auth/[...nextauth] ...
 ✓ Compiled /api/auth/[...nextauth] in 763ms (926 modules)
 GET /api/auth/session 200 in 1211ms
 GET /dashboard?_rsc=3y0gy 200 in 31ms
 GET /api/auth/session 200 in 36ms
 ✓ Compiled /api/leave-requests in 158ms (613 modules)
 ✓ Compiled (660 modules)
 GET /api/leave-requests 200 in 561ms
 GET /api/employees 200 in 571ms
 GET /api/employees 200 in 31ms
 GET /api/leave-requests 200 in 37ms
 GET /api/auth/providers 200 in 38ms
 GET / 200 in 69ms
 ○ Compiling /login ...
 ✓ Compiled /login in 727ms (1061 modules)
 GET /api/auth/session 200 in 928ms
 GET / 200 in 510ms
 GET /api/auth/session 200 in 24ms
 GET /login?_rsc=1ebxd 200 in 31ms
 GET / 200 in 32ms
 GET / 200 in 41ms
 GET /api/auth/session 200 in 44ms
 GET /api/auth/session 200 in 31ms
 GET /dashboard?_rsc=3y0gy 200 in 25ms
 GET /api/employees 200 in 142ms
 GET /api/leave-requests 200 in 156ms
 GET /api/employees 200 in 28ms
 GET /api/leave-requests 200 in 29ms
 GET /api/auth/csrf 200 in 32ms
 ✓ Compiled /api/signup in 244ms (700 modules)
 POST /api/signup 201 in 653ms
 GET / 200 in 50ms
 GET /api/auth/csrf 200 in 43ms
 POST /api/auth/callback/credentials 302 in 78ms
[?25h
