  ▲ Next.js 14.2.28
  - Local:        http://localhost:3000
  - Environments: .env
  - Experiments (use with caution):
    · outputFileTracingRoot

 ✓ Starting...
 ✓ Ready in 1913ms
 ○ Compiling / ...
 ✓ Compiled / in 3s (791 modules)
 GET / 200 in 3485ms
 ✓ Compiled in 487ms (280 modules)
 ✓ Compiled /api/auth/[...nextauth] in 284ms (510 modules)
 GET /api/auth/providers 200 in 753ms
 GET / 200 in 75ms
 GET /api/auth/session 200 in 37ms
 ○ Compiling /login ...
 ✓ Compiled /login in 950ms (895 modules)
 GET /api/auth/session 200 in 1052ms
 GET /login?_rsc=1ebxd 200 in 34ms
 GET /api/auth/csrf 200 in 39ms
 ✓ Compiled /api/signup in 214ms (602 modules)
 POST /api/signup 201 in 711ms
 GET / 200 in 74ms
 GET /api/auth/csrf 200 in 44ms
 POST /api/auth/callback/credentials 302 in 425ms
 ○ Compiling /dashboard ...
 ✓ Compiled /dashboard in 668ms (1016 modules)
 GET /dashboard 200 in 797ms
 GET /dashboard 200 in 39ms
 GET / 200 in 54ms
 ✓ Compiled /api/employees in 325ms (700 modules)
 ✓ Compiled (702 modules)
 GET /api/auth/session 200 in 581ms
 GET /dashboard?_rsc=3y0gy 200 in 28ms
 GET /api/auth/session 200 in 23ms
 GET /api/employees 200 in 699ms
 GET /api/leave-requests 200 in 728ms
 GET /api/auth/session 200 in 33ms
 GET /api/employees 200 in 36ms
 GET /api/leave-requests 200 in 31ms
 GET /api/auth/session 200 in 27ms
 GET /api/employees 200 in 31ms
 GET /api/leave-requests 200 in 30ms
 GET /api/employees 200 in 34ms
 GET /api/auth/session 200 in 40ms
 GET /api/leave-requests 200 in 44ms
 GET /api/auth/session 200 in 23ms
 ○ Compiling /admin/requests/[id] ...
 ✓ Compiled /admin/requests/[id] in 1606ms (1279 modules)
 GET /requests 200 in 1839ms
 GET /admin/requests 200 in 1833ms
 GET /admin/employees 200 in 1840ms
 GET /admin/areas 200 in 1831ms
 GET /admin/employees/new 200 in 1813ms
 GET /admin/requests/cmef5hoy2000zwqo2refheniz 200 in 2232ms
 GET /admin/requests/cmef5hoyb0015wqo2g3oab8mu 200 in 2234ms
 GET /api/auth/session 200 in 104ms
 GET /api/leave-requests 200 in 225ms
 GET /api/employees 200 in 256ms
 ✓ Compiled /api/areas in 371ms (819 modules)
 GET /api/auth/session 200 in 690ms
 GET /api/auth/session 200 in 27ms
 GET /api/leave-requests 200 in 663ms
 GET /api/leave-requests?requestId=cmef5hoy2000zwqo2refheniz 200 in 373ms
 GET /api/leave-requests?requestId=cmef5hoyb0015wqo2g3oab8mu 200 in 301ms
 GET /api/areas 200 in 903ms
 GET /api/employees 200 in 570ms
 GET /api/auth/session 200 in 35ms
 GET /api/leave-requests 200 in 36ms
 GET /api/leave-requests?requestId=cmef5hoyb0015wqo2g3oab8mu 200 in 64ms
 GET /api/areas 200 in 63ms
 GET /api/leave-requests?requestId=cmef5hoy2000zwqo2refheniz 200 in 76ms
 GET /api/auth/session 200 in 58ms
 GET /api/leave-requests 200 in 50ms
 GET /api/areas 200 in 41ms
 GET /api/auth/session 200 in 33ms
 GET /api/areas 200 in 34ms
 GET /api/auth/session 200 in 52ms
 GET /api/auth/session 200 in 24ms
 GET /api/auth/session 200 in 24ms
 GET /api/auth/session 200 in 26ms
 GET /api/auth/session 200 in 28ms
 GET /api/auth/session 200 in 36ms
 GET /api/auth/session 200 in 26ms
 GET /api/auth/session 200 in 27ms
 GET /api/auth/session 200 in 31ms
 GET /api/auth/session 200 in 24ms
 GET /api/auth/session 200 in 37ms
 GET /api/auth/session 200 in 24ms
 GET /api/auth/session 200 in 24ms
 GET /api/auth/session 200 in 23ms
 GET /api/auth/session 200 in 22ms
 ○ Compiling /admin/employees/[id]/edit ...
 ✓ Compiled /admin/employees/[id]/edit in 977ms (1301 modules)
 GET /requests/new 200 in 1118ms
 GET /admin/employees/cmef5hoxl000pwqo2gob7aonr/edit 200 in 1543ms
 GET /admin/employees/cmef5hoxv000vwqo20wqzy3z0/edit 200 in 1531ms
 GET /admin/employees/cmef5hoxq000swqo2lo7aal4w/edit 200 in 1522ms
 GET /admin/employees/cmef5hoxb000jwqo29btjta01/edit 200 in 1541ms
 GET /admin/employees/cmef5howo0007wqo2hzhrvyly/edit 200 in 1523ms
 GET /admin/employees/cmef5hox5000gwqo2zsowjypk/edit 200 in 1540ms
 GET /admin/employees/cmef5hox0000dwqo2ubygf6z6/edit 200 in 1524ms
 GET /admin/employees/cmef5hoxg000mwqo2qdfftegz/edit 200 in 1526ms
 GET /admin/employees/cmef5howv000awqo2aw6p8iqz/edit 200 in 1530ms
 ○ Compiling /api/employees/me ...
 ✓ Compiled /api/employees/me in 508ms (834 modules)
 GET /api/auth/session 200 in 1097ms
 GET /api/employees/me 200 in 1238ms
 GET /api/areas 200 in 314ms
 GET /api/auth/session 200 in 62ms
 GET /api/auth/session 200 in 62ms
 GET /api/employees/me 200 in 81ms
 ✓ Compiled /api/employees/[id] in 316ms (836 modules)
 GET /api/auth/session 200 in 689ms
 GET /api/areas 200 in 788ms
 GET /api/auth/session 200 in 22ms
 GET /api/areas 200 in 32ms
 GET /api/auth/session 200 in 35ms
 GET /api/areas 200 in 30ms
 GET /api/auth/session 200 in 21ms
 GET /api/areas 200 in 28ms
 GET /api/auth/session 200 in 28ms
 GET /api/areas 200 in 40ms
 GET /api/auth/session 200 in 64ms
 GET /api/employees/cmef5hoxl000pwqo2gob7aonr 200 in 1175ms
 GET /api/areas 200 in 30ms
 GET /api/employees/cmef5hoxg000mwqo2qdfftegz 200 in 280ms
 GET /api/employees/cmef5hoxb000jwqo29btjta01 200 in 114ms
 GET /api/auth/session 200 in 44ms
 GET /api/areas 200 in 70ms
 GET /api/employees/cmef5howv000awqo2aw6p8iqz 200 in 102ms
 GET /api/employees/cmef5hoxl000pwqo2gob7aonr 200 in 86ms
 GET /api/employees/cmef5hoxg000mwqo2qdfftegz 200 in 71ms
 GET /api/employees/cmef5hoxb000jwqo29btjta01 200 in 86ms
 GET /api/auth/session 200 in 54ms
 GET /api/areas 200 in 33ms
 GET /api/employees/cmef5howv000awqo2aw6p8iqz 200 in 43ms
 GET /api/auth/session 200 in 52ms
 GET /api/areas 200 in 43ms
 GET /api/employees/cmef5hox5000gwqo2zsowjypk 200 in 44ms
 GET /api/auth/session 200 in 26ms
 GET /api/areas 200 in 41ms
 GET /api/employees/cmef5howo0007wqo2hzhrvyly 200 in 65ms
 GET /api/auth/session 200 in 43ms
 GET /api/areas 200 in 64ms
 GET /api/employees/cmef5hox5000gwqo2zsowjypk 200 in 60ms
 GET /api/auth/session 200 in 27ms
 GET /api/employees/cmef5howo0007wqo2hzhrvyly 200 in 39ms
 GET /api/areas 200 in 38ms
 GET /api/auth/session 200 in 25ms
 GET /api/areas 200 in 40ms
 GET /api/employees/cmef5hox0000dwqo2ubygf6z6 200 in 43ms
 GET /api/auth/session 200 in 36ms
 GET /api/areas 200 in 36ms
 GET /api/employees/cmef5hox0000dwqo2ubygf6z6 200 in 46ms
 GET /api/auth/session 200 in 48ms
 GET /api/areas 200 in 41ms
 GET /api/auth/session 200 in 88ms
 GET /api/employees/cmef5hoxv000vwqo20wqzy3z0 200 in 97ms
 GET /api/areas 200 in 32ms
 GET /api/employees/cmef5hoxv000vwqo20wqzy3z0 200 in 38ms
 GET /api/auth/session 200 in 43ms
 GET /api/areas 200 in 43ms
 GET /api/employees/cmef5hoxq000swqo2lo7aal4w 200 in 45ms
 GET /api/auth/session 200 in 24ms
 GET /api/employees/cmef5hoxq000swqo2lo7aal4w 200 in 42ms
 GET /api/auth/session 200 in 34ms
 GET /api/auth/session 200 in 24ms
 GET /api/auth/session 200 in 36ms
 GET /api/auth/session 200 in 34ms
 GET /api/auth/session 200 in 37ms
 GET /api/auth/session 200 in 26ms
 GET /api/auth/session 200 in 23ms
[?25h
