  ▲ Next.js 14.2.28
  - Local:        http://localhost:3000
  - Environments: .env
  - Experiments (use with caution):
    · outputFileTracingRoot

 ✓ Starting...
 ✓ Ready in 1621ms
 ○ Compiling / ...
 ✓ Compiled / in 1516ms (784 modules)
 GET / 200 in 2091ms
 ✓ Compiled in 570ms (280 modules)
 GET / 200 in 48ms
 ✓ Compiled /dashboard in 218ms (510 modules)
 ✓ Compiled in 709ms (339 modules)
 GET /api/auth/session 200 in 1439ms
 GET /dashboard?_rsc=3y0gy 200 in 46ms
 GET /api/auth/session 200 in 39ms
 ✓ Compiled /api/leave-requests in 217ms (613 modules)
 ✓ Compiled (615 modules)
 GET /api/leave-requests 200 in 568ms
 GET /api/employees 200 in 580ms
 GET /api/leave-requests 200 in 37ms
 GET /api/employees 200 in 36ms
 GET / 200 in 72ms
 GET / 200 in 36ms
 GET / 200 in 37ms
 GET /api/auth/session 200 in 55ms
 GET /dashboard?_rsc=3y0gy 200 in 29ms
 GET /api/auth/session 200 in 21ms
 GET /api/employees 200 in 36ms
 GET /api/leave-requests 200 in 41ms
 GET /api/employees 200 in 36ms
 GET /api/leave-requests 200 in 38ms
 GET / 200 in 37ms
 ✓ Compiled /admin/employees in 478ms (971 modules)
 GET /admin/employees?_rsc=czupt 200 in 45ms
 GET /api/employees 200 in 127ms
 GET /api/employees 200 in 40ms
 ✓ Compiled /admin/areas in 280ms (975 modules)
 GET /admin/areas?_rsc=1qsc3 200 in 31ms
 GET /api/auth/csrf 200 in 48ms
 POST /api/auth/signout 200 in 33ms
 ○ Compiling /login ...
 ✓ Compiled /login in 687ms (1033 modules)
 GET /login 200 in 823ms
 GET /api/auth/session 200 in 50ms
 GET /api/auth/session 200 in 34ms
 GET / 200 in 48ms
 GET /api/auth/providers 200 in 33ms
 GET /api/auth/csrf 200 in 33ms
 POST /api/auth/callback/credentials 200 in 409ms
 GET /api/auth/session 200 in 35ms
 GET /dashboard?_rsc=3y0gy 200 in 30ms
 GET /api/leave-requests 200 in 115ms
 GET /api/leave-requests 200 in 34ms
 ✓ Compiled /api/employees/me in 212ms (666 modules)
 GET /api/employees/me 200 in 354ms
 GET /api/employees/me 200 in 25ms
 ○ Compiling /requests/new ...
 ✓ Compiled /requests/new in 951ms (1168 modules)
 GET /requests/new?_rsc=1eiff 200 in 30ms
 GET /api/employees/me 200 in 110ms
 GET / 200 in 50ms
 GET /api/employees/me 200 in 49ms
 POST /api/leave-requests 400 in 105ms
 GET / 200 in 35ms
 POST /api/leave-requests 201 in 34ms
 ✓ Compiled /requests in 438ms (1137 modules)
 GET /requests?_rsc=18jz7 200 in 40ms
 GET /api/leave-requests 200 in 121ms
 GET /api/leave-requests 200 in 30ms
 GET /dashboard?_rsc=1gtj6 200 in 34ms
 GET /api/leave-requests 200 in 41ms
 GET /api/employees/me 200 in 118ms
 GET /api/leave-requests 200 in 33ms
 GET /api/employees/me 200 in 24ms
 GET / 200 in 65ms
 ✓ Compiled /api/auth/[...nextauth] in 181ms (622 modules)
 GET /api/auth/csrf 200 in 294ms
 POST /api/auth/signout 200 in 34ms
 ✓ Compiled /login in 209ms (660 modules)
 GET /login 200 in 343ms
 GET /api/auth/session 200 in 55ms
 GET /api/auth/session 200 in 34ms
 GET /api/auth/providers 200 in 35ms
 GET /api/auth/csrf 200 in 38ms
 POST /api/auth/callback/credentials 200 in 393ms
 GET /api/auth/session 200 in 39ms
 GET /dashboard?_rsc=3y0gy 200 in 31ms
 GET / 200 in 42ms
 ✓ Compiled /api/employees in 152ms (662 modules)
 GET /api/leave-requests 200 in 488ms
 GET /api/employees 200 in 492ms
 GET /api/leave-requests 200 in 31ms
 GET /api/employees 200 in 43ms
 ✓ Compiled /admin/requests/[id] in 468ms (1112 modules)
 GET /admin/requests/cmeew21cu0001m27iwrkuo41i?_rsc=rlicb 200 in 43ms
 GET /api/leave-requests?requestId=cmeew21cu0001m27iwrkuo41i 200 in 134ms
 GET /api/leave-requests?requestId=cmeew21cu0001m27iwrkuo41i 200 in 28ms
 ✓ Compiled /api/leave-requests/[id]/approve in 384ms (666 modules)
 PATCH /api/leave-requests/cmeew21cu0001m27iwrkuo41i/approve 200 in 829ms
 ✓ Compiled /admin/requests in 380ms (1115 modules)
 GET /admin/requests?_rsc=1itt7 200 in 32ms
 GET /api/leave-requests 200 in 110ms
 GET / 200 in 71ms
 GET /api/leave-requests 200 in 28ms
 GET /api/leave-requests?requestId=cmeew21cu0001m27iwrkuo41i 200 in 31ms
 GET /api/leave-requests?requestId=cmeew21cu0001m27iwrkuo41i 200 in 28ms
 GET /dashboard?_rsc=1gtj6 200 in 32ms
 GET /api/leave-requests 200 in 39ms
 GET /api/employees 200 in 117ms
 GET /api/leave-requests 200 in 30ms
 GET /api/employees 200 in 29ms
 ✓ Compiled /admin/employees in 294ms (678 modules)
 GET /admin/employees?_rsc=irjql 200 in 33ms
 GET /api/employees 200 in 108ms
 GET /api/employees 200 in 29ms
 GET /api/employees 200 in 36ms
 GET /api/leave-requests 200 in 107ms
 GET /api/employees 200 in 29ms
 GET /api/leave-requests 200 in 24ms
 GET / 200 in 42ms
 GET / 200 in 40ms
 ✓ Compiled /admin/areas in 203ms (624 modules)
 GET /admin/areas?_rsc=1qsc3 200 in 43ms
 GET / 200 in 71ms
 GET / 200 in 37ms
[?25h
