  ▲ Next.js 14.2.28
  - Local:        http://localhost:3000
  - Environments: .env
  - Experiments (use with caution):
    · outputFileTracingRoot

 ✓ Starting...
 ✓ Ready in 1388ms
 ○ Compiling / ...
 ✓ Compiled / in 1623ms (784 modules)
 GET / 200 in 2013ms
 ✓ Compiled in 416ms (280 modules)
 GET / 200 in 47ms
 ✓ Compiled /dashboard in 174ms (510 modules)
 ✓ Compiled in 416ms (342 modules)
 GET /api/auth/session 200 in 1107ms
 GET /dashboard?_rsc=3y0gy 200 in 33ms
 GET /api/auth/session 200 in 42ms
 ✓ Compiled /api/leave-requests in 190ms (616 modules)
 ✓ Compiled (664 modules)
 GET /api/leave-requests 200 in 567ms
 GET /api/employees 200 in 588ms
 GET /api/leave-requests 200 in 29ms
 GET /api/employees 200 in 33ms
 GET / 200 in 67ms
 GET / 200 in 36ms
 GET /api/auth/session 200 in 43ms
 GET /api/auth/session 200 in 36ms
 GET /dashboard?_rsc=3y0gy 200 in 25ms
 GET / 200 in 38ms
 GET / 200 in 31ms
 GET /api/auth/session 200 in 35ms
 GET /api/auth/session 200 in 33ms
 GET /dashboard?_rsc=3y0gy 200 in 38ms
 GET /api/leave-requests 200 in 28ms
 GET /api/employees 200 in 35ms
 GET /api/employees 200 in 30ms
 GET /api/leave-requests 200 in 28ms
 GET / 200 in 36ms
 GET / 200 in 29ms
 GET /api/auth/session 200 in 39ms
 GET /api/auth/session 200 in 35ms
 GET /dashboard?_rsc=3y0gy 200 in 39ms
 GET /api/employees 200 in 33ms
 GET /api/leave-requests 200 in 34ms
 GET /api/employees 200 in 31ms
 GET /api/leave-requests 200 in 31ms
 ○ Compiling /admin/employees ...
 ✓ Compiled /admin/employees in 737ms (1137 modules)
 GET /admin/employees?_rsc=czupt 200 in 46ms
 GET / 200 in 64ms
 GET /api/employees 200 in 108ms
 GET /api/employees 200 in 30ms
 ✓ Compiled /admin/employees/[id]/edit in 471ms (1198 modules)
 GET /admin/employees/93968a9e-f3b1-4645-bf96-527588fa7086/edit?_rsc=1tedk 200 in 38ms
 ✓ Compiled /api/areas in 156ms (765 modules)
 GET /api/areas 200 in 289ms
 GET /api/areas 200 in 36ms
 ✓ Compiled /api/employees/[id] in 175ms (767 modules)
 GET /api/employees/93968a9e-f3b1-4645-bf96-527588fa7086 200 in 585ms
 GET /api/employees/93968a9e-f3b1-4645-bf96-527588fa7086 200 in 36ms
 PUT /api/employees/93968a9e-f3b1-4645-bf96-527588fa7086 500 in 1113ms
 GET /api/employees 200 in 112ms
 GET /api/employees 200 in 27ms
 GET /api/areas 200 in 112ms
 GET /api/areas 200 in 35ms
 GET /api/employees/93968a9e-f3b1-4645-bf96-527588fa7086 200 in 46ms
 GET /api/employees/93968a9e-f3b1-4645-bf96-527588fa7086 200 in 36ms
 GET / 200 in 70ms
 PUT /api/employees/93968a9e-f3b1-4645-bf96-527588fa7086 500 in 44ms
 GET /admin/employees?_rsc=cvg4n 200 in 38ms
 GET /api/employees 200 in 29ms
 GET /api/employees 200 in 27ms
 GET /admin/employees/cmeg3hli7000au5x9r294n9o6/edit?_rsc=e3vb2 200 in 24ms
 GET /api/areas 200 in 27ms
 GET /api/areas 200 in 29ms
 GET /api/employees/cmeg3hli7000au5x9r294n9o6 200 in 48ms
 GET /api/employees/cmeg3hli7000au5x9r294n9o6 200 in 37ms
 PUT /api/employees/cmeg3hli7000au5x9r294n9o6 500 in 35ms
 GET / 200 in 39ms
 GET / 200 in 35ms
 GET / 200 in 37ms
 GET / 200 in 36ms
 PUT /api/employees/cmeg3hli7000au5x9r294n9o6 500 in 49ms
 GET / 200 in 33ms
 GET / 200 in 33ms
 GET / 200 in 32ms
 GET / 200 in 40ms
 GET / 200 in 34ms
 ○ Compiling /api/auth/[...nextauth] ...
 ✓ Compiled /api/auth/[...nextauth] in 801ms (1020 modules)
 GET /api/auth/session 200 in 964ms
 GET /login?_rsc=1ebxd 200 in 43ms
 GET /api/auth/session 200 in 46ms
 GET /api/auth/session 200 in 30ms
 GET /api/auth/session 200 in 23ms
 GET /api/auth/session 200 in 22ms
 GET /login 200 in 62ms
 GET /api/auth/session 200 in 40ms
 GET /api/auth/session 200 in 24ms
 GET /api/auth/session 200 in 22ms
 GET /api/auth/session 200 in 22ms
 GET /api/auth/session 200 in 24ms
 GET /api/auth/session 200 in 26ms
 ✓ Compiled /api/employees in 196ms (602 modules)
 POST /api/employees 401 in 289ms
 GET /login 200 in 57ms
 GET /api/auth/session 200 in 46ms
 GET /api/auth/session 200 in 21ms
 GET /api/auth/session 200 in 24ms
 GET /api/auth/session 200 in 25ms
 GET /api/auth/session 200 in 42ms
 GET /api/auth/session 200 in 22ms
 GET /api/auth/session 200 in 26ms
 ✓ Compiled /dashboard in 149ms (650 modules)
 GET /dashboard 200 in 280ms
 GET /api/auth/session 200 in 59ms
 GET /login?_rsc=1ebxd 200 in 30ms
 GET /api/auth/session 200 in 33ms
 GET /api/auth/session 200 in 27ms
 GET /api/auth/session 200 in 21ms
 GET /api/auth/session 200 in 22ms
 GET /api/auth/session 200 in 30ms
 GET /api/auth/session 200 in 21ms
 GET /api/auth/session 200 in 29ms
