  ▲ Next.js 14.2.28
  - Local:        http://localhost:3000
  - Environments: .env
  - Experiments (use with caution):
    · outputFileTracingRoot

 ✓ Starting...
 ✓ Ready in 1672ms
 ○ Compiling / ...
 ✓ Compiled / in 1811ms (784 modules)
 GET / 200 in 2281ms
 ✓ Compiled in 459ms (280 modules)
 GET / 200 in 52ms
 ○ Compiling /api/auth/[...nextauth] ...
 ✓ Compiled /api/auth/[...nextauth] in 1040ms (895 modules)
 GET /api/auth/session 200 in 1507ms
 GET /login?_rsc=1ebxd 200 in 45ms
 GET /api/auth/session 200 in 36ms
 GET / 200 in 72ms
 GET / 200 in 35ms
 GET / 200 in 36ms
 GET / 200 in 38ms
 GET /api/auth/session 200 in 52ms
 GET /login?_rsc=1ebxd 200 in 29ms
 GET /api/auth/session 200 in 23ms
 GET / 200 in 37ms
 GET / 200 in 33ms
 GET / 200 in 33ms
 GET / 200 in 31ms
 GET / 200 in 35ms
 GET / 200 in 31ms
 GET / 200 in 35ms
 GET / 200 in 34ms
 GET / 200 in 35ms
 GET / 200 in 32ms
 GET / 200 in 35ms
 GET / 200 in 37ms
 GET / 200 in 33ms
 GET / 200 in 33ms
 GET / 200 in 31ms
 GET / 200 in 31ms
 GET / 200 in 35ms
 GET /api/auth/session 200 in 39ms
 GET /api/auth/session 200 in 29ms
 GET /login?_rsc=1ebxd 200 in 36ms
 GET / 200 in 32ms
 GET / 200 in 31ms
 GET / 200 in 39ms
