  ▲ Next.js 14.2.28
  - Local:        http://localhost:3000
  - Environments: .env
  - Experiments (use with caution):
    · outputFileTracingRoot

 ✓ Starting...
 ✓ Ready in 1716ms
 ○ Compiling / ...
 ✓ Compiled / in 3s (791 modules)
 GET / 200 in 3441ms
 ✓ Compiled in 529ms (280 modules)
 ✓ Compiled /api/auth/[...nextauth] in 253ms (510 modules)
 GET /api/auth/providers 200 in 693ms
 GET / 200 in 70ms
 ○ Compiling /login ...
 ✓ Compiled /login in 885ms (895 modules)
 GET /api/auth/session 200 in 1026ms
 GET /login?_rsc=1ebxd 200 in 34ms
 GET /api/auth/session 200 in 38ms
 GET /api/auth/csrf 200 in 37ms
 ✓ Compiled /api/signup in 225ms (602 modules)
 POST /api/signup 201 in 724ms
 GET / 200 in 70ms
 GET /api/auth/csrf 200 in 45ms
 POST /api/auth/callback/credentials 302 in 425ms
 ○ Compiling /dashboard ...
 ✓ Compiled /dashboard in 665ms (1016 modules)
 GET /dashboard 200 in 801ms
 GET /dashboard 200 in 57ms
 GET / 200 in 56ms
 ✓ Compiled /api/employees in 358ms (700 modules)
 ✓ Compiled (702 modules)
 GET /api/auth/session 200 in 579ms
 GET /api/auth/session 200 in 24ms
 GET /dashboard?_rsc=3y0gy 200 in 30ms
 GET /api/auth/session 200 in 22ms
 GET /api/leave-requests 200 in 744ms
 GET /api/employees 200 in 742ms
 GET /api/auth/session 200 in 22ms
 GET /api/employees 200 in 41ms
 GET /api/leave-requests 200 in 46ms
 GET /api/auth/session 200 in 22ms
 GET /api/leave-requests 200 in 33ms
 GET /api/employees 200 in 34ms
 GET /api/employees 200 in 36ms
 GET /api/leave-requests 200 in 41ms
 ○ Compiling /admin/employees/new ...
 ✓ Compiled /admin/employees/new in 1622ms (1279 modules)
 GET /admin/areas 200 in 1860ms
 GET /admin/employees 200 in 1861ms
 GET /admin/requests 200 in 1860ms
 GET /requests 200 in 1877ms
 GET /admin/employees/new 200 in 1852ms
 GET /admin/requests/cmef5hoyb0015wqo2g3oab8mu 200 in 2292ms
 GET /admin/requests/cmef5hoy2000zwqo2refheniz 200 in 2290ms
 GET /api/auth/session 200 in 95ms
 GET /api/leave-requests 200 in 205ms
 GET /api/employees 200 in 236ms
 ✓ Compiled /api/areas in 419ms (819 modules)
 GET /api/auth/session 200 in 783ms
 GET /api/areas 200 in 843ms
 GET /api/auth/session 200 in 30ms
 GET /api/areas 200 in 31ms
 GET /api/leave-requests 200 in 742ms
 GET /api/employees 200 in 716ms
 GET /api/leave-requests?requestId=cmef5hoyb0015wqo2g3oab8mu 200 in 397ms
 GET /api/leave-requests?requestId=cmef5hoy2000zwqo2refheniz 200 in 389ms
 GET /api/auth/session 200 in 35ms
 GET /api/leave-requests 200 in 67ms
 GET /api/areas 200 in 68ms
 GET /api/auth/session 200 in 59ms
 GET /api/leave-requests?requestId=cmef5hoyb0015wqo2g3oab8mu 200 in 68ms
 GET /api/leave-requests?requestId=cmef5hoy2000zwqo2refheniz 200 in 69ms
 GET /api/areas 200 in 45ms
 GET /api/leave-requests 200 in 48ms
 GET /api/auth/session 200 in 37ms
 GET /api/auth/session 200 in 44ms
 GET /api/auth/session 200 in 24ms
 GET /api/auth/session 200 in 26ms
 GET /api/auth/session 200 in 33ms
 GET /api/auth/session 200 in 26ms
 GET /api/auth/session 200 in 24ms
 GET /api/auth/session 200 in 44ms
 GET /api/auth/session 200 in 50ms
 GET /api/auth/session 200 in 43ms
 GET /api/auth/session 200 in 26ms
 GET /api/auth/session 200 in 24ms
 GET /api/auth/session 200 in 25ms
 GET /api/auth/session 200 in 24ms
 GET /api/auth/session 200 in 44ms
 GET /api/auth/session 200 in 27ms
 GET /api/auth/session 200 in 27ms
 ○ Compiling /admin/employees/[id]/edit ...
 ✓ Compiled /admin/employees/[id]/edit in 1002ms (1301 modules)
 GET /requests/new 200 in 1157ms
 GET /admin/employees/cmef5hoxl000pwqo2gob7aonr/edit 200 in 1639ms
 GET /admin/employees/cmef5hox5000gwqo2zsowjypk/edit 200 in 1628ms
 GET /admin/employees/cmef5hoxb000jwqo29btjta01/edit 200 in 1630ms
 GET /admin/employees/cmef5howv000awqo2aw6p8iqz/edit 200 in 1642ms
 GET /admin/employees/cmef5hox0000dwqo2ubygf6z6/edit 200 in 1645ms
 GET /admin/employees/cmef5howo0007wqo2hzhrvyly/edit 200 in 1625ms
 GET /admin/employees/cmef5hoxv000vwqo20wqzy3z0/edit 200 in 1663ms
 GET /admin/employees/cmef5hoxg000mwqo2qdfftegz/edit 200 in 1629ms
 GET /admin/employees/cmef5hoxq000swqo2lo7aal4w/edit 200 in 1666ms
 ○ Compiling /api/employees/me ...
 ✓ Compiled /api/employees/me in 1075ms (834 modules)
 ✓ Compiled in 0ms (834 modules)
 ✓ Compiled in 1ms (834 modules)
 ✓ Compiled in 0ms (834 modules)
 GET /api/auth/session 200 in 2307ms
 GET /api/employees/me 200 in 2486ms
 ✓ Compiled in 0ms (834 modules)
 GET /api/areas 200 in 1497ms
 ✓ Compiled in 0ms (834 modules)
 GET /api/auth/session 200 in 1089ms
 GET /api/auth/session 200 in 1090ms
 GET /api/auth/session 200 in 1091ms
 GET /api/auth/session 200 in 1092ms
 GET /api/auth/session 200 in 1093ms
 GET /api/auth/session 200 in 1093ms
 GET /api/auth/session 200 in 1094ms
 GET /api/auth/session 200 in 1095ms
 GET /api/auth/session 200 in 1095ms
 GET /api/auth/session 200 in 1094ms
 GET /api/auth/session 200 in 1092ms
 GET /api/auth/session 200 in 1090ms
 GET /api/auth/session 200 in 1091ms
 GET /api/auth/session 200 in 1089ms
 GET /api/auth/session 200 in 1092ms
 GET /api/auth/session 200 in 1090ms
 GET /api/auth/session 200 in 1091ms
 GET /api/auth/session 200 in 1106ms
 ✓ Compiled /api/employees/[id] in 1ms (834 modules)
 ✓ Compiled in 0ms (836 modules)
 GET /api/auth/session 200 in 311ms
 GET /api/auth/session 200 in 866ms
 GET /api/areas 200 in 1184ms
 ✓ Compiled in 1ms (836 modules)
 ✓ Compiled in 0ms (836 modules)
 ✓ Compiled in 0ms (836 modules)
[?25h
