  ▲ Next.js 14.2.28
  - Local:        http://localhost:3000
  - Environments: .env
  - Experiments (use with caution):
    · outputFileTracingRoot

 ✓ Starting...
 ✓ Ready in 1642ms
 ○ Compiling / ...
 ✓ Compiled / in 2.4s (784 modules)
 GET / 200 in 2843ms
 ✓ Compiled in 408ms (280 modules)
 GET / 200 in 52ms
 ✓ Compiled /dashboard in 192ms (510 modules)
 ✓ Compiled in 600ms (339 modules)
 GET /api/auth/session 200 in 1305ms
 GET /dashboard?_rsc=3y0gy 200 in 30ms
 GET /api/auth/session 200 in 38ms
 ✓ Compiled /api/leave-requests in 211ms (613 modules)
 ✓ Compiled (615 modules)
 GET /api/leave-requests 200 in 581ms
 GET /api/employees 200 in 593ms
 GET /api/employees 200 in 32ms
 GET /api/leave-requests 200 in 37ms
 ✓ Compiled in 161ms (615 modules)
 GET / 200 in 84ms
 GET / 200 in 32ms
 GET /api/auth/session 200 in 48ms
 GET /api/auth/session 200 in 37ms
 GET /dashboard?_rsc=3y0gy 200 in 41ms
 GET /api/leave-requests 200 in 151ms
 GET /api/employees 200 in 139ms
 GET /api/employees 200 in 30ms
 GET /api/leave-requests 200 in 33ms
 GET / 200 in 33ms
 HEAD / 200 in 28ms
   Reload env: .env
 ✓ Compiled in 509ms (955 modules)
 ✓ Compiled in 452ms (967 modules)
 GET / 200 in 102ms
 ✓ Compiled in 503ms (856 modules)
 ✓ Compiled in 224ms (351 modules)
 ✓ Compiled in 216ms (351 modules)
 GET / 200 in 111ms
 ✓ Compiled in 205ms (351 modules)
 ✓ Compiled in 237ms (351 modules)
 GET / 200 in 48ms
 GET / 200 in 33ms
 ✓ Compiled /api/auth/[...nextauth] in 153ms (582 modules)
 ✓ Compiled (588 modules)
 GET /api/auth/session 200 in 414ms
 GET /dashboard?_rsc=3y0gy 200 in 33ms
 GET /api/auth/session 200 in 41ms
 ✓ Compiled /api/employees in 317ms (659 modules)
 ✓ Compiled (661 modules)
 GET /api/employees 200 in 680ms
 GET /api/leave-requests 200 in 681ms
 GET /api/leave-requests 200 in 35ms
 GET /api/employees 200 in 38ms
 ✓ Compiled in 128ms (661 modules)
 ✓ Compiled in 124ms (661 modules)
 ✓ Compiled in 140ms (661 modules)
 ✓ Compiled in 130ms (661 modules)
 ✓ Compiled in 146ms (661 modules)
 GET / 200 in 79ms
 ✓ Compiled in 154ms (661 modules)
 ✓ Compiled in 277ms (351 modules)
 ✓ Compiled in 202ms (351 modules)
 ✓ Compiled in 387ms (1012 modules)
 GET / 200 in 103ms
 GET / 200 in 32ms
 GET /api/auth/session 200 in 42ms
 GET /dashboard?_rsc=3y0gy 200 in 28ms
 GET /api/auth/session 200 in 33ms
 GET /api/leave-requests 200 in 133ms
 GET /api/employees 200 in 132ms
 GET /api/leave-requests 200 in 29ms
 GET /api/employees 200 in 34ms
 ✓ Compiled in 217ms (351 modules)
 ✓ Compiled in 209ms (351 modules)
 ✓ Compiled in 381ms (1012 modules)
[?25h
