  ▲ Next.js 14.2.28
  - Local:        http://localhost:3000
  - Environments: .env
  - Experiments (use with caution):
    · outputFileTracingRoot

 ✓ Starting...
 ✓ Ready in 1438ms
 ○ Compiling / ...
 ✓ Compiled / in 1542ms (784 modules)
 GET / 200 in 2030ms
 ✓ Compiled in 498ms (280 modules)
 GET / 200 in 52ms
 ✓ Compiled /dashboard in 233ms (510 modules)
 ✓ Compiled in 387ms (339 modules)
 GET /api/auth/session 200 in 1058ms
 GET /dashboard?_rsc=3y0gy 200 in 29ms
 GET /api/auth/session 200 in 35ms
 ✓ Compiled /api/leave-requests in 166ms (613 modules)
 ✓ Compiled (660 modules)
 GET /api/employees 200 in 582ms
 GET /api/leave-requests 200 in 580ms
 GET /api/employees 200 in 31ms
 GET /api/leave-requests 200 in 38ms
 GET / 200 in 61ms
 GET / 200 in 33ms
 GET /api/auth/session 200 in 47ms
 GET /dashboard?_rsc=3y0gy 200 in 28ms
 GET /api/auth/session 200 in 36ms
 GET /api/employees 200 in 33ms
 GET /api/leave-requests 200 in 35ms
 GET /api/employees 200 in 35ms
 GET /api/leave-requests 200 in 33ms
 GET / 200 in 35ms
 GET / 200 in 38ms
 GET /api/auth/session 200 in 49ms
 GET /dashboard?_rsc=3y0gy 200 in 27ms
 GET /api/auth/session 200 in 37ms
 GET /api/employees 200 in 33ms
 GET /api/leave-requests 200 in 39ms
 GET /api/employees 200 in 29ms
 GET /api/leave-requests 200 in 31ms
 GET / 200 in 35ms
 GET / 200 in 33ms
 GET /api/auth/session 200 in 43ms
 GET /dashboard?_rsc=3y0gy 200 in 29ms
 GET /api/auth/session 200 in 36ms
 GET /api/employees 200 in 32ms
 GET /api/leave-requests 200 in 37ms
 GET /api/employees 200 in 30ms
 GET /api/leave-requests 200 in 32ms
 ✓ Compiled in 314ms (351 modules)
 GET / 200 in 46ms
 ✓ Compiled in 342ms (351 modules)
 GET / 200 in 43ms
 ✓ Compiled in 719ms (855 modules)
 ✓ Compiled in 216ms (351 modules)
 GET / 200 in 129ms
 GET / 200 in 29ms
 ✓ Compiled /api/auth/[...nextauth] in 127ms (581 modules)
 ✓ Compiled (587 modules)
 GET /api/auth/session 200 in 390ms
 GET /dashboard?_rsc=3y0gy 200 in 30ms
 GET /api/auth/session 200 in 38ms
 ✓ Compiled /api/employees in 136ms (613 modules)
 GET /api/employees 200 in 309ms
 GET /api/employees 200 in 30ms
 ✓ Compiled /api/leave-requests in 325ms (660 modules)
 GET /api/leave-requests 200 in 451ms
 GET /api/leave-requests 200 in 28ms
 ✓ Compiled in 414ms (999 modules)
 GET / 200 in 96ms
 ✓ Compiled in 327ms (351 modules)
 ✓ Compiled in 251ms (351 modules)
 GET / 200 in 41ms
 ✓ Compiled in 197ms (351 modules)
 ✓ Compiled in 213ms (351 modules)
 ✓ Compiled in 264ms (351 modules)
 GET /api/auth/session 200 in 52ms
[?25h
