  ▲ Next.js 14.2.28
  - Local:        http://localhost:3000
  - Environments: .env
  - Experiments (use with caution):
    · outputFileTracingRoot

 ✓ Starting...
 ✓ Ready in 1770ms
 ○ Compiling / ...
 ✓ Compiled / in 3s (791 modules)
 GET / 200 in 3400ms
 ✓ Compiled in 477ms (280 modules)
 ✓ Compiled /api/auth/[...nextauth] in 345ms (510 modules)
 GET /api/auth/providers 200 in 795ms
 GET / 200 in 82ms
 ○ Compiling /login ...
 ✓ Compiled /login in 920ms (895 modules)
 GET /api/auth/session 200 in 1034ms
 GET /api/auth/session 200 in 23ms
 GET /login?_rsc=1ebxd 200 in 34ms
 GET /api/auth/csrf 200 in 33ms
 ✓ Compiled /api/signup in 207ms (602 modules)
 POST /api/signup 201 in 701ms
 GET / 200 in 74ms
 GET /api/auth/csrf 200 in 47ms
 POST /api/auth/callback/credentials 302 in 110ms
[?25h
