  ▲ Next.js 14.2.28
  - Local:        http://localhost:3000
  - Environments: .env
  - Experiments (use with caution):
    · outputFileTracingRoot

 ✓ Starting...
 ✓ Ready in 1934ms
 ○ Compiling / ...
 ✓ Compiled / in 2.9s (791 modules)
 GET / 200 in 3365ms
 ✓ Compiled in 463ms (280 modules)
 ✓ Compiled /api/auth/[...nextauth] in 229ms (510 modules)
 GET /api/auth/providers 200 in 631ms
 GET / 200 in 73ms
 ○ Compiling /login ...
 ✓ Compiled /login in 930ms (895 modules)
 GET /api/auth/session 200 in 1040ms
 GET /api/auth/session 200 in 26ms
 GET /login?_rsc=1ebxd 200 in 27ms
 GET /api/auth/csrf 200 in 31ms
 ✓ Compiled /api/signup in 208ms (602 modules)
 POST /api/signup 201 in 669ms
 GET / 200 in 66ms
 GET /api/auth/csrf 200 in 41ms
 POST /api/auth/callback/credentials 302 in 393ms
 ○ Compiling /dashboard ...
 ✓ Compiled /dashboard in 695ms (1018 modules)
 GET /dashboard 200 in 833ms
 GET / 200 in 36ms
 GET /dashboard 200 in 40ms
 GET /api/auth/session 200 in 66ms
 ✓ Compiled /api/leave-requests in 170ms (655 modules)
 ✓ Compiled (703 modules)
 GET /api/auth/session 200 in 510ms
 GET /dashboard?_rsc=3y0gy 200 in 542ms
 GET /api/auth/session 200 in 27ms
 GET /api/employees 200 in 674ms
 GET /api/leave-requests 200 in 682ms
 GET /api/employees 200 in 40ms
 GET /api/auth/session 200 in 47ms
 GET /api/leave-requests 200 in 53ms
 GET /api/employees 200 in 28ms
 GET /api/leave-requests 200 in 30ms
 GET /api/employees 200 in 29ms
 GET /api/leave-requests 200 in 27ms
 GET /api/auth/session 200 in 32ms
 GET /api/auth/session 200 in 23ms
 ○ Compiling /admin/employees/new ...
 ✓ Compiled /admin/employees/new in 1512ms (1283 modules)
 GET /admin/requests 200 in 1724ms
 GET /admin/employees 200 in 1735ms
 GET /admin/areas 200 in 1699ms
 GET /admin/employees/new 200 in 1690ms
 GET /requests 200 in 1744ms
 GET /admin/requests/cmefwo8x40015ueymouce8pve 200 in 2193ms
 GET /admin/requests/cmefwo8ww000zueym32t434ob 200 in 2190ms
 GET /api/auth/session 200 in 95ms
 GET /api/employees 200 in 208ms
 GET /api/leave-requests 200 in 179ms
 ✓ Compiled /api/areas in 373ms (821 modules)
 GET /api/auth/session 200 in 715ms
 GET /api/auth/session 200 in 26ms
 GET /api/employees 200 in 783ms
 GET /api/areas 200 in 888ms
 GET /api/auth/session 200 in 30ms
 GET /api/leave-requests?requestId=cmefwo8x40015ueymouce8pve 200 in 305ms
 GET /api/leave-requests?requestId=cmefwo8ww000zueym32t434ob 200 in 390ms
 GET /api/leave-requests 200 in 688ms
 GET /api/areas 200 in 44ms
 GET /api/auth/session 200 in 42ms
 GET /api/leave-requests?requestId=cmefwo8x40015ueymouce8pve 200 in 47ms
 GET /api/leave-requests?requestId=cmefwo8ww000zueym32t434ob 200 in 55ms
 GET /api/leave-requests 200 in 63ms
 GET /api/areas 200 in 44ms
 GET /api/auth/session 200 in 58ms
 GET /api/leave-requests 200 in 59ms
 GET /api/areas 200 in 33ms
 GET /api/auth/session 200 in 28ms
 GET /api/auth/session 200 in 23ms
 GET /api/auth/session 200 in 39ms
 GET /api/auth/session 200 in 35ms
 GET /api/auth/session 200 in 25ms
 GET /api/auth/session 200 in 24ms
 GET /api/auth/session 200 in 30ms
 GET /api/auth/session 200 in 38ms
 GET /api/areas 200 in 46ms
 GET /api/auth/session 200 in 25ms
 GET /api/auth/session 200 in 23ms
 GET /api/auth/session 200 in 23ms
 GET /api/auth/session 200 in 25ms
 GET /api/auth/session 200 in 37ms
 GET /api/auth/session 200 in 22ms
 GET /api/auth/session 200 in 22ms
 GET /api/auth/session 200 in 26ms
 GET /api/auth/session 200 in 25ms
 GET /api/auth/session 200 in 40ms
 GET /api/auth/session 200 in 27ms
 GET /api/auth/session 200 in 23ms
 GET /api/auth/session 200 in 22ms
 GET /api/auth/session 200 in 22ms
 GET /api/auth/session 200 in 41ms
 GET /api/auth/session 200 in 26ms
 GET /api/areas 200 in 31ms
 ○ Compiling /admin/employees/[id]/edit ...
 ✓ Compiled /admin/employees/[id]/edit in 1069ms (1305 modules)
 GET /requests/new 200 in 1234ms
 GET /admin/employees/cmefwo8wl000sueymzz2lflmz/edit 200 in 1639ms
 GET /admin/employees/cmefwo8w7000jueyme7yq8hrc/edit 200 in 1639ms
 GET /admin/employees/cmefwo8wc000mueymvpxzo34q/edit 200 in 1637ms
 GET /admin/employees/cmefwo8vx000dueymrypajveq/edit 200 in 1637ms
 GET /admin/employees/cmefwo8wg000pueym3g3r6lv4/edit 200 in 1633ms
 GET /admin/employees/cmefwo8w2000gueymel4nwiqp/edit 200 in 1634ms
 GET /admin/employees/cmefwo8vl0007ueym50aseoa0/edit 200 in 1619ms
 GET /admin/employees/cmefwo8vs000aueymxz3qk2v8/edit 200 in 1640ms
 GET /admin/employees/cmefwo8wp000vueymtlju0dit/edit 200 in 1652ms
 ○ Compiling /api/employees/me ...
 ✓ Compiled /api/employees/me in 551ms (836 modules)
 ✓ Compiled in 0ms (836 modules)
 GET /api/auth/session 200 in 1191ms
 ✓ Compiled in 0ms (836 modules)
 ✓ Compiled in 0ms (836 modules)
 GET /api/employees/me 200 in 1908ms
 ✓ Compiled in 0ms (836 modules)
 GET /api/areas 200 in 1309ms
 GET /api/auth/session 200 in 1121ms
 ✓ Compiled /api/employees/[id] in 358ms (838 modules)
 GET /api/auth/session 200 in 649ms
 GET /api/areas 200 in 897ms
 GET /api/employees/me 200 in 1183ms
 GET /api/auth/session 200 in 28ms
 GET /api/areas 200 in 32ms
 GET /api/auth/session 200 in 26ms
 GET /api/areas 200 in 52ms
 GET /api/auth/session 200 in 43ms
 GET /api/areas 200 in 31ms
 GET /api/auth/session 200 in 36ms
 GET /api/areas 200 in 56ms
 GET /api/auth/session 200 in 69ms
 GET /api/employees/cmefwo8w2000gueymel4nwiqp 200 in 264ms
 GET /api/employees/cmefwo8wp000vueymtlju0dit 200 in 1276ms
 GET /api/employees/cmefwo8wl000sueymzz2lflmz 200 in 118ms
 GET /api/areas 200 in 32ms
 GET /api/auth/session 200 in 40ms
 GET /api/employees/cmefwo8w2000gueymel4nwiqp 200 in 71ms
 GET /api/employees/cmefwo8wp000vueymtlju0dit 200 in 65ms
 GET /api/employees/cmefwo8wg000pueym3g3r6lv4 200 in 69ms
 GET /api/areas 200 in 83ms
 GET /api/employees/cmefwo8wl000sueymzz2lflmz 200 in 85ms
 GET /api/auth/session 200 in 53ms
 GET /api/areas 200 in 31ms
 GET /api/auth/session 200 in 38ms
 GET /api/employees/cmefwo8wc000mueymvpxzo34q 200 in 37ms
 GET /api/employees/cmefwo8wg000pueym3g3r6lv4 200 in 49ms
 GET /api/areas 200 in 43ms
 GET /api/auth/session 200 in 40ms
 GET /api/areas 200 in 30ms
 GET /api/auth/session 200 in 44ms
 GET /api/employees/cmefwo8wc000mueymvpxzo34q 200 in 70ms
 GET /api/areas 200 in 63ms
 GET /api/employees/cmefwo8w7000jueyme7yq8hrc 200 in 68ms
 GET /api/auth/session 200 in 46ms
 GET /api/areas 200 in 44ms
 GET /api/employees/cmefwo8w7000jueyme7yq8hrc 200 in 41ms
 GET /api/employees/cmefwo8vl0007ueym50aseoa0 200 in 38ms
 GET /api/areas 200 in 42ms
 GET /api/auth/session 200 in 26ms
 GET /api/areas 200 in 32ms
 GET /api/employees/cmefwo8vl0007ueym50aseoa0 200 in 48ms
 GET /api/auth/session 200 in 67ms
 GET /api/areas 200 in 65ms
 GET /api/employees/cmefwo8vs000aueymxz3qk2v8 200 in 50ms
 GET /api/auth/session 200 in 27ms
 GET /api/areas 200 in 37ms
 GET /api/employees/cmefwo8vs000aueymxz3qk2v8 200 in 41ms
 GET /api/auth/session 200 in 27ms
 GET /api/areas 200 in 43ms
 GET /api/employees/cmefwo8vx000dueymrypajveq 200 in 36ms
 GET /api/auth/session 200 in 22ms
 GET /api/employees/cmefwo8vx000dueymrypajveq 200 in 31ms
 GET /api/auth/session 200 in 23ms
 GET /api/auth/session 200 in 56ms
 GET /api/auth/session 200 in 23ms
 GET /api/auth/session 200 in 22ms
 GET /api/auth/session 200 in 22ms
 GET /api/auth/session 200 in 23ms
 GET /api/auth/session 200 in 35ms
 GET /api/auth/session 200 in 23ms
 GET /api/auth/session 200 in 25ms
 GET /api/auth/session 200 in 25ms
 GET /api/auth/session 200 in 27ms
 GET /api/auth/session 200 in 41ms
 GET /api/auth/session 200 in 24ms
 GET /api/auth/session 200 in 21ms
 GET /api/auth/session 200 in 26ms
 GET /api/auth/session 200 in 25ms
 GET /api/auth/session 200 in 37ms
 GET /api/auth/session 200 in 23ms
 GET /api/auth/session 200 in 23ms
 GET /api/auth/session 200 in 27ms
 GET /api/auth/session 200 in 23ms
 GET /api/auth/session 200 in 39ms
 GET /api/auth/session 200 in 24ms
 GET /api/auth/session 200 in 27ms
 GET /api/auth/session 200 in 25ms
 GET /api/auth/session 200 in 24ms
 GET /api/auth/session 200 in 37ms
 GET /api/auth/session 200 in 23ms
 GET /api/auth/session 200 in 22ms
 GET /api/auth/session 200 in 24ms
 GET /api/auth/session 200 in 23ms
 GET /api/auth/session 200 in 40ms
 GET /api/auth/session 200 in 25ms
 GET / 200 in 50ms
 GET /api/auth/session 200 in 84ms
 GET /login?_rsc=1ebxd 200 in 39ms
 GET /api/auth/session 200 in 39ms
 GET /api/auth/session 200 in 30ms
 GET /api/auth/session 200 in 33ms
 GET /api/auth/session 200 in 30ms
 GET /api/auth/providers 200 in 35ms
 GET / 200 in 35ms
 GET / 200 in 36ms
 GET /api/auth/session 200 in 41ms
 GET /login?_rsc=1ebxd 200 in 28ms
 GET /api/auth/session 200 in 36ms
 GET / 200 in 36ms
 GET / 200 in 33ms
 GET / 200 in 33ms
 GET / 200 in 33ms
 GET / 200 in 36ms
 GET / 200 in 33ms
 GET / 200 in 35ms
 GET / 200 in 38ms
 ✓ Compiled in 239ms (567 modules)
 ✓ Compiled in 115ms (567 modules)
 ✓ Compiled / in 291ms (570 modules)
 GET / 200 in 440ms
 GET / 200 in 37ms
 ✓ Compiled /api/auth/[...nextauth] in 243ms (576 modules)
 GET /api/auth/session 200 in 477ms
 GET /api/auth/session 200 in 39ms
 GET /login?_rsc=1ebxd 200 in 28ms
