app/api/areas/[id]/route.ts(97,14): error TS2339: Property 'length' does not exist on type '{ employees: { id: string; createdAt: Date; updatedAt: Date; userId: string; dni: string; firstName: string; lastName: string; birthDate: Date; hireDate: Date; areaId: string; ... 10 more ...; totalAvailableHours: number; }[]; } & { ...; }'.
app/api/employees/[id]/route.ts(29,9): error TS2322: Type '{ user: { select: { email: true; role: true; }; }; Area: true; leave_requests: { orderBy: { createdAt: "desc"; }; take: number; }; }' is not assignable to type 'employeesInclude<DefaultArgs>'.
  Object literal may only specify known properties, but 'user' does not exist in type 'employeesInclude<DefaultArgs>'. Did you mean to write 'User'?
app/api/employees/[id]/route.ts(108,36): error TS2551: Property 'user' does not exist on type '{ User: { id: string; name: string | null; createdAt: Date; updatedAt: Date; email: string; password: string; emailVerified: Date | null; image: string | null; role: UserRole; }; } & { ...; }'. Did you mean 'User'?
app/api/employees/[id]/route.ts(143,42): error TS2551: Property 'user' does not exist on type '{ User: { id: string; name: string | null; createdAt: Date; updatedAt: Date; email: string; password: string; emailVerified: Date | null; image: string | null; role: UserRole; }; } & { ...; }'. Did you mean 'User'?
app/api/employees/[id]/route.ts(148,44): error TS2339: Property 'update' does not exist on type 'Omit<PrismaClient<PrismaClientOptions, never, DefaultArgs>, "$connect" | "$disconnect" | "$on" | "$transaction" | "$use" | "$extends">'.
app/api/employees/[id]/route.ts(202,9): error TS2322: Type '{ user: true; leave_requests: true; }' is not assignable to type 'employeesInclude<DefaultArgs>'.
  Object literal may only specify known properties, but 'user' does not exist in type 'employeesInclude<DefaultArgs>'. Did you mean to write 'User'?
app/api/employees/[id]/route.ts(219,28): error TS2339: Property 'leaveRequests' does not exist on type '{ id: string; createdAt: Date; updatedAt: Date; userId: string; dni: string; firstName: string; lastName: string; birthDate: Date; hireDate: Date; areaId: string; position: string; ... 9 more ...; totalAvailableHours: number; }'.
app/api/employees/[id]/route.ts(226,20): error TS2339: Property 'delete' does not exist on type 'Omit<PrismaClient<PrismaClientOptions, never, DefaultArgs>, "$connect" | "$disconnect" | "$on" | "$transaction" | "$use" | "$extends">'.
app/api/employees/[id]/route.ts(236,38): error TS2339: Property 'leaveRequests' does not exist on type '{ id: string; createdAt: Date; updatedAt: Date; userId: string; dni: string; firstName: string; lastName: string; birthDate: Date; hireDate: Date; areaId: string; position: string; ... 9 more ...; totalAvailableHours: number; }'.
app/api/employees/[id]/route.ts(237,71): error TS2339: Property 'leaveRequests' does not exist on type '{ id: string; createdAt: Date; updatedAt: Date; userId: string; dni: string; firstName: string; lastName: string; birthDate: Date; hireDate: Date; areaId: string; position: string; ... 9 more ...; totalAvailableHours: number; }'.
app/api/employees/me/route.ts(21,9): error TS2322: Type '{ user: { select: { email: true; role: true; }; }; Area: true; leave_requests: { orderBy: { createdAt: "desc"; }; take: number; }; }' is not assignable to type 'employeesInclude<DefaultArgs>'.
  Object literal may only specify known properties, but 'user' does not exist in type 'employeesInclude<DefaultArgs>'. Did you mean to write 'User'?
app/api/employees/route.ts(24,9): error TS2322: Type '{ user: { select: { email: true; role: true; }; }; Area: true; leave_requests: { orderBy: { createdAt: "desc"; }; take: number; }; }' is not assignable to type 'employeesInclude<DefaultArgs>'.
  Object literal may only specify known properties, but 'user' does not exist in type 'employeesInclude<DefaultArgs>'. Did you mean to write 'User'?
app/api/employees/route.ts(119,37): error TS2339: Property 'create' does not exist on type 'Omit<PrismaClient<PrismaClientOptions, never, DefaultArgs>, "$connect" | "$disconnect" | "$on" | "$transaction" | "$use" | "$extends">'.
app/api/leave-requests/[id]/approve/route.ts(80,11): error TS2322: Type '{ employee: { include: { Area: true; user: true; }; }; }' is not assignable to type 'leave_requestsInclude<DefaultArgs>'.
  Object literal may only specify known properties, but 'employee' does not exist in type 'leave_requestsInclude<DefaultArgs>'. Did you mean to write 'employees'?
app/api/leave-requests/[id]/approve/route.ts(95,50): error TS2339: Property 'vacationDays' does not exist on type '{ employees: { id: string; createdAt: Date; updatedAt: Date; userId: string; dni: string; firstName: string; lastName: string; birthDate: Date; hireDate: Date; areaId: string; ... 10 more ...; totalAvailableHours: number; }; } & { ...; }'.
app/api/leave-requests/[id]/approve/route.ts(99,51): error TS2339: Property 'personalHours' does not exist on type '{ employees: { id: string; createdAt: Date; updatedAt: Date; userId: string; dni: string; firstName: string; lastName: string; birthDate: Date; hireDate: Date; areaId: string; ... 10 more ...; totalAvailableHours: number; }; } & { ...; }'.
app/api/leave-requests/[id]/approve/route.ts(103,49): error TS2339: Property 'remoteHours' does not exist on type '{ employees: { id: string; createdAt: Date; updatedAt: Date; userId: string; dni: string; firstName: string; lastName: string; birthDate: Date; hireDate: Date; areaId: string; ... 10 more ...; totalAvailableHours: number; }; } & { ...; }'.
app/api/leave-requests/[id]/approve/route.ts(107,52): error TS2339: Property 'availableHours' does not exist on type '{ employees: { id: string; createdAt: Date; updatedAt: Date; userId: string; dni: string; firstName: string; lastName: string; birthDate: Date; hireDate: Date; areaId: string; ... 10 more ...; totalAvailableHours: number; }; } & { ...; }'.
app/api/leave-requests/[id]/approve/route.ts(112,22): error TS2339: Property 'update' does not exist on type 'Omit<PrismaClient<PrismaClientOptions, never, DefaultArgs>, "$connect" | "$disconnect" | "$on" | "$transaction" | "$use" | "$extends">'.
app/api/leave-requests/[id]/approve/route.ts(145,30): error TS2339: Property 'user' does not exist on type '{ status: RequestStatus; id: string; createdAt: Date; updatedAt: Date; employeeId: string; shift: DayShift | null; type: LeaveRequestType; ... 7 more ...; adminNotes: string | null; }'.
app/api/leave-requests/[id]/approve/route.ts(153,44): error TS2339: Property 'user' does not exist on type '{ status: RequestStatus; id: string; createdAt: Date; updatedAt: Date; employeeId: string; shift: DayShift | null; type: LeaveRequestType; ... 7 more ...; adminNotes: string | null; }'.
app/api/leave-requests/[id]/reject/route.ts(45,9): error TS2322: Type '{ employee: { include: { Area: true; user: true; }; }; }' is not assignable to type 'leave_requestsInclude<DefaultArgs>'.
  Object literal may only specify known properties, but 'employee' does not exist in type 'leave_requestsInclude<DefaultArgs>'. Did you mean to write 'employees'?
app/api/leave-requests/[id]/reject/route.ts(78,38): error TS2339: Property 'user' does not exist on type '{ status: RequestStatus; id: string; createdAt: Date; updatedAt: Date; employeeId: string; shift: DayShift | null; type: LeaveRequestType; ... 7 more ...; adminNotes: string | null; }'.
app/api/leave-requests/[id]/reject/route.ts(86,52): error TS2339: Property 'user' does not exist on type '{ status: RequestStatus; id: string; createdAt: Date; updatedAt: Date; employeeId: string; shift: DayShift | null; type: LeaveRequestType; ... 7 more ...; adminNotes: string | null; }'.
app/api/leave-requests/route.ts(51,9): error TS2322: Type '{ employee: { include: { Area: true; user: true; }; }; attachments: true; }' is not assignable to type 'leave_requestsInclude<DefaultArgs>'.
  Object literal may only specify known properties, but 'employee' does not exist in type 'leave_requestsInclude<DefaultArgs>'. Did you mean to write 'employees'?
app/api/leave-requests/route.ts(182,9): error TS2322: Type '{ employee: { include: { Area: true; user: true; }; }; }' is not assignable to type 'leave_requestsInclude<DefaultArgs>'.
  Object literal may only specify known properties, but 'employee' does not exist in type 'leave_requestsInclude<DefaultArgs>'. Did you mean to write 'employees'?
app/api/leave-requests/route.ts(224,38): error TS2339: Property 'user' does not exist on type '{ status: RequestStatus; id: string; createdAt: Date; updatedAt: Date; employeeId: string; shift: DayShift | null; type: LeaveRequestType; ... 7 more ...; adminNotes: string | null; }'.
app/api/leave-requests/route.ts(225,39): error TS2339: Property 'user' does not exist on type '{ status: RequestStatus; id: string; createdAt: Date; updatedAt: Date; employeeId: string; shift: DayShift | null; type: LeaveRequestType; ... 7 more ...; adminNotes: string | null; }'.
lib/calendar.ts(69,42): error TS2339: Property 'firstName' does not exist on type 'LeaveRequest & { employee: Employee; }'.
lib/calendar.ts(69,68): error TS2339: Property 'lastName' does not exist on type 'LeaveRequest & { employee: Employee; }'.
scripts/seed-development.ts(23,16): error TS2551: Property 'attachment' does not exist on type 'PrismaClient<PrismaClientOptions, never, DefaultArgs>'. Did you mean 'attachments'?
scripts/seed-development.ts(25,16): error TS2339: Property 'deleteMany' does not exist on type 'PrismaClient<PrismaClientOptions, never, DefaultArgs>'.
scripts/seed-development.ts(81,38): error TS2339: Property 'create' does not exist on type 'PrismaClient<PrismaClientOptions, never, DefaultArgs>'.
scripts/seed-development.ts(140,35): error TS2339: Property 'create' does not exist on type 'PrismaClient<PrismaClientOptions, never, DefaultArgs>'.
scripts/seed-production.ts(72,40): error TS2339: Property 'create' does not exist on type 'PrismaClient<PrismaClientOptions, never, DefaultArgs>'.
scripts/seed.ts(11,16): error TS2551: Property 'attachment' does not exist on type 'PrismaClient<PrismaClientOptions, never, DefaultArgs>'. Did you mean 'attachments'?
scripts/seed.ts(13,16): error TS2339: Property 'deleteMany' does not exist on type 'PrismaClient<PrismaClientOptions, never, DefaultArgs>'.
scripts/seed.ts(69,38): error TS2339: Property 'create' does not exist on type 'PrismaClient<PrismaClientOptions, never, DefaultArgs>'.
scripts/seed.ts(194,35): error TS2339: Property 'create' does not exist on type 'PrismaClient<PrismaClientOptions, never, DefaultArgs>'.
scripts/test-login.ts(45,38): error TS2339: Property 'firstName' does not exist on type '{ employees: { id: string; createdAt: Date; updatedAt: Date; userId: string; dni: string; firstName: string; lastName: string; birthDate: Date; hireDate: Date; areaId: string; ... 10 more ...; totalAvailableHours: number; } | null; } & { ...; }'.
scripts/test-login.ts(45,54): error TS2339: Property 'lastName' does not exist on type '{ employees: { id: string; createdAt: Date; updatedAt: Date; userId: string; dni: string; firstName: string; lastName: string; birthDate: Date; hireDate: Date; areaId: string; ... 10 more ...; totalAvailableHours: number; } | null; } & { ...; }'.
scripts/test-login.ts(46,35): error TS2339: Property 'dni' does not exist on type '{ employees: { id: string; createdAt: Date; updatedAt: Date; userId: string; dni: string; firstName: string; lastName: string; birthDate: Date; hireDate: Date; areaId: string; ... 10 more ...; totalAvailableHours: number; } | null; } & { ...; }'.
scripts/test-login.ts(47,36): error TS2339: Property 'areaId' does not exist on type '{ employees: { id: string; createdAt: Date; updatedAt: Date; userId: string; dni: string; firstName: string; lastName: string; birthDate: Date; hireDate: Date; areaId: string; ... 10 more ...; totalAvailableHours: number; } | null; } & { ...; }'.
scripts/test-login.ts(48,40): error TS2339: Property 'position' does not exist on type '{ employees: { id: string; createdAt: Date; updatedAt: Date; userId: string; dni: string; firstName: string; lastName: string; birthDate: Date; hireDate: Date; areaId: string; ... 10 more ...; totalAvailableHours: number; } | null; } & { ...; }'.
scripts/verify-admin.ts(16,7): error TS2322: Type '{ employee: true; }' is not assignable to type 'UserInclude<DefaultArgs>'.
  Object literal may only specify known properties, but 'employee' does not exist in type 'UserInclude<DefaultArgs>'. Did you mean to write 'employees'?
scripts/verify-admin.ts(32,17): error TS2339: Property 'employee' does not exist on type '{ id: string; name: string | null; createdAt: Date; updatedAt: Date; email: string; password: string; emailVerified: Date | null; image: string | null; role: UserRole; }'.
scripts/verify-admin.ts(33,52): error TS2339: Property 'firstName' does not exist on type '{ id: string; name: string | null; createdAt: Date; updatedAt: Date; email: string; password: string; emailVerified: Date | null; image: string | null; role: UserRole; }'.
scripts/verify-admin.ts(33,73): error TS2339: Property 'lastName' does not exist on type '{ id: string; name: string | null; createdAt: Date; updatedAt: Date; email: string; password: string; emailVerified: Date | null; image: string | null; role: UserRole; }'.
exit_code=2
