  ▲ Next.js 14.2.28
  - Local:        http://localhost:3000
  - Environments: .env
  - Experiments (use with caution):
    · outputFileTracingRoot

 ✓ Starting...
 ✓ Ready in 1347ms
 ○ Compiling / ...
 ✓ Compiled / in 1700ms (784 modules)
 GET / 200 in 2166ms
 ✓ Compiled in 437ms (280 modules)
 GET / 200 in 48ms
 ○ Compiling /api/auth/[...nextauth] ...
 ✓ Compiled /api/auth/[...nextauth] in 629ms (895 modules)
 GET /api/auth/session 200 in 1018ms
 GET /login?_rsc=1ebxd 200 in 32ms
 GET /api/auth/session 200 in 37ms
 GET / 200 in 74ms
 GET / 200 in 44ms
 GET /api/auth/session 200 in 37ms
 GET /api/auth/session 200 in 35ms
 GET /login?_rsc=1ebxd 200 in 47ms
 GET /api/auth/providers 200 in 36ms
 GET /api/auth/csrf 200 in 30ms
🔐 Attempting login for: john@doe.com
👤 User found: YES
🔑 Password valid: true
✅ Authentication successful for: john@doe.com
 POST /api/auth/callback/credentials 200 in 404ms
 GET /api/auth/session 200 in 37ms
 ○ Compiling /dashboard ...
 ✓ Compiled /dashboard in 797ms (992 modules)
 GET / 200 in 686ms
 GET /dashboard?_rsc=3y0gy 200 in 31ms
 ✓ Compiled /api/employees in 478ms (699 modules)
 ✓ Compiled (701 modules)
 GET /api/employees 200 in 864ms
 GET /api/leave-requests 200 in 882ms
 GET /api/employees 200 in 31ms
 GET /api/leave-requests 200 in 33ms
 ○ Compiling /admin/employees ...
 ✓ Compiled /admin/employees in 738ms (1179 modules)
 GET /admin/employees?_rsc=czupt 200 in 31ms
 GET /api/employees 200 in 131ms
 GET /api/employees 200 in 28ms
 GET / 200 in 87ms
 GET / 200 in 81ms
 GET / 200 in 31ms
 GET /api/auth/session 200 in 113ms
 GET /dashboard?_rsc=3y0gy 200 in 30ms
 GET /api/auth/session 200 in 45ms
 GET /api/employees 200 in 32ms
 GET /api/leave-requests 200 in 128ms
 GET /api/employees 200 in 30ms
 GET /api/leave-requests 200 in 31ms
 GET /admin/employees?_rsc=czupt 200 in 29ms
 GET /api/employees 200 in 28ms
 GET /api/employees 200 in 28ms
 ○ Compiling /admin/employees/new ...
 ✓ Compiled /admin/employees/new in 837ms (1208 modules)
 GET /admin/employees/new?_rsc=661gr 200 in 51ms
 ✓ Compiled /api/areas in 208ms (766 modules)
 GET /api/areas 200 in 342ms
 GET /api/areas 200 in 30ms
 GET / 200 in 71ms
 GET / 200 in 34ms
 POST /api/employees 201 in 1462ms
 GET /admin/employees?_rsc=cvg4n 200 in 38ms
 GET /api/employees 200 in 35ms
 GET /api/employees 200 in 32ms
 GET / 200 in 34ms
 ○ Compiling /admin/employees/[id]/edit ...
 ✓ Compiled /admin/employees/[id]/edit in 543ms (1143 modules)
 GET /admin/employees/ad6f8535-0ce7-4bd6-a511-88e466477af7/edit?_rsc=rcony 200 in 63ms
 ✓ Compiled /api/areas in 143ms (698 modules)
 GET /api/areas 200 in 272ms
 ✓ Compiled /api/employees/[id] in 170ms (700 modules)
 GET /api/areas 200 in 448ms
 GET /api/employees/ad6f8535-0ce7-4bd6-a511-88e466477af7 200 in 750ms
 GET /api/employees/ad6f8535-0ce7-4bd6-a511-88e466477af7 200 in 39ms
 GET /api/employees 200 in 86ms
 GET /api/employees 200 in 30ms
 GET /api/areas 200 in 31ms
 GET /api/areas 200 in 32ms
 GET /api/employees/ad6f8535-0ce7-4bd6-a511-88e466477af7 200 in 47ms
 GET /api/employees/ad6f8535-0ce7-4bd6-a511-88e466477af7 200 in 42ms
 GET /api/employees 200 in 35ms
 GET /api/employees 200 in 27ms
 GET /api/areas 200 in 26ms
 GET /api/areas 200 in 30ms
 GET /api/employees/ad6f8535-0ce7-4bd6-a511-88e466477af7 200 in 42ms
 GET /api/employees/ad6f8535-0ce7-4bd6-a511-88e466477af7 200 in 38ms
 GET /api/employees 200 in 25ms
 GET /api/employees 200 in 28ms
 GET /admin/employees/cmeg3hlib000du5x9r4bdj99r/edit?_rsc=dadip 200 in 31ms
 GET /api/areas 200 in 29ms
 GET /api/areas 200 in 30ms
 GET / 200 in 69ms
 GET /api/employees/cmeg3hlib000du5x9r4bdj99r 200 in 47ms
 GET /api/employees/cmeg3hlib000du5x9r4bdj99r 200 in 28ms
 GET /admin/employees?_rsc=cvg4n 200 in 33ms
 GET /api/employees 200 in 32ms
 GET /api/employees 200 in 36ms
 GET /admin/employees/ad6f8535-0ce7-4bd6-a511-88e466477af7/edit?_rsc=bieoq 200 in 41ms
 GET /api/areas 200 in 27ms
 GET /api/areas 200 in 33ms
 GET /api/employees/ad6f8535-0ce7-4bd6-a511-88e466477af7 200 in 48ms
 GET /api/employees/ad6f8535-0ce7-4bd6-a511-88e466477af7 200 in 41ms
 GET /api/employees 200 in 31ms
 GET /api/employees 200 in 27ms
 GET /api/areas 200 in 27ms
 GET /api/areas 200 in 32ms
 GET /api/employees/ad6f8535-0ce7-4bd6-a511-88e466477af7 200 in 46ms
 GET /api/employees/ad6f8535-0ce7-4bd6-a511-88e466477af7 200 in 41ms
 GET /api/employees 200 in 26ms
 GET /api/employees 200 in 27ms
 GET / 200 in 41ms
 GET / 200 in 35ms
 GET / 200 in 36ms
 GET /admin/employees/cmeg3hlib000du5x9r4bdj99r/edit?_rsc=w5j2c 200 in 41ms
 GET /api/areas 200 in 26ms
 GET /api/areas 200 in 30ms
 GET /api/employees/cmeg3hlib000du5x9r4bdj99r 200 in 43ms
 GET /api/employees/cmeg3hlib000du5x9r4bdj99r 200 in 39ms
 GET /admin/employees?_rsc=cvg4n 200 in 39ms
 GET /api/employees 200 in 26ms
 GET /api/employees 200 in 32ms
 ✓ Compiled /admin/employees/new in 355ms (708 modules)
 GET /admin/employees/new?_rsc=1y3zn 200 in 440ms
 GET /api/areas 200 in 116ms
 GET /api/areas 200 in 31ms
 GET / 200 in 65ms
 POST /api/employees 400 in 112ms
 GET / 200 in 34ms
 POST /api/employees 201 in 312ms
 GET /admin/employees?_rsc=cvg4n 200 in 30ms
 GET /api/employees 200 in 32ms
 GET /api/employees 200 in 31ms
 GET /admin/employees/93968a9e-f3b1-4645-bf96-527588fa7086/edit?_rsc=1tedk 200 in 28ms
 GET /api/areas 200 in 27ms
 GET /api/areas 200 in 36ms
 GET /api/employees/93968a9e-f3b1-4645-bf96-527588fa7086 200 in 115ms
 GET /api/employees/93968a9e-f3b1-4645-bf96-527588fa7086 200 in 47ms
 GET /api/employees 200 in 50ms
 GET /api/employees 200 in 27ms
 ✓ Compiled in 549ms (459 modules)
 ✓ Compiled in 245ms (459 modules)
[?25h
