  ▲ Next.js 14.2.28
  - Local:        http://localhost:3000
  - Environments: .env
  - Experiments (use with caution):
    · outputFileTracingRoot

 ✓ Starting...
 ✓ Ready in 1560ms
 ○ Compiling / ...
 ✓ Compiled / in 2.6s (784 modules)
 GET / 200 in 3073ms
 ✓ Compiled in 454ms (280 modules)
 GET / 200 in 48ms
 ○ Compiling /api/auth/[...nextauth] ...
 ✓ Compiled /api/auth/[...nextauth] in 915ms (926 modules)
 GET /api/auth/session 200 in 1396ms
 GET /dashboard?_rsc=3y0gy 200 in 29ms
 GET /api/auth/session 200 in 37ms
 ✓ Compiled /api/employees in 198ms (613 modules)
 ✓ Compiled (615 modules)
 GET /api/leave-requests 200 in 529ms
 GET /api/employees 200 in 541ms
 GET /api/leave-requests 200 in 30ms
 GET /api/employees 200 in 33ms
 ✓ Compiled in 143ms (615 modules)
 GET / 200 in 82ms
 GET / 200 in 35ms
 GET / 200 in 34ms
 GET / 200 in 37ms
 GET /api/auth/session 200 in 48ms
 GET /dashboard?_rsc=3y0gy 200 in 62ms
 GET /api/auth/session 200 in 53ms
 GET /api/leave-requests 200 in 136ms
 GET /api/employees 200 in 137ms
 GET /api/leave-requests 200 in 28ms
 GET /api/employees 200 in 30ms
 ○ Compiling /admin/employees ...
 ✓ Compiled /admin/employees in 594ms (971 modules)
 GET /admin/employees?_rsc=czupt 200 in 30ms
 GET /api/employees 200 in 105ms
 GET /api/employees 200 in 32ms
 ○ Compiling /admin/areas ...
 ✓ Compiled /admin/areas in 611ms (1107 modules)
 ✓ Compiled /api/areas in 181ms (696 modules)
 GET /api/areas 200 in 318ms
 GET /api/areas 200 in 36ms
 GET / 200 in 68ms
 GET /dashboard?_rsc=1gtj6 200 in 38ms
 GET /api/leave-requests 200 in 136ms
 GET /api/employees 200 in 145ms
 GET /api/leave-requests 200 in 33ms
 GET /api/employees 200 in 29ms
 ✓ Compiled /admin/requests in 419ms (1118 modules)
 GET /admin/requests?_rsc=1dsje 200 in 28ms
 GET /api/leave-requests 200 in 112ms
 GET /api/leave-requests 200 in 24ms
 GET / 200 in 49ms
 ✓ Compiled /requests in 353ms (1125 modules)
 GET /requests?_rsc=133ax 200 in 42ms
 GET /api/leave-requests 200 in 112ms
 GET /api/leave-requests 200 in 28ms
 ○ Compiling /requests/new ...
 ✓ Compiled /requests/new in 696ms (1176 modules)
 GET /requests/new?_rsc=1ka4g 200 in 33ms
 ✓ Compiled /api/employees/me in 233ms (734 modules)
 GET /api/employees/me 200 in 376ms
 GET /api/employees/me 200 in 30ms
 GET / 200 in 53ms
 GET / 200 in 32ms
 GET / 200 in 34ms
 GET / 200 in 35ms
 GET / 200 in 34ms
 GET / 200 in 38ms
 GET / 200 in 43ms
 GET / 200 in 37ms
[?25h
