  ▲ Next.js 14.2.28
  - Local:        http://localhost:3000
  - Environments: .env
  - Experiments (use with caution):
    · outputFileTracingRoot

 ✓ Starting...
 ✓ Ready in 1453ms
 ○ Compiling / ...
 ✓ Compiled / in 2.4s (784 modules)
 GET / 200 in 2761ms
 ✓ Compiled in 408ms (280 modules)
 GET / 200 in 51ms
 ✓ Compiled /dashboard in 186ms (510 modules)
 ✓ Compiled in 494ms (339 modules)
 GET /dashboard?_rsc=3y0gy 200 in 29ms
 GET /api/auth/session 200 in 1191ms
 GET /api/auth/session 200 in 33ms
 ✓ Compiled /api/leave-requests in 199ms (613 modules)
 ✓ Compiled (615 modules)
 GET /api/employees 200 in 553ms
 GET /api/leave-requests 200 in 555ms
 GET /api/leave-requests 200 in 32ms
 GET /api/employees 200 in 40ms
 ✓ Compiled in 432ms (966 modules)
[?25h
