  ▲ Next.js 14.2.28
  - Local:        http://localhost:3000
  - Environments: .env
  - Experiments (use with caution):
    · outputFileTracingRoot

 ✓ Starting...
 ✓ Ready in 1432ms
 ○ Compiling / ...
 ✓ Compiled / in 2.4s (784 modules)
 GET / 200 in 2648ms
 GET / 200 in 2234ms
 ✓ Compiled in 448ms (280 modules)
 GET / 200 in 57ms
 ✓ Compiled /api/auth/[...nextauth] in 201ms (510 modules)
 GET /api/auth/session 200 in 599ms
 ○ Compiling /dashboard ...
 ✓ Compiled /dashboard in 860ms (926 modules)
 GET /api/auth/session 200 in 758ms
 GET /dashboard?_rsc=3y0gy 200 in 32ms
 ✓ Compiled /api/employees in 196ms (613 modules)
 ✓ Compiled (615 modules)
 GET /api/leave-requests 200 in 728ms
 GET /api/employees 200 in 732ms
 GET /api/leave-requests 200 in 29ms
 GET /api/employees 200 in 29ms
 GET /api/auth/providers 200 in 48ms
 GET / 200 in 82ms
 GET / 200 in 31ms
 GET / 200 in 29ms
 ○ Compiling /login ...
 ✓ Compiled /login in 687ms (1016 modules)
 GET /api/auth/session 200 in 804ms
 GET / 200 in 789ms
 GET /api/auth/session 200 in 20ms
 GET /login?_rsc=1ebxd 200 in 24ms
 GET /api/auth/session 200 in 35ms
 GET /api/auth/session 200 in 33ms
 GET /dashboard?_rsc=3y0gy 200 in 41ms
 GET /api/employees 200 in 139ms
 GET /api/leave-requests 200 in 154ms
 GET /api/employees 200 in 29ms
 GET /api/leave-requests 200 in 31ms
 GET /api/auth/csrf 200 in 31ms
 ✓ Compiled /api/signup in 152ms (655 modules)
 POST /api/signup 201 in 560ms
 GET / 200 in 40ms
 GET /api/auth/csrf 200 in 45ms
 POST /api/auth/callback/credentials 302 in 384ms
 GET /dashboard 200 in 37ms
 GET / 200 in 29ms
 GET /dashboard 200 in 33ms
 GET /api/auth/session 200 in 44ms
 GET /dashboard?_rsc=3y0gy 200 in 43ms
 GET /api/auth/session 200 in 21ms
 GET /api/leave-requests 200 in 142ms
 GET /api/employees 200 in 168ms
 GET /api/auth/session 200 in 26ms
 GET /api/leave-requests 200 in 33ms
 GET /api/employees 200 in 43ms
 GET /api/auth/session 200 in 36ms
 GET /api/leave-requests 200 in 22ms
 GET /api/auth/session 200 in 24ms
 GET /api/employees 200 in 28ms
 GET /api/leave-requests 200 in 25ms
 GET /api/employees 200 in 23ms
 ○ Compiling /admin/requests ...
 ✓ Compiled /admin/requests in 1227ms (1182 modules)
 GET /admin/employees 200 in 1434ms
 GET /admin/requests 200 in 1419ms
 GET /admin/areas 200 in 1435ms
 GET /admin/employees/new 200 in 1434ms
 GET /requests 200 in 1444ms
 GET /admin/requests/cmeevtizy000zm2veoi5vn3pq 200 in 1829ms
 GET /admin/requests/cmeevtj030015m2ve1h1137pv 200 in 1817ms
 GET /api/auth/session 200 in 74ms
 GET /api/leave-requests 200 in 142ms
 GET /api/auth/session 200 in 68ms
 GET /api/leave-requests 200 in 33ms
 GET /api/employees 200 in 147ms
 GET /api/auth/session 200 in 25ms
 GET /api/leave-requests 200 in 37ms
 GET /api/employees 200 in 48ms
 GET /api/auth/session 200 in 35ms
 GET /api/leave-requests 200 in 35ms
 ✓ Compiled /api/areas in 265ms (747 modules)
 GET /api/auth/session 200 in 557ms
 GET /api/auth/session 200 in 31ms
 GET /api/areas 200 in 666ms
 GET /api/leave-requests?requestId=cmeevtizy000zm2veoi5vn3pq 200 in 650ms
 GET /api/leave-requests?requestId=cmeevtj030015m2ve1h1137pv 200 in 628ms
 GET /api/auth/session 200 in 58ms
 GET /api/areas 200 in 68ms
 GET /api/leave-requests?requestId=cmeevtj030015m2ve1h1137pv 200 in 71ms
 GET /api/leave-requests?requestId=cmeevtizy000zm2veoi5vn3pq 200 in 56ms
 GET /api/auth/session 200 in 31ms
 GET /api/auth/session 200 in 42ms
 GET /api/auth/session 200 in 38ms
 GET /api/auth/session 200 in 26ms
 GET /api/auth/session 200 in 25ms
 GET /api/auth/session 200 in 25ms
 GET /api/auth/session 200 in 41ms
 GET /api/areas 200 in 49ms
 GET /api/auth/session 200 in 27ms
 GET /api/auth/session 200 in 30ms
 GET /api/auth/session 200 in 314ms
 GET /api/auth/session 200 in 23ms
 ○ Compiling /requests/new ...
 ✓ Compiled /requests/new in 1061ms (1227 modules)
 GET /requests/new 200 in 1151ms
 ✓ Compiled /api/employees/me in 251ms (772 modules)
 GET /api/auth/session 200 in 545ms
 GET /api/auth/session 200 in 22ms
 GET /api/employees/me 200 in 626ms
 GET /api/employees/me 200 in 24ms
 GET / 200 in 43ms
[?25h
