  ▲ Next.js 14.2.28
  - Local:        http://localhost:3000
  - Environments: .env
  - Experiments (use with caution):
    · outputFileTracingRoot

 ✓ Starting...
 ✓ Ready in 1919ms
 ○ Compiling / ...
 ✓ Compiled / in 3.1s (791 modules)
 GET / 200 in 3535ms
 ✓ Compiled in 500ms (280 modules)
 ✓ Compiled /api/auth/[...nextauth] in 238ms (510 modules)
 GET /api/auth/providers 200 in 669ms
 GET / 200 in 70ms
 ○ Compiling /login ...
 ✓ Compiled /login in 1059ms (895 modules)
 GET /api/auth/session 200 in 1175ms
 GET /api/auth/session 200 in 25ms
 GET /login?_rsc=1ebxd 200 in 31ms
 GET /api/auth/csrf 200 in 34ms
 ✓ Compiled /api/signup in 226ms (602 modules)
 POST /api/signup 201 in 718ms
 GET / 200 in 82ms
 GET /api/auth/csrf 200 in 44ms
 POST /api/auth/callback/credentials 302 in 422ms
 ○ Compiling /dashboard ...
 ✓ Compiled /dashboard in 699ms (1014 modules)
 GET /dashboard 200 in 839ms
 GET /dashboard 200 in 58ms
 GET / 200 in 54ms
 ✓ Compiled /api/employees in 317ms (698 modules)
 ✓ Compiled (700 modules)
 GET /api/auth/session 200 in 588ms
 GET /api/auth/session 200 in 28ms
 GET /dashboard?_rsc=3y0gy 200 in 35ms
 GET /api/employees 200 in 708ms
 GET /api/leave-requests 200 in 727ms
 GET /api/auth/session 200 in 33ms
 GET /api/employees 200 in 54ms
 GET /api/leave-requests 200 in 54ms
 GET /api/auth/session 200 in 61ms
 GET /api/employees 200 in 47ms
 GET /api/leave-requests 200 in 55ms
 GET /api/auth/session 200 in 75ms
 GET /api/employees 200 in 91ms
 GET /api/leave-requests 200 in 81ms
 GET /api/auth/session 200 in 43ms
 ○ Compiling /admin/requests/[id] ...
 ✓ Compiled /admin/requests/[id] in 1855ms (1276 modules)
 GET /admin/employees 200 in 2120ms
 GET /admin/employees/new 200 in 2123ms
 GET /admin/areas 200 in 2125ms
 GET /admin/requests 200 in 2125ms
 GET /requests 200 in 2131ms
 GET /admin/requests/cmef49zs3000zwqpxi5qi4jau 200 in 2490ms
 GET /admin/requests/cmef49zsb0015wqpxkq96cqe1 200 in 2477ms
 GET /api/auth/session 200 in 132ms
 GET /api/leave-requests 200 in 280ms
 GET /api/employees 200 in 312ms
 ○ Compiling /api/areas ...
 ✓ Compiled /api/areas in 568ms (817 modules)
 GET /api/auth/session 200 in 925ms
 GET /api/auth/session 200 in 27ms
 GET /api/auth/session 200 in 32ms
 GET /api/employees 200 in 857ms
 GET /api/leave-requests 200 in 992ms
 GET /api/areas 200 in 1178ms
 GET /api/leave-requests?requestId=cmef49zs3000zwqpxi5qi4jau 200 in 767ms
 GET /api/leave-requests?requestId=cmef49zsb0015wqpxkq96cqe1 200 in 911ms
 GET /api/auth/session 200 in 44ms
 GET /api/areas 200 in 39ms
 GET /api/leave-requests 200 in 59ms
 GET /api/leave-requests?requestId=cmef49zs3000zwqpxi5qi4jau 200 in 62ms
 GET /api/leave-requests?requestId=cmef49zsb0015wqpxkq96cqe1 200 in 56ms
 GET /api/auth/session 200 in 41ms
 GET /api/areas 200 in 40ms
 GET /api/leave-requests 200 in 68ms
 GET /api/auth/session 200 in 51ms
 GET /api/areas 200 in 45ms
 GET /api/auth/session 200 in 24ms
 GET /api/auth/session 200 in 23ms
 GET /api/auth/session 200 in 31ms
 GET /api/auth/session 200 in 23ms
 GET /api/auth/session 200 in 25ms
 GET /api/auth/session 200 in 56ms
 GET /api/auth/session 200 in 25ms
 GET /api/auth/session 200 in 27ms
 GET /api/auth/session 200 in 28ms
 GET /api/auth/session 200 in 24ms
 GET /api/auth/session 200 in 24ms
 GET /api/auth/session 200 in 44ms
 GET /api/auth/session 200 in 26ms
 GET /api/auth/session 200 in 25ms
 ○ Compiling /admin/employees/[id]/edit ...
 ✓ Compiled /admin/employees/[id]/edit in 535ms (1287 modules)
 GET /admin/employees/cmef49zr8000gwqpxzhx359c9/edit 200 in 1101ms
 GET /admin/employees/cmef49zrm000pwqpxq0qgwfbd/edit 200 in 1077ms
 GET /admin/employees/cmef49zqy000awqpxv8737i5u/edit 200 in 1071ms
 GET /admin/employees/cmef49zr3000dwqpx40afm59k/edit 200 in 1102ms
 GET /admin/employees/cmef49zrd000jwqpx8v5270uc/edit 200 in 1071ms
 GET /admin/employees/cmef49zri000mwqpx92pk0oo0/edit 200 in 1069ms
 GET /admin/employees/cmef49zqr0007wqpxzocduw6j/edit 200 in 1069ms
 GET /admin/employees/cmef49zrw000vwqpx5zq4hvxs/edit 200 in 1116ms
 GET /admin/employees/cmef49zrr000swqpxwcq8v3k3/edit 200 in 1063ms
 GET /api/auth/session 200 in 122ms
 GET /api/areas 200 in 204ms
 GET /api/auth/session 200 in 57ms
 GET /api/areas 200 in 104ms
 ✓ Compiled /api/employees/[id] in 468ms (825 modules)
 GET /api/auth/session 200 in 870ms
 GET /api/areas 200 in 819ms
 GET /api/auth/session 200 in 33ms
 GET /api/areas 200 in 56ms
 GET /api/auth/session 200 in 53ms
 GET /api/areas 200 in 43ms
 GET /api/auth/session 200 in 42ms
 GET /api/auth/session 200 in 55ms
 GET /api/areas 200 in 67ms
 GET /api/auth/session 200 in 85ms
 GET /api/employees/cmef49zrm000pwqpxq0qgwfbd 200 in 115ms
 GET /api/employees/cmef49zr3000dwqpx40afm59k 200 in 1414ms
 GET /api/employees/cmef49zr8000gwqpxzhx359c9 200 in 406ms
 GET /api/areas 200 in 45ms
 GET /api/auth/session 200 in 55ms
 GET /api/employees/cmef49zr3000dwqpx40afm59k 200 in 96ms
 GET /api/employees/cmef49zrm000pwqpxq0qgwfbd 200 in 89ms
 GET /api/employees/cmef49zr8000gwqpxzhx359c9 200 in 90ms
 GET /api/areas 200 in 119ms
 GET /api/employees/cmef49zrd000jwqpx8v5270uc 200 in 108ms
 GET /api/auth/session 200 in 65ms
 GET /api/areas 200 in 32ms
 GET /api/auth/session 200 in 29ms
 GET /api/employees/cmef49zrw000vwqpx5zq4hvxs 200 in 58ms
 GET /api/areas 200 in 66ms
 GET /api/employees/cmef49zrd000jwqpx8v5270uc 200 in 67ms
 GET /api/areas 200 in 77ms
 GET /api/auth/session 200 in 83ms
 GET /api/employees/cmef49zrw000vwqpx5zq4hvxs 200 in 95ms
 GET /api/areas 200 in 88ms
 GET /api/auth/session 200 in 99ms
 GET /api/employees/cmef49zrr000swqpxwcq8v3k3 200 in 120ms
 GET /api/areas 200 in 61ms
 GET /api/auth/session 200 in 53ms
 GET /api/employees/cmef49zrr000swqpxwcq8v3k3 200 in 55ms
 GET /api/areas 200 in 55ms
 GET /api/employees/cmef49zqy000awqpxv8737i5u 200 in 65ms
 GET /api/auth/session 200 in 53ms
 GET /api/areas 200 in 51ms
 GET /api/auth/session 200 in 77ms
 GET /api/employees/cmef49zqy000awqpxv8737i5u 200 in 106ms
 GET /api/areas 200 in 112ms
 GET /api/employees/cmef49zqr0007wqpxzocduw6j 200 in 118ms
 GET /api/auth/session 200 in 74ms
 GET /api/areas 200 in 53ms
 GET /api/auth/session 200 in 49ms
 GET /api/employees/cmef49zqr0007wqpxzocduw6j 200 in 60ms
 GET /api/areas 200 in 80ms
 GET /api/auth/session 200 in 71ms
 GET /api/employees/cmef49zri000mwqpx92pk0oo0 200 in 90ms
 GET /api/auth/session 200 in 46ms
 GET /api/employees/cmef49zri000mwqpx92pk0oo0 200 in 52ms
 GET /api/auth/session 200 in 104ms
 GET /api/auth/session 200 in 110ms
 GET /api/auth/session 200 in 73ms
 GET /api/auth/session 200 in 31ms
 GET /api/auth/session 200 in 31ms
 GET /api/auth/session 200 in 47ms
[?25h
