  ▲ Next.js 14.2.28
  - Local:        http://localhost:3000
  - Environments: .env.local, .env
  - Experiments (use with caution):
    · outputFileTracingRoot

 ✓ Starting...
 ✓ Ready in 1344ms
 ○ Compiling / ...
 ✓ Compiled / in 2.8s (791 modules)
 GET / 200 in 3174ms
 ✓ Compiled in 443ms (280 modules)
 ✓ Compiled /api/auth/[...nextauth] in 231ms (510 modules)
 GET /api/auth/providers 200 in 663ms
 GET / 200 in 67ms
 ○ Compiling /login ...
 ✓ Compiled /login in 915ms (895 modules)
 GET /api/auth/session 200 in 1024ms
 GET /login?_rsc=1ebxd 200 in 36ms
 GET /api/auth/session 200 in 36ms
 GET /api/auth/csrf 200 in 36ms
 ✓ Compiled /api/signup in 231ms (602 modules)
 POST /api/signup 500 in 343ms
 GET /api/auth/csrf 200 in 51ms
 POST /api/auth/callback/credentials 302 in 38ms
   Reload env: .env.local
 ✓ Compiled in 279ms (921 modules)
[?25h
