  ▲ Next.js 14.2.28
  - Local:        http://localhost:3000
  - Environments: .env
  - Experiments (use with caution):
    · outputFileTracingRoot

 ✓ Starting...
 ✓ Ready in 1686ms
 ○ Compiling / ...
 ✓ Compiled / in 1879ms (784 modules)
 GET / 200 in 2367ms
 ✓ Compiled in 460ms (280 modules)
 GET / 200 in 48ms
 ○ Compiling /api/auth/[...nextauth] ...
 ✓ Compiled /api/auth/[...nextauth] in 1092ms (926 modules)
 GET /api/auth/session 200 in 1526ms
 GET /api/auth/session 200 in 40ms
 GET /dashboard?_rsc=3y0gy 200 in 30ms
 ✓ Compiled /api/leave-requests in 368ms (658 modules)
 GET /api/leave-requests 200 in 578ms
 ✓ Compiled /api/employees in 146ms (660 modules)
 GET /api/employees 200 in 293ms
 GET /api/leave-requests 200 in 122ms
 GET /api/employees 200 in 27ms
 GET / 200 in 71ms
 GET / 200 in 35ms
 GET /api/auth/session 200 in 54ms
 GET /api/auth/session 200 in 25ms
 GET /dashboard?_rsc=3y0gy 200 in 33ms
 GET /api/leave-requests 200 in 36ms
 GET /api/employees 200 in 38ms
 GET /api/leave-requests 200 in 29ms
 GET /api/employees 200 in 32ms
 GET / 200 in 37ms
 ○ Compiling /admin/employees ...
 ✓ Compiled /admin/employees in 1001ms (1130 modules)
 GET /admin/employees?_rsc=czupt 200 in 47ms
 GET /api/employees 200 in 114ms
 GET /api/employees 200 in 31ms
 GET / 200 in 68ms
 ○ Compiling /requests ...
 ✓ Compiled /requests in 507ms (1076 modules)
 GET /requests?_rsc=133ax 200 in 37ms
 ✓ Compiled /api/leave-requests in 126ms (716 modules)
 GET /api/leave-requests 200 in 278ms
 GET /api/leave-requests 200 in 27ms
 ✓ Compiled /dashboard in 245ms (730 modules)
 GET /dashboard?_rsc=1gtj6 200 in 308ms
 GET /api/employees 200 in 167ms
 GET /api/leave-requests 200 in 170ms
 GET /api/employees 200 in 29ms
 GET /api/leave-requests 200 in 35ms
 GET / 200 in 51ms
 GET /admin/employees?_rsc=cvg4n 200 in 32ms
 GET /api/employees 200 in 29ms
 GET /api/employees 200 in 27ms
 GET / 200 in 32ms
 ✓ Compiled /api/employees/[id] in 207ms (732 modules)
 DELETE /api/employees/cmef49zrr000swqpxwcq8v3k3 200 in 746ms
 GET / 200 in 55ms
 GET / 200 in 40ms
 ✓ Compiled /api/auth/[...nextauth] in 216ms (536 modules)
 GET /api/auth/csrf 200 in 362ms
 POST /api/auth/signout 200 in 32ms
 GET / 200 in 82ms
 ○ Compiling /login ...
 ✓ Compiled /login in 850ms (998 modules)
 GET /api/auth/session 200 in 961ms
 GET /api/auth/session 200 in 24ms
 GET /login?_rsc=1ebxd 200 in 36ms
 GET /api/auth/providers 200 in 62ms
 GET /api/auth/csrf 200 in 26ms
 POST /api/auth/callback/credentials 200 in 500ms
 GET / 200 in 70ms
 GET /api/auth/session 200 in 38ms
 ✓ Compiled /dashboard in 230ms (625 modules)
 GET /dashboard?_rsc=3y0gy 200 in 34ms
 ✓ Compiled /api/employees/me in 216ms (696 modules)
 ✓ Compiled (698 modules)
 GET /api/employees/me 200 in 718ms
 GET /api/leave-requests 200 in 734ms
 GET /api/employees/me 200 in 41ms
 GET /api/leave-requests 200 in 57ms
 ○ Compiling /requests/new ...
 ✓ Compiled /requests/new in 1691ms (1209 modules)
 GET /requests/new?_rsc=1eiff 200 in 41ms
 GET /api/employees/me 200 in 221ms
 GET /api/employees/me 200 in 44ms
 GET / 200 in 78ms
 POST /api/leave-requests 201 in 146ms
 ✓ Compiled /requests in 473ms (773 modules)
 GET /requests?_rsc=18jz7 200 in 38ms
 GET /api/leave-requests 200 in 167ms
 GET /api/leave-requests 200 in 39ms
 GET /api/auth/csrf 200 in 50ms
 POST /api/auth/signout 200 in 42ms
 GET / 200 in 55ms
 GET / 200 in 44ms
 GET /api/auth/session 200 in 56ms
 GET /login?_rsc=1ebxd 200 in 34ms
 GET /api/auth/session 200 in 47ms
 GET / 200 in 43ms
 GET /api/auth/providers 200 in 37ms
 GET /api/auth/csrf 200 in 38ms
 POST /api/auth/callback/credentials 200 in 420ms
 GET /api/auth/session 200 in 39ms
 GET /dashboard?_rsc=3y0gy 200 in 33ms
 GET /api/leave-requests 200 in 45ms
 ✓ Compiled /api/employees in 341ms (705 modules)
 GET /api/employees 200 in 518ms
 GET /api/leave-requests 200 in 204ms
 GET /api/employees 200 in 33ms
 ✓ Compiled /admin/employees in 209ms (763 modules)
 GET /admin/employees?_rsc=czupt 200 in 43ms
 GET /api/employees 200 in 120ms
 GET /api/employees 200 in 36ms
 ✓ Compiled /api/employees/[id] in 242ms (758 modules)
 DELETE /api/employees/cmef49zrw000vwqpx5zq4hvxs 200 in 417ms
 GET / 200 in 59ms
 GET / 200 in 39ms
 GET /api/auth/csrf 200 in 49ms
 POST /api/auth/signout 200 in 28ms
 GET / 200 in 48ms
 ✓ Compiled in 341ms (510 modules)
 ✓ Compiled in 834ms (455 modules)
 ✓ Compiled in 25ms
 ✓ Compiled in 296ms (455 modules)
 ✓ Compiled in 326ms (455 modules)
 ✓ Compiled in 302ms (455 modules)
[?25h
