  ▲ Next.js 14.2.28
  - Local:        http://localhost:3000
  - Environments: .env
  - Experiments (use with caution):
    · outputFileTracingRoot

 ✓ Starting...
 ✓ Ready in 1626ms
 ○ Compiling / ...
 ✓ Compiled / in 2.4s (784 modules)
 GET / 200 in 2876ms
 ✓ Compiled in 505ms (280 modules)
 GET / 200 in 46ms
 ○ Compiling /api/auth/[...nextauth] ...
 ✓ Compiled /api/auth/[...nextauth] in 1128ms (895 modules)
 GET /login?_rsc=1ebxd 200 in 33ms
 GET /api/auth/session 200 in 1615ms
 GET /api/auth/session 200 in 37ms
 GET / 200 in 73ms
 GET / 200 in 36ms
 GET / 200 in 37ms
 GET /api/auth/session 200 in 51ms
 GET /login?_rsc=1ebxd 200 in 32ms
 GET /api/auth/session 200 in 35ms
 GET / 200 in 37ms
 GET / 200 in 46ms
 GET / 200 in 43ms
 GET / 200 in 34ms
 GET / 200 in 34ms
 ✓ Compiled in 393ms (331 modules)
 ✓ Compiled in 311ms (331 modules)
 ✓ Compiled in 252ms (331 modules)
 ✓ Compiled in 351ms (331 modules)
 ✓ Compiled in 256ms (331 modules)
 ✓ Compiled in 291ms (331 modules)
 ✓ Compiled in 234ms (331 modules)
 ✓ Compiled in 287ms (331 modules)
 ✓ Compiled in 228ms (331 modules)
 ✓ Compiled in 249ms (331 modules)
 ✓ Compiled in 278ms (331 modules)
 ✓ Compiled in 256ms (331 modules)
 ✓ Compiled in 289ms (331 modules)
 ✓ Compiled in 228ms (331 modules)
 ✓ Compiled in 236ms (331 modules)
 ✓ Compiled in 224ms (331 modules)
 ✓ Compiled in 253ms (331 modules)
 ✓ Compiled in 226ms (331 modules)
 ✓ Compiled in 285ms (331 modules)
 ✓ Compiled in 250ms (331 modules)
[?25h
