  ▲ Next.js 14.2.28
  - Local:        http://localhost:3000
  - Environments: .env
  - Experiments (use with caution):
    · outputFileTracingRoot

 ✓ Starting...
 ✓ Ready in 1856ms
 ○ Compiling / ...
 ✓ Compiled / in 2.9s (791 modules)
 GET / 200 in 3323ms
 ✓ Compiled in 488ms (280 modules)
 GET / 200 in 49ms
 ○ Compiling /api/auth/[...nextauth] ...
 ✓ Compiled /api/auth/[...nextauth] in 972ms (895 modules)
 GET /login?_rsc=1ebxd 200 in 32ms
 GET /api/auth/session 200 in 1409ms
 GET /api/auth/session 200 in 39ms
 GET /api/auth/session 200 in 23ms
 GET /api/auth/session 200 in 24ms
 GET /api/auth/session 200 in 24ms
 GET /api/auth/session 200 in 23ms
 GET /api/auth/session 200 in 23ms
 GET /api/auth/session 200 in 37ms
 GET /api/auth/session 200 in 25ms
 POST /api/auth/callback/credentials 302 in 34ms
 ✓ Compiled /api/employees in 290ms (602 modules)
 GET /api/employees 401 in 389ms
 ✓ Compiled /api/areas in 173ms (604 modules)
 GET /api/areas 401 in 223ms
[?25h
