  ▲ Next.js 14.2.28
  - Local:        http://localhost:3000
  - Environments: .env
  - Experiments (use with caution):
    · outputFileTracingRoot

 ✓ Starting...
 ✓ Ready in 2.1s
 ○ Compiling / ...
 ✓ Compiled / in 3.2s (791 modules)
 GET / 200 in 3719ms
 ✓ Compiled in 498ms (280 modules)
 ✓ Compiled /api/auth/[...nextauth] in 249ms (510 modules)
 GET /api/auth/providers 200 in 666ms
 GET / 200 in 85ms
 ○ Compiling /login ...
 ✓ Compiled /login in 929ms (895 modules)
 GET /api/auth/session 200 in 1072ms
 GET /api/auth/session 200 in 25ms
 GET /login?_rsc=1ebxd 200 in 31ms
 GET /api/auth/csrf 200 in 37ms
 ✓ Compiled /api/signup in 264ms (602 modules)
 POST /api/signup 201 in 792ms
 GET / 200 in 83ms
 GET /api/auth/csrf 200 in 41ms
 POST /api/auth/callback/credentials 302 in 418ms
 ○ Compiling /dashboard ...
 ✓ Compiled /dashboard in 674ms (1014 modules)
 GET /dashboard 200 in 833ms
 GET / 200 in 55ms
 GET /dashboard 200 in 53ms
 ✓ Compiled /api/employees in 375ms (698 modules)
 ✓ Compiled (700 modules)
 GET /api/auth/session 200 in 673ms
 GET /api/leave-requests 200 in 753ms
 GET /api/auth/session 200 in 33ms
 GET /api/employees 200 in 764ms
 GET /dashboard?_rsc=3y0gy 200 in 44ms
 GET /api/leave-requests 200 in 77ms
 GET /api/auth/session 200 in 100ms
 GET /api/employees 200 in 109ms
 GET /api/auth/session 200 in 33ms
 GET /api/leave-requests 200 in 29ms
 GET /api/employees 200 in 40ms
 GET /api/auth/session 200 in 38ms
 GET /api/leave-requests 200 in 49ms
 GET /api/employees 200 in 39ms
 ○ Compiling /admin/employees ...
 ✓ Compiled /admin/employees in 1886ms (1276 modules)
 GET /admin/requests 200 in 2137ms
 GET /admin/employees/new 200 in 2127ms
 GET /admin/areas 200 in 2131ms
 GET /admin/employees 200 in 2128ms
 GET /requests 200 in 2142ms
 GET /admin/requests/cmef4pw3h0001wqewf4gh28ux 200 in 2820ms
 GET /admin/requests/cmef49zs3000zwqpxi5qi4jau 200 in 2820ms
 GET /admin/requests/cmef49zsb0015wqpxkq96cqe1 200 in 2819ms
 GET /api/auth/session 200 in 114ms
 GET /api/leave-requests 200 in 304ms
 GET /api/employees 200 in 253ms
 ○ Compiling /api/areas ...
 ✓ Compiled /api/areas in 550ms (817 modules)
 GET /api/auth/session 200 in 972ms
 GET /api/auth/session 200 in 39ms
 GET /api/leave-requests 200 in 907ms
 GET /api/areas 200 in 1157ms
 GET /api/leave-requests?requestId=cmef4pw3h0001wqewf4gh28ux 200 in 867ms
 GET /api/leave-requests?requestId=cmef49zs3000zwqpxi5qi4jau 200 in 788ms
 GET /api/leave-requests?requestId=cmef49zsb0015wqpxkq96cqe1 200 in 425ms
 GET /api/employees 200 in 897ms
 GET /api/auth/session 200 in 57ms
 GET /api/leave-requests 200 in 94ms
 GET /api/leave-requests?requestId=cmef49zs3000zwqpxi5qi4jau 200 in 80ms
 GET /api/areas 200 in 109ms
 GET /api/leave-requests?requestId=cmef49zsb0015wqpxkq96cqe1 200 in 94ms
 GET /api/leave-requests?requestId=cmef4pw3h0001wqewf4gh28ux 200 in 87ms
 GET /api/auth/session 200 in 95ms
 GET /api/leave-requests 200 in 63ms
 GET /api/areas 200 in 54ms
 GET /api/auth/session 200 in 81ms
 GET /api/areas 200 in 39ms
 GET /api/auth/session 200 in 31ms
 GET /api/auth/session 200 in 28ms
 GET /api/auth/session 200 in 30ms
 GET /api/auth/session 200 in 25ms
 GET /api/auth/session 200 in 24ms
 GET /api/auth/session 200 in 53ms
 GET /api/auth/session 200 in 23ms
 GET /api/auth/session 200 in 33ms
 GET /api/auth/session 200 in 22ms
 GET /api/auth/session 200 in 46ms
 GET /api/auth/session 200 in 44ms
 GET /api/auth/session 200 in 63ms
 GET /api/auth/session 200 in 64ms
 GET /api/auth/session 200 in 63ms
 GET /api/auth/session 200 in 63ms
 GET /api/auth/session 200 in 62ms
 GET /api/auth/session 200 in 55ms
 ○ Compiling /admin/employees/[id]/edit ...
 ✓ Compiled /admin/employees/[id]/edit in 1084ms (1298 modules)
 GET /requests/new 200 in 1243ms
 GET /admin/employees/cmef49zrm000pwqpxq0qgwfbd/edit 200 in 1724ms
 GET /admin/employees/cmef49zqy000awqpxv8737i5u/edit 200 in 1721ms
 GET /admin/employees/cmef49zqr0007wqpxzocduw6j/edit 200 in 1718ms
 GET /admin/employees/cmef49zr3000dwqpx40afm59k/edit 200 in 1730ms
 GET /admin/employees/cmef49zrd000jwqpx8v5270uc/edit 200 in 1742ms
 GET /admin/employees/cmef49zri000mwqpx92pk0oo0/edit 200 in 1747ms
 GET /admin/employees/cmef49zr8000gwqpxzhx359c9/edit 200 in 1757ms
 ○ Compiling /api/employees/me ...
 ✓ Compiled /api/employees/me in 720ms (832 modules)
 ✓ Compiled in 0ms (832 modules)
 ✓ Compiled in 0ms (832 modules)
 ✓ Compiled in 1ms (832 modules)
 GET /api/auth/session 200 in 2272ms
 GET /api/employees/me 200 in 2417ms
 ✓ Compiled in 0ms (832 modules)
 GET /api/areas 200 in 1800ms
 ✓ Compiled /api/employees/[id] in 0ms (832 modules)
 GET /api/auth/session 200 in 1266ms
 ✓ Compiled in 0ms (834 modules)
 ✓ Compiled in 1ms (834 modules)
 ✓ Compiled in 0ms (834 modules)
 GET /api/areas 200 in 1346ms
 ✓ Compiled in 1ms (834 modules)
 GET /api/auth/session 200 in 1323ms
 ✓ Compiled in 1ms (834 modules)
 GET /api/employees/cmef49zqr0007wqpxzocduw6j 200 in 2019ms
 GET /api/areas 200 in 1230ms
 ✓ Compiled in 1ms (834 modules)
 GET /api/auth/session 200 in 1472ms
 ✓ Compiled in 0ms (834 modules)
 ✓ Compiled in 0ms (834 modules)
 GET /api/employees/cmef49zr8000gwqpxzhx359c9 200 in 827ms
 ✓ Compiled in 0ms (834 modules)
 GET /api/areas 200 in 1161ms
 ✓ Compiled in 0ms (834 modules)
 GET /api/auth/session 200 in 1199ms
 ✓ Compiled in 0ms (834 modules)
 ✓ Compiled in 0ms (834 modules)
 GET /api/auth/session 200 in 730ms
 ✓ Compiled in 0ms (834 modules)
 GET /api/areas 200 in 1152ms
 ✓ Compiled in 0ms (834 modules)
 ✓ Compiled in 0ms (834 modules)
 ✓ Compiled in 0ms (834 modules)
 GET /api/auth/session 200 in 1125ms
 ✓ Compiled in 0ms (834 modules)
 GET /api/areas 200 in 1004ms
 GET /api/areas 200 in 1192ms
 GET /api/employees/cmef49zqy000awqpxv8737i5u 200 in 1176ms
 ✓ Compiled in 0ms (834 modules)
 GET /api/auth/session 200 in 1238ms
 ✓ Compiled in 0ms (834 modules)
 ✓ Compiled in 0ms (834 modules)
 GET /api/employees/cmef49zri000mwqpx92pk0oo0 200 in 861ms
 ✓ Compiled in 0ms (834 modules)
 GET /api/areas 200 in 1197ms
 ✓ Compiled in 0ms (834 modules)
 GET /api/auth/session 200 in 1204ms
 ✓ Compiled in 1ms (834 modules)
 GET /api/areas 200 in 1101ms
 ✓ Compiled in 1ms (834 modules)
 GET /api/auth/session 200 in 1299ms
 ✓ Compiled in 0ms (834 modules)
 ✓ Compiled in 0ms (834 modules)
 ✓ Compiled in 0ms (834 modules)
 GET /api/areas 200 in 1219ms
 GET /api/employees/cmef49zrm000pwqpxq0qgwfbd 200 in 1194ms
 ✓ Compiled in 1ms (834 modules)
 GET /api/auth/session 200 in 1271ms
 ✓ Compiled in 1ms (834 modules)
 ✓ Compiled in 1ms (834 modules)
 GET /api/auth/session 200 in 942ms
 ✓ Compiled in 0ms (834 modules)
 GET /api/areas 200 in 1389ms
 GET /api/auth/session 200 in 548ms
 GET /api/auth/session 200 in 29ms
 GET /api/areas 200 in 241ms
 GET /api/auth/session 200 in 37ms
 GET /api/employees/cmef49zrd000jwqpx8v5270uc 200 in 231ms
 GET /api/areas 200 in 37ms
 GET /api/employees/cmef49zrd000jwqpx8v5270uc 200 in 51ms
 GET /api/auth/session 200 in 54ms
 GET /api/areas 200 in 38ms
 GET /api/employees/cmef49zr3000dwqpx40afm59k 200 in 61ms
 GET /api/auth/session 200 in 47ms
 GET /api/employees/cmef49zr3000dwqpx40afm59k 200 in 70ms
 GET /api/auth/session 200 in 68ms
 GET /api/auth/session 200 in 24ms
 GET /api/auth/session 200 in 23ms
 GET /api/auth/session 200 in 25ms
[?25h
