  ▲ Next.js 14.2.28
  - Local:        http://localhost:3000
  - Environments: .env
  - Experiments (use with caution):
    · outputFileTracingRoot

 ✓ Starting...
 ✓ Ready in 1893ms
 ○ Compiling / ...
 ✓ Compiled / in 2.5s (791 modules)
 GET / 200 in 2920ms
 ✓ Compiled in 467ms (280 modules)
 GET / 200 in 50ms
 ○ Compiling /api/auth/[...nextauth] ...
 ✓ Compiled /api/auth/[...nextauth] in 2.1s (926 modules)
 GET /api/auth/session 200 in 2551ms
 GET /dashboard?_rsc=3y0gy 200 in 30ms
 GET /api/auth/session 200 in 39ms
 ✓ Compiled /api/employees in 239ms (613 modules)
 ✓ Compiled (615 modules)
 GET /api/employees 200 in 580ms
 GET /api/leave-requests 200 in 592ms
 GET /api/employees 200 in 28ms
 GET /api/leave-requests 200 in 26ms
 ✓ Compiled in 157ms (615 modules)
 GET / 200 in 91ms
 GET / 200 in 35ms
 GET / 200 in 36ms
 GET /api/auth/session 200 in 59ms
 GET /dashboard?_rsc=3y0gy 200 in 26ms
 GET /api/auth/session 200 in 25ms
 GET /api/leave-requests 200 in 130ms
 GET /api/employees 200 in 144ms
 GET /api/leave-requests 200 in 27ms
 GET /api/employees 200 in 23ms
 ○ Compiling /admin/areas ...
 ✓ Compiled /admin/areas in 1114ms (1092 modules)
 GET / 200 in 651ms
 ✓ Compiled /api/areas in 157ms (687 modules)
 GET /api/areas 200 in 292ms
 GET /api/areas 200 in 26ms
 GET /dashboard?_rsc=1gtj6 200 in 30ms
 GET /api/employees 200 in 131ms
 GET /api/leave-requests 200 in 137ms
 GET /api/employees 200 in 34ms
 GET /api/leave-requests 200 in 37ms
 GET / 200 in 49ms
 GET / 200 in 33ms
 GET / 200 in 37ms
 GET / 200 in 35ms
 GET / 200 in 38ms
 GET / 200 in 41ms
 ○ Compiling /admin/employees ...
 ✓ Compiled /admin/employees in 633ms (988 modules)
 GET /admin/employees?_rsc=irjql 200 in 52ms
 ✓ Compiled /api/employees in 134ms (603 modules)
 GET /api/employees 200 in 299ms
 GET /api/employees 200 in 31ms
 GET / 200 in 67ms
[?25h
